


materialPath: D:\Games\Steam\steamapps\common\SourceFilmmaker\game\usermod\materials
Loading D:\Work\Emesis-Blue\maps\2fort_eb\2fort_eb_v061.vmf
Could not locate 'GameData' key in d:\games\steam\steamapps\common\sourcefilmmaker\game\usermod\gameinfo.txt
Patching WVT material: maps/2fort_eb_v061/nature/blendgroundtogravel001_wvt_patch
Patching WVT material: maps/2fort_eb_v061/nature/blendgroundtograss001_wvt_patch
Patching WVT material: maps/2fort_eb_v061/nature/blendgroundtograss003_nodetail_wvt_patch
Patching WVT material: maps/2fort_eb_v061/nature/blendgroundtograss003_wvt_patch
fixing up env_cubemap materials on brush sides...
0...1...2...3...4...5...6...7...8...9...100...1...2...3...4...5...6...7...8...9...10Processing areas...done (0)
Building Faces...done (0)
Chop Details...done (0)
Find Visible Detail Sides...
Merged 684 detail faces...done (0)
Merging details...done (0)
FixTjuncs...
PruneNodes...
WriteBSP...
done (0)
writing D:\Work\Emesis-Blue\maps\2fort_eb\2fort_eb_v061.prt...Building visibility clusters...
done (0)
Finding displacement neighbors...
Finding lightmap sample positions...
Displacement Alpha : 0...1...2...3...4...5...6...7...8...9...10
Building Physics collision data...
done (1) (1028348 bytes)
Placing detail props : 0...1...2...3...4...5...6...7...8...9...10
Compacting texture/material tables...
Reduced 3554 texinfos to 2821
Reduced 222 texdatas to 197 (7669 bytes to 6640)
Writing D:\Work\Emesis-Blue\maps\2fort_eb\2fort_eb_v061.bsp
12 seconds elapsed



4 threads
reading d:\work\emesis-blue\maps\2fort_eb\2fort_eb_v061.bsp
reading d:\work\emesis-blue\maps\2fort_eb\2fort_eb_v061.prt
1304 portalclusters
3244 numportals
0...1...2...3...4...5...6...7...8...9...100...1...2...3...4...5...6...7...8...9...10Optimized: 1861 visible clusters (0.00%)
Total clusters visible: 202584
Average clusters visible: 155
Building PAS...
Average clusters audible: 530
visdatasize:234168  compressed from 438144
writing d:\work\emesis-blue\maps\2fort_eb\2fort_eb_v061.bsp
12 seconds elapsed



[Reading texlights from 'lights.rad']
[34 texlights parsed from 'lights.rad']

Loading d:\work\emesis-blue\maps\2fort_eb\2fort_eb_v061.bsp
Patch Sample Radius Clamped!
Patch Sample Radius Clamped!
8178 faces
9 degenerate faces
1252832 square feet [180407808.00 square inches]
159 Displacements
196835 Square Feet [28344268.00 Square Inches]
8169 patches before subdivision
129347 patches after subdivision
32 direct lights
0...1...2...3...4...5...6...7...8...9...100...1...2...3...4...5...6...7...8...9...10transfers 11544540, max 532
transfer lists:  88.1 megs
0...1...2...3...4...5...6...7...8...9...10	Bounce #1 added RGB(2036, 1677, 1459)
0...1...2...3...4...5...6...7...8...9...10	Bounce #2 added RGB(469, 323, 231)
0...1...2...3...4...5...6...7...8...9...10	Bounce #3 added RGB(130, 76, 47)
0...1...2...3...4...5...6...7...8...9...10	Bounce #4 added RGB(37, 19, 10)
0...1...2...3...4...5...6...7...8...9...10	Bounce #5 added RGB(12, 5, 2)
0...1...2...3...4...5...6...7...8...9...10	Bounce #6 added RGB(4, 1, 1)
0...1...2...3...4...5...6...7...8...9...10	Bounce #7 added RGB(1, 0, 0)
0...1...2...3...4...5...6...7...8...9...10	Bounce #8 added RGB(0, 0, 0)
Build Patch/Sample Hash Table(s).....Done<0.0536 sec>
0...1...2...3...4...5...6...7...8...9...10FinalLightFace Done
Computing detail prop lighting : 0...1...2...3...4...5...6...7...8...9...10
30 of 32 (93% of) surface lights went in leaf ambient cubes.
0...1...2...3...4...5...6...7...8...9...10Writing leaf ambient...done
Ready to Finish

Object names       Objects/Maxobjs  Memory / Maxmem  Fullness 
------------       ---------------  ---------------  -------- 
models                  49/1024         2352/49152    ( 4.8%) 
brushes               2786/8192        33432/98304    (34.0%) 
brushsides           20003/65536      160024/524288   (30.5%) 
planes                9734/65536      194680/1310720  (14.9%) 
vertexes             15094/65536      181128/786432   (23.0%) 
nodes                 3872/65536      123904/2097152  ( 5.9%) 
texinfos              2821/12288      203112/884736   (23.0%) 
texdata                197/2048         6304/65536    ( 9.6%) 
dispinfos              159/0           27984/0        ( 0.0%) 
disp_verts            8919/0          178380/0        ( 0.0%) 
disp_tris            13728/0           27456/0        ( 0.0%) 
disp_multiblend          0/0               0/0        ( 0.0%) 
disp_lmsamples      485826/0          485826/0        ( 0.0%) 
faces                 8178/65536      457968/3670016  (12.5%) 
hdr faces             8178/65536      457968/3670016  (12.5%) 
origfaces             5674/65536      317744/3670016  ( 8.7%) 
leaves                3922/65536      125504/2097152  ( 6.0%) 
leaffaces            10149/65536       20298/131072   (15.5%) 
leafbrushes           6587/65536       13174/131072   (10.1%) 
areas                    3/256            24/2048     ( 1.2%) 
surfedges            62166/512000     248664/2048000  (12.1%) 
edges                39197/256000     156788/1024000  (15.3%) 
LDR worldlights          0/8192            0/819200   ( 0.0%) 
HDR worldlights         32/8192         3200/819200   ( 0.4%) 
leafwaterdata            6/32768          72/393216   ( 0.0%) 
waterstrips            869/32768        8690/327680   ( 2.7%) 
waterverts               0/65536           0/786432   ( 0.0%) 
waterindices         16416/65536       32832/131072   (25.0%) 
cubemapsamples          48/1024          768/16384    ( 4.7%) 
overlays               149/1024        52448/360448   (14.6%) 
LDR lightdata         [variable]           0/0        ( 0.0%) 
HDR lightdata         [variable]     4992712/0        ( 0.0%) 
visdata               [variable]      234168/16777216 ( 1.4%) 
entdata               [variable]       89516/393216   (22.8%) 
LDR ambient table     3922/65536       15688/262144   ( 6.0%) 
HDR ambient table     3922/65536       15688/262144   ( 6.0%) 
LDR leaf ambient      3922/65536      109816/1835008  ( 6.0%) 
HDR leaf ambient      2327/65536       65156/1835008  ( 3.6%) 
occluders                0/0               0/0        ( 0.0%) 
occluder polygons        0/0               0/0        ( 0.0%) 
occluder vert ind        0/0               0/0        ( 0.0%) 
Prop Hull Verts          0/0               0/0        ( 0.0%) 
Prop Hull Blob           0/0               0/0        ( 0.0%) 
Prop Hull Lists          0/0               0/0        ( 0.0%) 
Prop Hulls               0/0               0/0        ( 0.0%) 
Prop Hull trilist        0/0               0/0        ( 0.0%) 
detail props          [variable]           1/85692    ( 0.0%) 
dtl prp lght          [variable]           1/4        (25.0%) 
HDR dtl prp lght      [variable]           1/4        (25.0%) 
static props          [variable]           1/120370   ( 0.0%) 
pakfile               [variable]     3676641/0        ( 0.0%) 
physics               [variable]     1028348/4194304  (24.5%) 
physics terrain       [variable]       35745/1048576  ( 3.4%) 

Level flags = 0

Total triangle count: 23198
Writing d:\work\emesis-blue\maps\2fort_eb\2fort_eb_v061.bsp
33 seconds elapsed
