PRT1
388
1053
4 0 4 (1824 1024 48 ) (1824 1024 560 ) (1024 1024 560 ) (1024 1024 48 ) 
4 0 2 (1024 1024 48 ) (1024 1024 560 ) (1024 1872 560 ) (1024 1872 48 ) 
4 0 1 (1024 1024 48 ) (1024 1856 48 ) (1760 1856 48 ) (1760 1024 48 ) 
4 1 5 (1760 1024 48 ) (1024 1024 48 ) (1024 1024 -80 ) (1760 1024 -80 ) 
4 1 3 (1024 1024 -80 ) (1024 1024 48 ) (1024 1856 48 ) (1024 1856 -80 ) 
4 2 15 (1024 1024 48 ) (1024 1024 128 ) (768 1024 128 ) (768 1024 48 ) 
4 2 14 (1024 1024 128 ) (1024 1024 560 ) (768 1024 560 ) (768 1024 128 ) 
4 2 3 (1024 1024 48 ) (832 1024 48 ) (832 1856 48 ) (1024 1856 48 ) 
4 3 25 (904 1024 0 ) (832 1024 0 ) (832 1024 -80 ) (904 1024 -80 ) 
4 3 24 (1024 1024 -80 ) (1024 1024 0 ) (904 1024 0 ) (904 1024 -80 ) 
4 3 19 (904 1024 48 ) (832 1024 48 ) (832 1024 0 ) (904 1024 0 ) 
4 3 18 (1024 1024 0 ) (1024 1024 48 ) (904 1024 48 ) (904 1024 0 ) 
4 4 15 (1024 1024 128 ) (1024 1024 48 ) (1024 976 48 ) (1024 976 128 ) 
4 4 14 (1024 1024 560 ) (1024 1024 128 ) (1024 976 128 ) (1024 976 560 ) 
4 4 6 (1320 976 352 ) (1320 976 384 ) (1256 976 384 ) (1256 976 352 ) 
4 4 5 (1024 1024 48 ) (1760 1024 48 ) (1760 976 48 ) (1024 976 48 ) 
4 5 24 (1024 1024 0 ) (1024 1024 -80 ) (1024 976 -80 ) (1024 976 0 ) 
4 5 18 (1024 1024 48 ) (1024 1024 0 ) (1024 976 0 ) (1024 976 48 ) 
4 5 7 (1560 976 -80 ) (1688 976 -80 ) (1688 976 48 ) (1560 976 48 ) 
4 5 8 (1024 976 48 ) (1024 976 -80 ) (1032 976 -80 ) (1032 976 48 ) 
4 7 9 (1688 968 48 ) (1560 968 48 ) (1560 968 -80 ) (1688 968 -80 ) 
4 8 24 (1024 968 -80 ) (1024 968 0 ) (1024 976 0 ) (1024 976 -80 ) 
4 8 18 (1024 968 0 ) (1024 968 48 ) (1024 976 48 ) (1024 976 0 ) 
4 8 10 (1032 968 48 ) (1024 968 48 ) (1024 968 -80 ) (1032 968 -80 ) 
4 10 24 (1024 720 -80 ) (1024 720 0 ) (1024 968 0 ) (1024 968 -80 ) 
4 10 18 (1024 720 0 ) (1024 720 48 ) (1024 968 48 ) (1024 968 0 ) 
4 11 12 (1312 128 0 ) (1312 0 0 ) (1312 0 32 ) (1312 128 32 ) 
4 12 13 (1310 128 0 ) (1310 0 0 ) (1310 0 32 ) (1310 128 32 ) 
4 13 63 (1088 0 128 ) (1024 0 128 ) (1024 0 0 ) (1088 0 0 ) 
4 13 20 (1024 0 0 ) (1024 0 48 ) (1024 128 48 ) (1024 128 0 ) 
4 13 16 (1024 0 48 ) (1024 0 128 ) (1024 128 128 ) (1024 128 48 ) 
4 14 15 (768 1024 128 ) (1024 1024 128 ) (1024 976 128 ) (768 976 128 ) 
4 15 19 (832 1024 48 ) (904 1024 48 ) (904 976 48 ) (832 976 48 ) 
4 15 18 (904 1024 48 ) (1024 1024 48 ) (1024 976 48 ) (904 976 48 ) 
4 16 104 (1024 0 48 ) (1024 0 128 ) (960 0 128 ) (960 0 48 ) 
4 16 20 (1024 0 48 ) (738 0 48 ) (738 128 48 ) (1024 128 48 ) 
4 17 22 (736 0 48 ) (704 0 48 ) (704 128 48 ) (736 128 48 ) 
4 18 24 (904 1024 0 ) (1024 1024 0 ) (1024 720 0 ) (904 720 0 ) 
4 18 19 (904 1024 0 ) (904 976 0 ) (904 976 48 ) (904 1024 48 ) 
4 19 25 (832 1024 0 ) (904 1024 0 ) (904 976 0 ) (832 976 0 ) 
4 20 104 (1024 0 0 ) (1024 0 48 ) (960 0 48 ) (960 0 0 ) 
4 20 21 (738 128 32 ) (738 128 0 ) (738 0 0 ) (738 0 32 ) 
4 21 22 (736 128 32 ) (736 128 0 ) (736 0 0 ) (736 0 32 ) 
4 23 241 (0 0 0 ) (0 0 128 ) (0 256 128 ) (0 256 0 ) 
4 23 121 (272 0 128 ) (256 0 128 ) (256 0 0 ) (272 0 0 ) 
4 23 120 (384 0 128 ) (272 0 128 ) (272 0 0 ) (384 0 0 ) 
4 23 122 (256 0 128 ) (0 0 128 ) (0 0 0 ) (256 0 0 ) 
4 24 25 (904 1024 -80 ) (904 976 -80 ) (904 976 0 ) (904 1024 0 ) 
4 26 52 (2252 -1024 256 ) (2252 -1024 128 ) (2572 -1024 128 ) (2572 -1024 256 ) 
4 26 46 (2252 -972 128 ) (2252 -916 128 ) (2572 -916 128 ) (2572 -972 128 ) 
4 26 45 (2252 -916 128 ) (2252 -912 128 ) (2572 -912 128 ) (2572 -916 128 ) 
4 26 50 (2572 -1024 128 ) (2252 -1024 128 ) (2252 -972 128 ) (2572 -972 128 ) 
4 26 41 (2252 -912 128 ) (2252 -856 128 ) (2572 -856 128 ) (2572 -912 128 ) 
4 26 40 (2252 -856 128 ) (2252 -768 128 ) (2572 -768 128 ) (2572 -856 128 ) 
4 26 35 (2252 -768 128 ) (2252 -712 128 ) (2572 -712 128 ) (2572 -768 128 ) 
4 26 34 (2252 -712 128 ) (2252 -640 128 ) (2572 -640 128 ) (2572 -712 128 ) 
4 27 53 (2252 -1024 256 ) (2252 -1024 952 ) (2244 -1024 952 ) (2244 -1024 256 ) 
4 27 28 (2244 -1024 952 ) (2244 -640 952 ) (2244 -640 256 ) (2244 -1024 256 ) 
4 28 59 (2048 -1024 128 ) (2048 -1024 952 ) (2048 -640 952 ) (2048 -640 128 ) 
4 28 54 (2048 -1024 952 ) (2048 -1024 128 ) (2244 -1024 128 ) (2244 -1024 952 ) 
4 28 48 (2240 -916 128 ) (2244 -916 128 ) (2244 -972 128 ) (2240 -972 128 ) 
4 28 49 (2048 -972 128 ) (2048 -916 128 ) (2240 -916 128 ) (2240 -972 128 ) 
4 28 45 (2048 -916 128 ) (2048 -912 128 ) (2244 -912 128 ) (2244 -916 128 ) 
4 28 50 (2244 -1024 128 ) (2048 -1024 128 ) (2048 -972 128 ) (2244 -972 128 ) 
4 28 43 (2240 -856 128 ) (2244 -856 128 ) (2244 -912 128 ) (2240 -912 128 ) 
4 28 44 (2048 -912 128 ) (2048 -856 128 ) (2240 -856 128 ) (2240 -912 128 ) 
4 28 40 (2048 -856 128 ) (2048 -768 128 ) (2244 -768 128 ) (2244 -856 128 ) 
4 28 37 (2240 -712 128 ) (2244 -712 128 ) (2244 -768 128 ) (2240 -768 128 ) 
4 28 38 (2048 -768 128 ) (2048 -712 128 ) (2240 -712 128 ) (2240 -768 128 ) 
4 28 34 (2048 -712 128 ) (2048 -640 128 ) (2244 -640 128 ) (2244 -712 128 ) 
4 29 30 (2648 -720 16 ) (2648 -720 0 ) (2648 -784 0 ) (2648 -784 16 ) 
4 30 31 (2644 -720 16 ) (2644 -720 0 ) (2644 -784 0 ) (2644 -784 16 ) 
4 31 32 (2632 -724 0 ) (2632 -780 0 ) (2632 -780 112 ) (2632 -724 112 ) 
4 32 33 (2616 -724 0 ) (2616 -780 0 ) (2616 -780 112 ) (2616 -724 112 ) 
4 33 40 (2572 -784 20 ) (2572 -784 128 ) (2572 -768 128 ) (2572 -768 20 ) 
4 33 51 (2572 -768 0 ) (2572 -784 0 ) (2572 -784 20 ) (2572 -768 20 ) 
4 33 35 (2572 -768 8 ) (2572 -768 128 ) (2572 -720 128 ) (2572 -720 8 ) 
4 33 39 (2572 -720 0 ) (2572 -768 0 ) (2572 -768 8 ) (2572 -720 8 ) 
4 34 68 (2048 -712 128 ) (2048 -640 128 ) (2048 -640 0 ) (2048 -712 0 ) 
4 34 37 (2244 -712 128 ) (2240 -712 128 ) (2240 -712 8 ) (2244 -712 8 ) 
4 34 36 (2248 -712 128 ) (2244 -712 128 ) (2244 -712 8 ) (2248 -712 8 ) 
4 34 35 (2572 -712 8 ) (2572 -712 128 ) (2248 -712 128 ) (2248 -712 8 ) 
4 34 38 (2240 -712 128 ) (2048 -712 128 ) (2048 -712 8 ) (2240 -712 8 ) 
4 34 39 (2048 -712 0 ) (2572 -712 0 ) (2572 -712 8 ) (2048 -712 8 ) 
4 35 40 (2572 -768 20 ) (2572 -768 128 ) (2248 -768 128 ) (2248 -768 20 ) 
4 35 51 (2572 -768 8 ) (2572 -768 20 ) (2248 -768 20 ) (2248 -768 8 ) 
4 35 36 (2248 -712 128 ) (2248 -712 8 ) (2248 -768 8 ) (2248 -768 128 ) 
4 35 39 (2572 -768 8 ) (2248 -768 8 ) (2248 -712 8 ) (2572 -712 8 ) 
4 36 40 (2248 -768 128 ) (2244 -768 128 ) (2244 -768 20 ) (2248 -768 20 ) 
4 36 51 (2244 -768 20 ) (2244 -768 8 ) (2248 -768 8 ) (2248 -768 20 ) 
4 36 39 (2248 -768 8 ) (2244 -768 8 ) (2244 -712 8 ) (2248 -712 8 ) 
4 36 37 (2244 -712 128 ) (2244 -712 8 ) (2244 -768 8 ) (2244 -768 128 ) 
4 37 40 (2244 -768 128 ) (2240 -768 128 ) (2240 -768 20 ) (2244 -768 20 ) 
4 37 51 (2240 -768 20 ) (2240 -768 8 ) (2244 -768 8 ) (2244 -768 20 ) 
4 37 39 (2244 -768 8 ) (2240 -768 8 ) (2240 -712 8 ) (2244 -712 8 ) 
4 37 38 (2240 -712 128 ) (2240 -712 8 ) (2240 -768 8 ) (2240 -768 128 ) 
4 38 69 (2048 -768 128 ) (2048 -720 128 ) (2048 -720 8 ) (2048 -768 8 ) 
4 38 68 (2048 -720 128 ) (2048 -712 128 ) (2048 -712 8 ) (2048 -720 8 ) 
4 38 40 (2240 -768 128 ) (2048 -768 128 ) (2048 -768 20 ) (2240 -768 20 ) 
4 38 51 (2048 -768 20 ) (2048 -768 8 ) (2240 -768 8 ) (2240 -768 20 ) 
4 38 39 (2240 -768 8 ) (2048 -768 8 ) (2048 -712 8 ) (2240 -712 8 ) 
4 39 69 (2048 -720 0 ) (2048 -768 0 ) (2048 -768 8 ) (2048 -720 8 ) 
4 39 68 (2048 -712 8 ) (2048 -712 0 ) (2048 -720 0 ) (2048 -720 8 ) 
4 39 51 (2048 -768 0 ) (2572 -768 0 ) (2572 -768 8 ) (2048 -768 8 ) 
4 40 82 (2048 -856 128 ) (2048 -784 128 ) (2048 -784 20 ) (2048 -856 20 ) 
4 40 69 (2048 -784 128 ) (2048 -768 128 ) (2048 -768 20 ) (2048 -784 20 ) 
4 40 43 (2240 -856 20 ) (2244 -856 20 ) (2244 -856 128 ) (2240 -856 128 ) 
4 40 42 (2244 -856 20 ) (2248 -856 20 ) (2248 -856 128 ) (2244 -856 128 ) 
4 40 41 (2248 -856 20 ) (2572 -856 20 ) (2572 -856 128 ) (2248 -856 128 ) 
4 40 44 (2048 -856 20 ) (2240 -856 20 ) (2240 -856 128 ) (2048 -856 128 ) 
4 40 51 (2048 -768 20 ) (2572 -768 20 ) (2572 -856 20 ) (2048 -856 20 ) 
4 41 45 (2248 -912 20 ) (2572 -912 20 ) (2572 -912 128 ) (2248 -912 128 ) 
4 41 42 (2248 -856 128 ) (2248 -856 20 ) (2248 -912 20 ) (2248 -912 128 ) 
4 41 51 (2572 -856 20 ) (2572 -912 20 ) (2248 -912 20 ) (2248 -856 20 ) 
4 42 45 (2244 -912 20 ) (2248 -912 20 ) (2248 -912 128 ) (2244 -912 128 ) 
4 42 51 (2248 -912 20 ) (2244 -912 20 ) (2244 -856 20 ) (2248 -856 20 ) 
4 42 43 (2244 -856 128 ) (2244 -856 20 ) (2244 -912 20 ) (2244 -912 128 ) 
4 43 45 (2240 -912 20 ) (2244 -912 20 ) (2244 -912 128 ) (2240 -912 128 ) 
4 43 51 (2244 -912 20 ) (2240 -912 20 ) (2240 -856 20 ) (2244 -856 20 ) 
4 43 44 (2240 -856 128 ) (2240 -856 20 ) (2240 -912 20 ) (2240 -912 128 ) 
4 44 82 (2048 -912 128 ) (2048 -856 128 ) (2048 -856 20 ) (2048 -912 20 ) 
4 44 45 (2048 -912 20 ) (2240 -912 20 ) (2240 -912 128 ) (2048 -912 128 ) 
4 44 51 (2240 -912 20 ) (2048 -912 20 ) (2048 -856 20 ) (2240 -856 20 ) 
4 45 82 (2048 -916 128 ) (2048 -912 128 ) (2048 -912 20 ) (2048 -916 20 ) 
4 45 48 (2240 -916 20 ) (2244 -916 20 ) (2244 -916 128 ) (2240 -916 128 ) 
4 45 47 (2244 -916 20 ) (2248 -916 20 ) (2248 -916 128 ) (2244 -916 128 ) 
4 45 46 (2248 -916 20 ) (2572 -916 20 ) (2572 -916 128 ) (2248 -916 128 ) 
4 45 49 (2048 -916 20 ) (2240 -916 20 ) (2240 -916 128 ) (2048 -916 128 ) 
4 45 51 (2572 -912 20 ) (2572 -916 20 ) (2048 -916 20 ) (2048 -912 20 ) 
4 46 47 (2248 -916 128 ) (2248 -916 20 ) (2248 -972 20 ) (2248 -972 128 ) 
4 46 50 (2248 -972 20 ) (2572 -972 20 ) (2572 -972 128 ) (2248 -972 128 ) 
4 46 51 (2572 -916 20 ) (2572 -972 20 ) (2248 -972 20 ) (2248 -916 20 ) 
4 47 51 (2248 -972 20 ) (2244 -972 20 ) (2244 -916 20 ) (2248 -916 20 ) 
4 47 50 (2244 -972 20 ) (2248 -972 20 ) (2248 -972 128 ) (2244 -972 128 ) 
4 47 48 (2244 -916 128 ) (2244 -916 20 ) (2244 -972 20 ) (2244 -972 128 ) 
4 48 51 (2244 -972 20 ) (2240 -972 20 ) (2240 -916 20 ) (2244 -916 20 ) 
4 48 50 (2240 -972 20 ) (2244 -972 20 ) (2244 -972 128 ) (2240 -972 128 ) 
4 48 49 (2240 -916 128 ) (2240 -916 20 ) (2240 -972 20 ) (2240 -972 128 ) 
4 49 82 (2048 -972 128 ) (2048 -916 128 ) (2048 -916 20 ) (2048 -972 20 ) 
4 49 51 (2240 -972 20 ) (2048 -972 20 ) (2048 -916 20 ) (2240 -916 20 ) 
4 49 50 (2048 -972 20 ) (2240 -972 20 ) (2240 -972 128 ) (2048 -972 128 ) 
4 50 82 (2048 -1024 20 ) (2048 -1024 128 ) (2048 -972 128 ) (2048 -972 20 ) 
4 50 55 (2252 -1024 128 ) (2048 -1024 128 ) (2048 -1024 20 ) (2252 -1024 20 ) 
4 50 52 (2572 -1024 128 ) (2252 -1024 128 ) (2252 -1024 20 ) (2572 -1024 20 ) 
4 50 51 (2572 -972 20 ) (2572 -1024 20 ) (2048 -1024 20 ) (2048 -972 20 ) 
4 51 82 (2048 -1024 0 ) (2048 -1024 20 ) (2048 -784 20 ) (2048 -784 0 ) 
4 51 69 (2048 -784 20 ) (2048 -768 20 ) (2048 -768 0 ) (2048 -784 0 ) 
4 51 55 (2048 -1024 20 ) (2048 -1024 0 ) (2252 -1024 0 ) (2252 -1024 20 ) 
4 51 52 (2252 -1024 0 ) (2572 -1024 0 ) (2572 -1024 20 ) (2252 -1024 20 ) 
4 52 55 (2252 -1024 128 ) (2252 -1024 0 ) (2252 -1104 0 ) (2252 -1104 128 ) 
4 53 54 (2244 -1104 256 ) (2244 -1104 952 ) (2244 -1024 952 ) (2244 -1024 256 ) 
4 54 147 (2048 -1104 128 ) (2048 -1104 952 ) (2048 -1024 952 ) (2048 -1024 128 ) 
4 54 55 (2244 -1104 128 ) (2048 -1104 128 ) (2048 -1024 128 ) (2244 -1024 128 ) 
4 55 147 (2048 -1104 0 ) (2048 -1104 128 ) (2048 -1024 128 ) (2048 -1024 0 ) 
4 56 199 (2200 -2048 -480 ) (2048 -2048 -480 ) (2048 -2048 -816 ) (2200 -2048 -816 ) 
4 56 161 (2048 -2048 -816 ) (2048 -2048 -580 ) (2048 -1824 -580 ) (2048 -1824 -816 ) 
4 56 160 (2048 -2048 -580 ) (2048 -2048 -480 ) (2048 -1824 -480 ) (2048 -1824 -580 ) 
4 56 159 (2048 -1808 -740 ) (2048 -1808 -816 ) (2048 -1824 -816 ) (2048 -1824 -740 ) 
4 56 154 (2048 -1808 -580 ) (2048 -1808 -740 ) (2048 -1824 -740 ) (2048 -1824 -580 ) 
4 56 153 (2048 -1824 -480 ) (2048 -1808 -480 ) (2048 -1808 -580 ) (2048 -1824 -580 ) 
4 56 152 (2048 -1808 -480 ) (2048 -1676 -480 ) (2048 -1676 -816 ) (2048 -1808 -816 ) 
4 57 64 (1408 -64 128 ) (1408 -256 128 ) (1280 -256 128 ) (1280 -64 128 ) 
4 58 96 (1024 -64 128 ) (1024 -256 128 ) (1024 -256 176 ) (1024 -64 176 ) 
4 58 64 (1024 -256 128 ) (1024 -64 128 ) (1088 -64 128 ) (1088 -256 128 ) 
4 59 147 (2048 -1024 128 ) (2048 -1024 952 ) (1924 -1024 952 ) (1924 -1024 128 ) 
4 59 82 (2048 -1024 128 ) (1924 -1024 128 ) (1924 -784 128 ) (2048 -784 128 ) 
4 59 69 (1924 -784 128 ) (1924 -720 128 ) (2048 -720 128 ) (2048 -784 128 ) 
4 59 68 (1924 -720 128 ) (1924 -640 128 ) (2048 -640 128 ) (2048 -720 128 ) 
4 60 148 (1256 -1024 256 ) (1256 -1024 128 ) (1576 -1024 128 ) (1576 -1024 256 ) 
4 60 89 (1256 -972 128 ) (1256 -916 128 ) (1576 -916 128 ) (1576 -972 128 ) 
4 60 88 (1256 -916 128 ) (1256 -912 128 ) (1576 -912 128 ) (1576 -916 128 ) 
4 60 93 (1576 -1024 128 ) (1256 -1024 128 ) (1256 -972 128 ) (1576 -972 128 ) 
4 60 84 (1256 -912 128 ) (1256 -856 128 ) (1576 -856 128 ) (1576 -912 128 ) 
4 60 83 (1256 -856 128 ) (1256 -784 128 ) (1576 -784 128 ) (1576 -856 128 ) 
4 60 76 (1256 -768 128 ) (1256 -712 128 ) (1576 -712 128 ) (1576 -768 128 ) 
4 60 75 (1256 -712 128 ) (1256 -640 128 ) (1576 -640 128 ) (1576 -712 128 ) 
4 60 81 (1256 -784 128 ) (1256 -768 128 ) (1576 -768 128 ) (1576 -784 128 ) 
4 61 149 (1256 -1024 256 ) (1256 -1024 952 ) (1248 -1024 952 ) (1248 -1024 256 ) 
4 61 62 (1248 -1024 952 ) (1248 -640 952 ) (1248 -640 256 ) (1248 -1024 256 ) 
4 62 150 (1024 -1024 952 ) (1024 -1024 128 ) (1248 -1024 128 ) (1248 -1024 952 ) 
4 62 97 (1024 -1024 128 ) (1024 -1024 176 ) (1024 -640 176 ) (1024 -640 128 ) 
4 62 95 (1024 -1024 176 ) (1024 -1024 952 ) (1024 -640 952 ) (1024 -640 176 ) 
4 62 91 (1244 -916 128 ) (1248 -916 128 ) (1248 -972 128 ) (1244 -972 128 ) 
4 62 92 (1024 -972 128 ) (1024 -916 128 ) (1244 -916 128 ) (1244 -972 128 ) 
4 62 88 (1024 -916 128 ) (1024 -912 128 ) (1248 -912 128 ) (1248 -916 128 ) 
4 62 93 (1248 -1024 128 ) (1024 -1024 128 ) (1024 -972 128 ) (1248 -972 128 ) 
4 62 86 (1244 -856 128 ) (1248 -856 128 ) (1248 -912 128 ) (1244 -912 128 ) 
4 62 87 (1024 -912 128 ) (1024 -856 128 ) (1244 -856 128 ) (1244 -912 128 ) 
4 62 83 (1024 -856 128 ) (1024 -784 128 ) (1248 -784 128 ) (1248 -856 128 ) 
4 62 78 (1244 -712 128 ) (1248 -712 128 ) (1248 -768 128 ) (1244 -768 128 ) 
4 62 79 (1024 -768 128 ) (1024 -712 128 ) (1244 -712 128 ) (1244 -768 128 ) 
4 62 75 (1024 -712 128 ) (1024 -640 128 ) (1248 -640 128 ) (1248 -712 128 ) 
4 62 81 (1024 -784 128 ) (1024 -768 128 ) (1248 -768 128 ) (1248 -784 128 ) 
4 63 104 (1024 -32 128 ) (1024 0 128 ) (1024 0 0 ) (1024 -32 0 ) 
4 63 64 (1024 -32 0 ) (1088 -32 0 ) (1088 -32 128 ) (1024 -32 128 ) 
4 64 104 (1024 -288 128 ) (1024 -32 128 ) (1024 -32 0 ) (1024 -288 0 ) 
4 64 65 (1152 -288 0 ) (1216 -288 0 ) (1216 -288 128 ) (1152 -288 128 ) 
4 65 66 (1152 -416 16 ) (1152 -416 0 ) (1216 -416 0 ) (1216 -416 16 ) 
4 66 67 (1152 -420 16 ) (1152 -420 0 ) (1216 -420 0 ) (1216 -420 16 ) 
4 68 69 (1924 -720 0 ) (2048 -720 0 ) (2048 -720 128 ) (1924 -720 128 ) 
4 69 82 (1924 -784 0 ) (2048 -784 0 ) (2048 -784 128 ) (1924 -784 128 ) 
4 70 71 (1652 -720 16 ) (1652 -720 0 ) (1652 -784 0 ) (1652 -784 16 ) 
4 71 72 (1648 -720 16 ) (1648 -720 0 ) (1648 -784 0 ) (1648 -784 16 ) 
4 72 73 (1636 -724 0 ) (1636 -780 0 ) (1636 -780 112 ) (1636 -724 112 ) 
4 73 74 (1620 -724 0 ) (1620 -780 0 ) (1620 -780 112 ) (1620 -724 112 ) 
4 74 76 (1576 -768 8 ) (1576 -768 128 ) (1576 -720 128 ) (1576 -720 8 ) 
4 74 80 (1576 -720 0 ) (1576 -768 0 ) (1576 -768 8 ) (1576 -720 8 ) 
4 74 81 (1576 -768 0 ) (1576 -784 0 ) (1576 -784 128 ) (1576 -768 128 ) 
4 75 106 (1024 -712 128 ) (1024 -640 128 ) (1024 -640 0 ) (1024 -712 0 ) 
4 75 78 (1248 -712 128 ) (1244 -712 128 ) (1244 -712 8 ) (1248 -712 8 ) 
4 75 77 (1252 -712 128 ) (1248 -712 128 ) (1248 -712 8 ) (1252 -712 8 ) 
4 75 76 (1576 -712 8 ) (1576 -712 128 ) (1252 -712 128 ) (1252 -712 8 ) 
4 75 79 (1244 -712 128 ) (1024 -712 128 ) (1024 -712 8 ) (1244 -712 8 ) 
4 75 80 (1024 -712 0 ) (1576 -712 0 ) (1576 -712 8 ) (1024 -712 8 ) 
4 76 77 (1252 -712 128 ) (1252 -712 8 ) (1252 -768 8 ) (1252 -768 128 ) 
4 76 81 (1576 -768 8 ) (1576 -768 128 ) (1252 -768 128 ) (1252 -768 8 ) 
4 76 80 (1576 -768 8 ) (1252 -768 8 ) (1252 -712 8 ) (1576 -712 8 ) 
4 77 80 (1252 -768 8 ) (1248 -768 8 ) (1248 -712 8 ) (1252 -712 8 ) 
4 77 81 (1252 -768 128 ) (1248 -768 128 ) (1248 -768 8 ) (1252 -768 8 ) 
4 77 78 (1248 -712 128 ) (1248 -712 8 ) (1248 -768 8 ) (1248 -768 128 ) 
4 78 80 (1248 -768 8 ) (1244 -768 8 ) (1244 -712 8 ) (1248 -712 8 ) 
4 78 81 (1248 -768 128 ) (1244 -768 128 ) (1244 -768 8 ) (1248 -768 8 ) 
4 78 79 (1244 -712 128 ) (1244 -712 8 ) (1244 -768 8 ) (1244 -768 128 ) 
4 79 106 (1024 -768 128 ) (1024 -712 128 ) (1024 -712 8 ) (1024 -768 8 ) 
4 79 80 (1244 -768 8 ) (1024 -768 8 ) (1024 -712 8 ) (1244 -712 8 ) 
4 79 81 (1244 -768 128 ) (1024 -768 128 ) (1024 -768 8 ) (1244 -768 8 ) 
4 80 106 (1024 -712 8 ) (1024 -712 0 ) (1024 -768 0 ) (1024 -768 8 ) 
4 80 81 (1024 -768 0 ) (1576 -768 0 ) (1576 -768 8 ) (1024 -768 8 ) 
4 81 106 (1024 -784 128 ) (1024 -768 128 ) (1024 -768 0 ) (1024 -784 0 ) 
4 81 83 (1576 -784 20 ) (1576 -784 128 ) (1024 -784 128 ) (1024 -784 20 ) 
4 81 94 (1024 -784 0 ) (1576 -784 0 ) (1576 -784 20 ) (1024 -784 20 ) 
4 82 147 (2048 -1024 0 ) (2048 -1024 128 ) (1924 -1024 128 ) (1924 -1024 0 ) 
4 83 106 (1024 -856 128 ) (1024 -784 128 ) (1024 -784 20 ) (1024 -856 20 ) 
4 83 86 (1244 -856 20 ) (1248 -856 20 ) (1248 -856 128 ) (1244 -856 128 ) 
4 83 85 (1248 -856 20 ) (1252 -856 20 ) (1252 -856 128 ) (1248 -856 128 ) 
4 83 84 (1252 -856 20 ) (1576 -856 20 ) (1576 -856 128 ) (1252 -856 128 ) 
4 83 87 (1024 -856 20 ) (1244 -856 20 ) (1244 -856 128 ) (1024 -856 128 ) 
4 83 94 (1024 -856 20 ) (1024 -784 20 ) (1576 -784 20 ) (1576 -856 20 ) 
4 84 88 (1252 -912 20 ) (1576 -912 20 ) (1576 -912 128 ) (1252 -912 128 ) 
4 84 85 (1252 -856 128 ) (1252 -856 20 ) (1252 -912 20 ) (1252 -912 128 ) 
4 84 94 (1252 -856 20 ) (1576 -856 20 ) (1576 -912 20 ) (1252 -912 20 ) 
4 85 88 (1248 -912 20 ) (1252 -912 20 ) (1252 -912 128 ) (1248 -912 128 ) 
4 85 94 (1248 -856 20 ) (1252 -856 20 ) (1252 -912 20 ) (1248 -912 20 ) 
4 85 86 (1248 -856 128 ) (1248 -856 20 ) (1248 -912 20 ) (1248 -912 128 ) 
4 86 88 (1244 -912 20 ) (1248 -912 20 ) (1248 -912 128 ) (1244 -912 128 ) 
4 86 94 (1244 -856 20 ) (1248 -856 20 ) (1248 -912 20 ) (1244 -912 20 ) 
4 86 87 (1244 -856 128 ) (1244 -856 20 ) (1244 -912 20 ) (1244 -912 128 ) 
4 87 106 (1024 -912 128 ) (1024 -856 128 ) (1024 -856 20 ) (1024 -912 20 ) 
4 87 88 (1024 -912 20 ) (1244 -912 20 ) (1244 -912 128 ) (1024 -912 128 ) 
4 87 94 (1024 -912 20 ) (1024 -856 20 ) (1244 -856 20 ) (1244 -912 20 ) 
4 88 106 (1024 -916 128 ) (1024 -912 128 ) (1024 -912 20 ) (1024 -916 20 ) 
4 88 91 (1244 -916 20 ) (1248 -916 20 ) (1248 -916 128 ) (1244 -916 128 ) 
4 88 90 (1248 -916 20 ) (1252 -916 20 ) (1252 -916 128 ) (1248 -916 128 ) 
4 88 89 (1252 -916 20 ) (1576 -916 20 ) (1576 -916 128 ) (1252 -916 128 ) 
4 88 92 (1024 -916 20 ) (1244 -916 20 ) (1244 -916 128 ) (1024 -916 128 ) 
4 88 94 (1024 -916 20 ) (1024 -912 20 ) (1576 -912 20 ) (1576 -916 20 ) 
4 89 90 (1252 -916 128 ) (1252 -916 20 ) (1252 -972 20 ) (1252 -972 128 ) 
4 89 93 (1252 -972 20 ) (1576 -972 20 ) (1576 -972 128 ) (1252 -972 128 ) 
4 89 94 (1252 -916 20 ) (1576 -916 20 ) (1576 -972 20 ) (1252 -972 20 ) 
4 90 94 (1248 -916 20 ) (1252 -916 20 ) (1252 -972 20 ) (1248 -972 20 ) 
4 90 93 (1248 -972 20 ) (1252 -972 20 ) (1252 -972 128 ) (1248 -972 128 ) 
4 90 91 (1248 -916 128 ) (1248 -916 20 ) (1248 -972 20 ) (1248 -972 128 ) 
4 91 94 (1244 -916 20 ) (1248 -916 20 ) (1248 -972 20 ) (1244 -972 20 ) 
4 91 93 (1244 -972 20 ) (1248 -972 20 ) (1248 -972 128 ) (1244 -972 128 ) 
4 91 92 (1244 -916 128 ) (1244 -916 20 ) (1244 -972 20 ) (1244 -972 128 ) 
4 92 106 (1024 -972 128 ) (1024 -916 128 ) (1024 -916 20 ) (1024 -972 20 ) 
4 92 94 (1024 -972 20 ) (1024 -916 20 ) (1244 -916 20 ) (1244 -972 20 ) 
4 92 93 (1024 -972 20 ) (1244 -972 20 ) (1244 -972 128 ) (1024 -972 128 ) 
4 93 151 (1256 -1024 128 ) (1024 -1024 128 ) (1024 -1024 20 ) (1256 -1024 20 ) 
4 93 148 (1576 -1024 128 ) (1256 -1024 128 ) (1256 -1024 20 ) (1576 -1024 20 ) 
4 93 106 (1024 -1024 20 ) (1024 -1024 128 ) (1024 -972 128 ) (1024 -972 20 ) 
4 93 94 (1024 -1024 20 ) (1024 -972 20 ) (1576 -972 20 ) (1576 -1024 20 ) 
4 94 151 (1024 -1024 20 ) (1024 -1024 0 ) (1256 -1024 0 ) (1256 -1024 20 ) 
4 94 148 (1256 -1024 0 ) (1576 -1024 0 ) (1576 -1024 20 ) (1256 -1024 20 ) 
4 94 106 (1024 -1024 0 ) (1024 -1024 20 ) (1024 -784 20 ) (1024 -784 0 ) 
4 95 173 (1024 -1024 176 ) (1024 -1024 952 ) (928 -1024 952 ) (928 -1024 176 ) 
4 95 98 (960 -1024 176 ) (928 -1024 176 ) (928 -640 176 ) (960 -640 176 ) 
4 95 97 (1024 -1024 176 ) (960 -1024 176 ) (960 -640 176 ) (1024 -640 176 ) 
4 96 104 (960 -256 128 ) (960 -64 128 ) (1024 -64 128 ) (1024 -256 128 ) 
4 97 173 (960 -1024 128 ) (1024 -1024 128 ) (1024 -1024 176 ) (960 -1024 176 ) 
4 97 106 (1024 -1024 128 ) (960 -1024 128 ) (960 -640 128 ) (1024 -640 128 ) 
4 97 98 (960 -640 128 ) (960 -1024 128 ) (960 -1024 176 ) (960 -640 176 ) 
4 98 173 (928 -1024 128 ) (960 -1024 128 ) (960 -1024 176 ) (928 -1024 176 ) 
4 98 106 (960 -1024 128 ) (928 -1024 128 ) (928 -640 128 ) (960 -640 128 ) 
4 99 111 (632 -256 128 ) (632 -64 128 ) (760 -64 128 ) (760 -256 128 ) 
4 100 121 (256 -768 128 ) (256 0 128 ) (272 0 128 ) (272 -768 128 ) 
4 100 120 (272 0 128 ) (384 0 128 ) (384 -768 128 ) (272 -768 128 ) 
4 100 115 (480 -768 128 ) (384 -768 128 ) (384 -512 128 ) (480 -512 128 ) 
4 100 114 (512 -512 128 ) (512 -768 128 ) (480 -768 128 ) (480 -512 128 ) 
4 100 112 (512 -288 128 ) (512 -512 128 ) (384 -512 128 ) (384 -288 128 ) 
4 100 111 (512 -32 128 ) (512 -288 128 ) (384 -288 128 ) (384 -32 128 ) 
4 100 110 (384 0 128 ) (512 0 128 ) (512 -32 128 ) (384 -32 128 ) 
3 100 102 (256 -768 320 ) (256 -768 384 ) (256 -640 384 ) 
5 100 101 (256 0 128 ) (256 -768 128 ) (256 -768 320 ) (256 -640 384 ) (256 0 384 ) 
4 101 175 (128 -1024 128 ) (256 -1024 128 ) (256 -1024 192 ) (128 -1024 191.997971 ) 
4 101 122 (256 -1024 128 ) (128 -1024 128 ) (128 0 128 ) (256 0 128 ) 
5 101 103 (128 0 384 ) (128 0 128 ) (128 -768 128 ) (128 -768 319.997986 ) (128 -639.995972 384 ) 
4 101 102 (256 -640 384 ) (128 -639.996216 384 ) (128 -768 319.998108 ) (256 -768 320 ) 
3 102 103 (128 -768 384 ) (128 -639.995972 384 ) (128 -768 319.997986 ) 
4 103 255 (0 -768 384 ) (0 0 384 ) (0 0 128 ) (0 -768 128 ) 
4 103 122 (0 -768 128 ) (0 0 128 ) (128 0 128 ) (128 -768 128 ) 
4 104 105 (960 -32 0 ) (960 -288 0 ) (960 -288 128 ) (960 -32 128 ) 
4 105 107 (896 -32 0 ) (896 -288 0 ) (896 -288 128 ) (896 -32 128 ) 
4 106 173 (928 -1024 0 ) (1024 -1024 0 ) (1024 -1024 128 ) (928 -1024 128 ) 
4 107 111 (832 -32 0 ) (832 -288 0 ) (832 -288 128 ) (832 -32 128 ) 
4 107 108 (832 -416 16 ) (832 -416 0 ) (896 -416 0 ) (896 -416 16 ) 
4 108 109 (832 -420 16 ) (832 -420 0 ) (896 -420 0 ) (896 -420 16 ) 
4 110 123 (384 0 0 ) (512 0 0 ) (512 -32 0 ) (384 -32 0 ) 
4 110 120 (384 0 0 ) (384 -32 0 ) (384 -32 128 ) (384 0 128 ) 
4 110 111 (384 -32 128 ) (384 -32 0 ) (512 -32 0 ) (512 -32 128 ) 
4 111 127 (512 -288 0 ) (384 -288 0 ) (384 -256 0 ) (512 -256 0 ) 
4 111 126 (384 -256 0 ) (384 -160 0 ) (512 -160 0 ) (512 -256 0 ) 
4 111 124 (384 -128 0 ) (384 -32 0 ) (512 -32 0 ) (512 -128 0 ) 
4 111 125 (384 -160 0 ) (384 -128 0 ) (512 -128 0 ) (512 -160 0 ) 
4 111 120 (384 -32 0 ) (384 -288 0 ) (384 -288 128 ) (384 -32 128 ) 
4 111 112 (384 -288 128 ) (384 -288 0 ) (512 -288 0 ) (512 -288 128 ) 
4 112 130 (512 -512 0 ) (384 -512 0 ) (384 -416 0 ) (512 -416 0 ) 
4 112 129 (384 -416 0 ) (384 -384 0 ) (512 -384 0 ) (512 -416 0 ) 
4 112 128 (384 -384 0 ) (384 -288 0 ) (512 -288 0 ) (512 -384 0 ) 
4 112 120 (384 -288 0 ) (384 -512 0 ) (384 -512 128 ) (384 -288 128 ) 
4 112 115 (384 -512 128 ) (384 -512 0 ) (480 -512 0 ) (480 -512 128 ) 
4 112 114 (480 -512 0 ) (512 -512 0 ) (512 -512 128 ) (480 -512 128 ) 
4 113 117 (640 -896 0 ) (896 -896 0 ) (896 -896 128 ) (640 -896 128 ) 
4 114 134 (480 -768 0 ) (480 -672 0 ) (512 -672 0 ) (512 -768 0 ) 
4 114 133 (480 -672 0 ) (480 -640 0 ) (512 -640 0 ) (512 -672 0 ) 
4 114 132 (480 -640 0 ) (480 -544 0 ) (512 -544 0 ) (512 -640 0 ) 
4 114 131 (480 -544 0 ) (480 -512 0 ) (512 -512 0 ) (512 -544 0 ) 
4 114 115 (480 -512 128 ) (480 -512 0 ) (480 -768 0 ) (480 -768 128 ) 
4 115 134 (384 -768 0 ) (384 -672 0 ) (480 -672 0 ) (480 -768 0 ) 
4 115 133 (384 -672 0 ) (384 -640 0 ) (480 -640 0 ) (480 -672 0 ) 
4 115 132 (384 -640 0 ) (384 -544 0 ) (480 -544 0 ) (480 -640 0 ) 
4 115 131 (384 -544 0 ) (384 -512 0 ) (480 -512 0 ) (480 -544 0 ) 
4 115 120 (384 -512 0 ) (384 -768 0 ) (384 -768 128 ) (384 -512 128 ) 
4 115 116 (384 -800 128 ) (384 -800 0 ) (480 -896 0 ) (480 -896 128 ) 
4 116 118 (384 -896 128 ) (384 -896 0 ) (480 -896 0 ) (480 -896 128 ) 
4 117 119 (640 -992 0 ) (896 -992 0 ) (896 -992 128 ) (640 -992 128 ) 
4 117 118 (480 -896 128 ) (480 -896 0 ) (576 -992 0 ) (576 -992 128 ) 
4 120 134 (384 -672 0 ) (384 -768 0 ) (272 -768 0 ) (272 -672 0 ) 
4 120 133 (384 -640 0 ) (384 -672 0 ) (272 -672 0 ) (272 -640 0 ) 
4 120 132 (384 -544 0 ) (384 -640 0 ) (272 -640 0 ) (272 -544 0 ) 
4 120 130 (384 -416 0 ) (384 -512 0 ) (272 -512 0 ) (272 -416 0 ) 
4 120 129 (384 -384 0 ) (384 -416 0 ) (272 -416 0 ) (272 -384 0 ) 
4 120 131 (384 -512 0 ) (384 -544 0 ) (272 -544 0 ) (272 -512 0 ) 
4 120 127 (384 -256 0 ) (384 -288 0 ) (272 -288 0 ) (272 -256 0 ) 
4 120 126 (384 -160 0 ) (384 -256 0 ) (272 -256 0 ) (272 -160 0 ) 
4 120 128 (384 -288 0 ) (384 -384 0 ) (272 -384 0 ) (272 -288 0 ) 
4 120 124 (384 -32 0 ) (384 -128 0 ) (272 -128 0 ) (272 -32 0 ) 
4 120 123 (272 0 0 ) (384 0 0 ) (384 -32 0 ) (272 -32 0 ) 
4 120 125 (384 -128 0 ) (384 -160 0 ) (272 -160 0 ) (272 -128 0 ) 
4 120 121 (272 0 0 ) (272 -768 0 ) (272 -768 128 ) (272 0 128 ) 
4 121 134 (272 -672 0 ) (272 -768 0 ) (256 -768 0 ) (256 -672 0 ) 
4 121 133 (272 -640 0 ) (272 -672 0 ) (256 -672 0 ) (256 -640 0 ) 
4 121 132 (272 -544 0 ) (272 -640 0 ) (256 -640 0 ) (256 -544 0 ) 
4 121 130 (272 -416 0 ) (272 -512 0 ) (256 -512 0 ) (256 -416 0 ) 
4 121 129 (272 -384 0 ) (272 -416 0 ) (256 -416 0 ) (256 -384 0 ) 
4 121 131 (272 -512 0 ) (272 -544 0 ) (256 -544 0 ) (256 -512 0 ) 
4 121 127 (272 -256 0 ) (272 -288 0 ) (256 -288 0 ) (256 -256 0 ) 
4 121 126 (272 -160 0 ) (272 -256 0 ) (256 -256 0 ) (256 -160 0 ) 
4 121 128 (272 -288 0 ) (272 -384 0 ) (256 -384 0 ) (256 -288 0 ) 
4 121 124 (272 -32 0 ) (272 -128 0 ) (256 -128 0 ) (256 -32 0 ) 
4 121 123 (256 0 0 ) (272 0 0 ) (272 -32 0 ) (256 -32 0 ) 
4 121 125 (272 -128 0 ) (272 -160 0 ) (256 -160 0 ) (256 -128 0 ) 
4 121 122 (256 0 0 ) (256 -768 0 ) (256 -768 128 ) (256 0 128 ) 
4 122 261 (0 -1024 0 ) (0 -1024 128 ) (0 0 128 ) (0 0 0 ) 
4 122 176 (0 -1024 128 ) (0 -1024 0 ) (128 -1024 0 ) (128 -1024 128 ) 
4 122 175 (128 -1024 0 ) (256 -1024 0 ) (256 -1024 128 ) (128 -1024 128 ) 
4 122 145 (256 -768 0 ) (256 -1024 0 ) (0 -1024 0 ) (0 -768 0 ) 
4 122 142 (128 -416 0 ) (128 -512 0 ) (0 -512 0 ) (0 -416 0 ) 
4 122 141 (128 -384 0 ) (128 -416 0 ) (0 -416 0 ) (0 -384 0 ) 
4 122 140 (128 -288 0 ) (128 -384 0 ) (0 -384 0 ) (0 -288 0 ) 
4 122 139 (128 -256 0 ) (128 -288 0 ) (0 -288 0 ) (0 -256 0 ) 
4 122 138 (128 -160 0 ) (128 -256 0 ) (0 -256 0 ) (0 -160 0 ) 
4 122 137 (128 -128 0 ) (128 -160 0 ) (0 -160 0 ) (0 -128 0 ) 
4 122 136 (128 -32 0 ) (128 -128 0 ) (0 -128 0 ) (0 -32 0 ) 
4 122 135 (0 0 0 ) (128 0 0 ) (128 -32 0 ) (0 -32 0 ) 
4 122 134 (256 -672 0 ) (256 -768 0 ) (128 -768 0 ) (128 -672 0 ) 
4 122 133 (256 -640 0 ) (256 -672 0 ) (128 -672 0 ) (128 -640 0 ) 
4 122 132 (256 -544 0 ) (256 -640 0 ) (128 -640 0 ) (128 -544 0 ) 
4 122 130 (256 -416 0 ) (256 -512 0 ) (128 -512 0 ) (128 -416 0 ) 
4 122 129 (256 -384 0 ) (256 -416 0 ) (128 -416 0 ) (128 -384 0 ) 
4 122 131 (256 -512 0 ) (256 -544 0 ) (128 -544 0 ) (128 -512 0 ) 
4 122 127 (256 -256 0 ) (256 -288 0 ) (128 -288 0 ) (128 -256 0 ) 
4 122 126 (256 -160 0 ) (256 -256 0 ) (128 -256 0 ) (128 -160 0 ) 
4 122 128 (256 -288 0 ) (256 -384 0 ) (128 -384 0 ) (128 -288 0 ) 
4 122 124 (256 -32 0 ) (256 -128 0 ) (128 -128 0 ) (128 -32 0 ) 
4 122 123 (128 0 0 ) (256 0 0 ) (256 -32 0 ) (128 -32 0 ) 
4 122 125 (256 -128 0 ) (256 -160 0 ) (128 -160 0 ) (128 -128 0 ) 
4 123 143 (128 -32 -1 ) (128 0 -1 ) (512 0 -1 ) (512 -32 -1 ) 
4 123 135 (128 0 -1 ) (128 -32 -1 ) (128 -32 0 ) (128 0 0 ) 
4 123 124 (128 -32 0 ) (128 -32 -1 ) (512 -32 -1 ) (512 -32 0 ) 
4 124 143 (128 -128 -1 ) (128 -32 -1 ) (512 -32 -1 ) (512 -128 -1 ) 
4 124 136 (128 -32 -1 ) (128 -128 -1 ) (128 -128 0 ) (128 -32 0 ) 
4 124 125 (128 -128 0 ) (128 -128 -1 ) (512 -128 -1 ) (512 -128 0 ) 
4 125 143 (128 -160 -1 ) (128 -128 -1 ) (512 -128 -1 ) (512 -160 -1 ) 
4 125 137 (128 -128 -1 ) (128 -160 -1 ) (128 -160 0 ) (128 -128 0 ) 
4 125 126 (128 -160 0 ) (128 -160 -1 ) (512 -160 -1 ) (512 -160 0 ) 
4 126 143 (128 -256 -1 ) (128 -160 -1 ) (512 -160 -1 ) (512 -256 -1 ) 
4 126 138 (128 -160 -1 ) (128 -256 -1 ) (128 -256 0 ) (128 -160 0 ) 
4 126 127 (128 -256 0 ) (128 -256 -1 ) (512 -256 -1 ) (512 -256 0 ) 
4 127 143 (128 -288 -1 ) (128 -256 -1 ) (512 -256 -1 ) (512 -288 -1 ) 
4 127 139 (128 -256 -1 ) (128 -288 -1 ) (128 -288 0 ) (128 -256 0 ) 
4 127 128 (128 -288 0 ) (128 -288 -1 ) (512 -288 -1 ) (512 -288 0 ) 
4 128 143 (128 -384 -1 ) (128 -288 -1 ) (512 -288 -1 ) (512 -384 -1 ) 
4 128 140 (128 -288 -1 ) (128 -384 -1 ) (128 -384 0 ) (128 -288 0 ) 
4 128 129 (128 -384 0 ) (128 -384 -1 ) (512 -384 -1 ) (512 -384 0 ) 
4 129 143 (128 -416 -1 ) (128 -384 -1 ) (512 -384 -1 ) (512 -416 -1 ) 
4 129 141 (128 -384 -1 ) (128 -416 -1 ) (128 -416 0 ) (128 -384 0 ) 
4 129 130 (128 -416 0 ) (128 -416 -1 ) (512 -416 -1 ) (512 -416 0 ) 
4 130 143 (128 -512 -1 ) (128 -416 -1 ) (512 -416 -1 ) (512 -512 -1 ) 
4 130 142 (128 -416 -1 ) (128 -512 -1 ) (128 -512 0 ) (128 -416 0 ) 
4 130 131 (128 -512 0 ) (128 -512 -1 ) (512 -512 -1 ) (512 -512 0 ) 
4 131 143 (128 -544 -1 ) (128 -512 -1 ) (512 -512 -1 ) (512 -544 -1 ) 
4 131 132 (128 -544 0 ) (128 -544 -1 ) (512 -544 -1 ) (512 -544 0 ) 
4 132 143 (128 -640 -1 ) (128 -544 -1 ) (512 -544 -1 ) (512 -640 -1 ) 
4 132 133 (128 -640 0 ) (128 -640 -1 ) (512 -640 -1 ) (512 -640 0 ) 
4 133 143 (128 -672 -1 ) (128 -640 -1 ) (512 -640 -1 ) (512 -672 -1 ) 
4 133 134 (128 -672 0 ) (128 -672 -1 ) (512 -672 -1 ) (512 -672 0 ) 
4 134 145 (256 -768 0 ) (128 -768 0 ) (128 -768 -1 ) (256 -768 -1 ) 
4 134 143 (512 -768 -1 ) (128 -768 -1 ) (128 -672 -1 ) (512 -672 -1 ) 
4 135 269 (0 -32 0 ) (0 0 0 ) (0 0 -1 ) (0 -32 -1 ) 
4 135 144 (0 -32 -1 ) (0 0 -1 ) (128 0 -1 ) (128 -32 -1 ) 
4 135 136 (0 -32 -1 ) (128 -32 -1 ) (128 -32 0 ) (0 -32 0 ) 
4 136 270 (0 -128 0 ) (0 -32 0 ) (0 -32 -1 ) (0 -128 -1 ) 
4 136 144 (0 -128 -1 ) (0 -32 -1 ) (128 -32 -1 ) (128 -128 -1 ) 
4 136 137 (0 -128 -1 ) (128 -128 -1 ) (128 -128 0 ) (0 -128 0 ) 
4 137 271 (0 -160 0 ) (0 -128 0 ) (0 -128 -1 ) (0 -160 -1 ) 
4 137 144 (0 -160 -1 ) (0 -128 -1 ) (128 -128 -1 ) (128 -160 -1 ) 
4 137 138 (0 -160 -1 ) (128 -160 -1 ) (128 -160 0 ) (0 -160 0 ) 
4 138 272 (0 -256 0 ) (0 -160 0 ) (0 -160 -1 ) (0 -256 -1 ) 
4 138 144 (0 -256 -1 ) (0 -160 -1 ) (128 -160 -1 ) (128 -256 -1 ) 
4 138 139 (0 -256 -1 ) (128 -256 -1 ) (128 -256 0 ) (0 -256 0 ) 
4 139 273 (0 -288 0 ) (0 -256 0 ) (0 -256 -1 ) (0 -288 -1 ) 
4 139 144 (0 -288 -1 ) (0 -256 -1 ) (128 -256 -1 ) (128 -288 -1 ) 
4 139 140 (0 -288 -1 ) (128 -288 -1 ) (128 -288 0 ) (0 -288 0 ) 
4 140 274 (0 -384 0 ) (0 -288 0 ) (0 -288 -1 ) (0 -384 -1 ) 
4 140 144 (0 -384 -1 ) (0 -288 -1 ) (128 -288 -1 ) (128 -384 -1 ) 
4 140 141 (0 -384 -1 ) (128 -384 -1 ) (128 -384 0 ) (0 -384 0 ) 
4 141 275 (0 -416 0 ) (0 -384 0 ) (0 -384 -1 ) (0 -416 -1 ) 
4 141 144 (0 -416 -1 ) (0 -384 -1 ) (128 -384 -1 ) (128 -416 -1 ) 
4 141 142 (0 -416 -1 ) (128 -416 -1 ) (128 -416 0 ) (0 -416 0 ) 
4 142 276 (0 -512 0 ) (0 -416 0 ) (0 -416 -1 ) (0 -512 -1 ) 
4 142 144 (0 -512 -1 ) (0 -416 -1 ) (128 -416 -1 ) (128 -512 -1 ) 
4 143 146 (256 -768 -1 ) (128 -768 -1 ) (128 -768 -6 ) (256 -768 -6 ) 
4 143 144 (128 -512 -1 ) (128 0 -1 ) (128 0 -6 ) (128 -512 -6 ) 
4 144 289 (0 -512 -1 ) (0 0 -1 ) (0 0 -6 ) (0 -512 -6 ) 
4 145 291 (0 -1024 -1 ) (0 -1024 0 ) (0 -768 0 ) (0 -768 -1 ) 
4 145 190 (0 -1024 0 ) (0 -1024 -1 ) (256 -1024 -1 ) (256 -1024 0 ) 
4 145 146 (0 -1024 -1 ) (0 -768 -1 ) (256 -768 -1 ) (256 -1024 -1 ) 
4 146 292 (0 -1024 -6 ) (0 -1024 -1 ) (0 -768 -1 ) (0 -768 -6 ) 
4 146 191 (0 -1024 -1 ) (0 -1024 -6 ) (256 -1024 -6 ) (256 -1024 -1 ) 
4 148 151 (1256 -1104 0 ) (1256 -1104 128 ) (1256 -1024 128 ) (1256 -1024 0 ) 
4 149 150 (1248 -1104 256 ) (1248 -1104 952 ) (1248 -1024 952 ) (1248 -1024 256 ) 
4 150 173 (1024 -1024 952 ) (1024 -1024 128 ) (1024 -1104 128 ) (1024 -1104 952 ) 
4 150 151 (1024 -1024 128 ) (1248 -1024 128 ) (1248 -1104 128 ) (1024 -1104 128 ) 
4 151 173 (1024 -1024 128 ) (1024 -1024 0 ) (1024 -1104 0 ) (1024 -1104 128 ) 
4 152 159 (2048 -1808 -816 ) (2048 -1808 -740 ) (1248 -1808 -740 ) (1248 -1808 -816 ) 
4 152 158 (1460 -1808 -580 ) (1248 -1808 -580 ) (1248 -1808 -740 ) (1460 -1808 -740 ) 
4 152 157 (1500 -1808 -600 ) (1500 -1808 -624 ) (1548 -1808 -624 ) (1548 -1808 -600 ) 
4 152 156 (1660 -1808 -600 ) (1660 -1808 -624 ) (1708 -1808 -624 ) (1708 -1808 -600 ) 
4 152 155 (1808 -1808 -600 ) (1808 -1808 -624 ) (1856 -1808 -624 ) (1856 -1808 -600 ) 
4 152 154 (2048 -1808 -740 ) (2048 -1808 -580 ) (1908 -1808 -580 ) (1908 -1808 -740 ) 
4 152 153 (2048 -1808 -580 ) (2048 -1808 -480 ) (1248 -1808 -480 ) (1248 -1808 -580 ) 
4 153 172 (1444 -1824 -480 ) (1248 -1824 -480 ) (1248 -1824 -580 ) (1444 -1824 -580 ) 
4 153 167 (1460 -1824 -480 ) (1444 -1824 -480 ) (1444 -1824 -580 ) (1460 -1824 -580 ) 
4 153 163 (1908 -1824 -480 ) (1460 -1824 -480 ) (1460 -1824 -513 ) (1908 -1824 -513 ) 
4 153 160 (2048 -1824 -580 ) (2048 -1824 -480 ) (1908 -1824 -480 ) (1908 -1824 -580 ) 
4 153 158 (1460 -1824 -580 ) (1248 -1824 -580 ) (1248 -1808 -580 ) (1460 -1808 -580 ) 
4 153 154 (2048 -1824 -580 ) (1908 -1824 -580 ) (1908 -1808 -580 ) (2048 -1808 -580 ) 
4 154 161 (2048 -1824 -740 ) (2048 -1824 -580 ) (1924 -1824 -580 ) (1924 -1824 -740 ) 
4 154 159 (2048 -1824 -740 ) (1908 -1824 -740 ) (1908 -1808 -740 ) (2048 -1808 -740 ) 
4 155 164 (1812 -1824 -624 ) (1856 -1824 -624 ) (1856 -1824 -600 ) (1812 -1824 -600 ) 
4 155 165 (1808 -1824 -600 ) (1808 -1824 -624 ) (1812 -1824 -624 ) (1812 -1824 -600 ) 
4 156 165 (1660 -1824 -600 ) (1660 -1824 -624 ) (1708 -1824 -624 ) (1708 -1824 -600 ) 
4 157 165 (1500 -1824 -600 ) (1500 -1824 -624 ) (1548 -1824 -624 ) (1548 -1824 -600 ) 
4 158 172 (1444 -1824 -580 ) (1248 -1824 -580 ) (1248 -1824 -740 ) (1444 -1824 -740 ) 
4 158 159 (1460 -1824 -740 ) (1248 -1824 -740 ) (1248 -1808 -740 ) (1460 -1808 -740 ) 
4 159 172 (1444 -1824 -740 ) (1248 -1824 -740 ) (1248 -1824 -816 ) (1444 -1824 -816 ) 
4 159 171 (1460 -1824 -740 ) (1444 -1824 -740 ) (1444 -1824 -816 ) (1460 -1824 -816 ) 
4 159 166 (1460 -1824 -756 ) (1460 -1824 -816 ) (1908 -1824 -816 ) (1908 -1824 -756 ) 
4 159 162 (1924 -1824 -740 ) (1908 -1824 -740 ) (1908 -1824 -816 ) (1924 -1824 -816 ) 
4 159 161 (2048 -1824 -816 ) (2048 -1824 -740 ) (1924 -1824 -740 ) (1924 -1824 -816 ) 
4 160 201 (1924 -2048 -480 ) (1908 -2048 -480 ) (1908 -2048 -580 ) (1924 -2048 -580 ) 
4 160 200 (2048 -2048 -580 ) (2048 -2048 -480 ) (1924 -2048 -480 ) (1924 -2048 -580 ) 
4 160 163 (1908 -1824 -480 ) (1908 -1824 -513 ) (1908 -2048 -513 ) (1908 -2048 -480 ) 
4 160 161 (1924 -1824 -580 ) (2048 -1824 -580 ) (2048 -2048 -580 ) (1924 -2048 -580 ) 
4 161 235 (2048 -2048 -816 ) (2048 -2048 -756 ) (1924 -2048 -756 ) (1924 -2048 -816 ) 
4 161 230 (2048 -2048 -756 ) (2048 -2048 -740 ) (1924 -2048 -740 ) (1924 -2048 -756 ) 
4 161 200 (2048 -2048 -740 ) (2048 -2048 -580 ) (1924 -2048 -580 ) (1924 -2048 -740 ) 
4 161 162 (1924 -1824 -816 ) (1924 -2048 -816 ) (1924 -2048 -740 ) (1924 -1824 -740 ) 
4 162 235 (1908 -2048 -756 ) (1908 -2048 -816 ) (1924 -2048 -816 ) (1924 -2048 -756 ) 
4 162 231 (1908 -2048 -740 ) (1908 -2048 -756 ) (1924 -2048 -756 ) (1924 -2048 -740 ) 
4 162 166 (1908 -1824 -756 ) (1908 -1824 -816 ) (1908 -2048 -816 ) (1908 -2048 -756 ) 
4 163 207 (1908 -2048 -513 ) (1908 -2048 -480 ) (1460 -2048 -480 ) (1460 -2048 -513 ) 
4 163 170 (1460 -1936 -513 ) (1460 -2048 -513 ) (1460 -2048 -480 ) (1460 -1936 -480 ) 
4 163 168 (1460 -1888 -513 ) (1460 -1936 -513 ) (1460 -1936 -480 ) (1460 -1888 -480 ) 
4 163 167 (1460 -1824 -480 ) (1460 -1824 -513 ) (1460 -1888 -513 ) (1460 -1888 -480 ) 
4 164 165 (1812 -1824 -740 ) (1812 -1920 -740 ) (1812 -1920 -580 ) (1812 -1824 -580 ) 
4 165 215 (1540.096069 -2048 -740 ) (1663.934692 -2048 -740 ) (1663.934570 -2048 -738 ) (1540.096191 -2048 -738 ) 
4 165 214 (1663.934692 -2048 -740 ) (1812 -2048 -740 ) (1812 -2048 -738 ) (1663.934570 -2048 -738 ) 
4 165 213 (1460 -2048 -738 ) (1460 -2048 -740 ) (1540.096069 -2048 -740 ) (1540.096191 -2048 -738 ) 
4 165 212 (1812 -2048 -580 ) (1460 -2048 -580 ) (1460 -2048 -738 ) (1812 -2048 -738 ) 
4 165 169 (1460 -1936 -716 ) (1460 -1936 -620 ) (1460 -1888 -620 ) (1460 -1888 -716 ) 
4 166 235 (1908 -2048 -816 ) (1908 -2048 -756 ) (1460 -2048 -756 ) (1460 -2048 -816 ) 
4 166 171 (1460 -1824 -756 ) (1460 -1824 -816 ) (1460 -2048 -816 ) (1460 -2048 -756 ) 
4 167 172 (1444 -1824 -480 ) (1444 -1824 -580 ) (1444 -1888 -580 ) (1444 -1888 -480 ) 
4 167 168 (1444 -1888 -480 ) (1444 -1888 -580 ) (1460 -1888 -580 ) (1460 -1888 -480 ) 
4 168 172 (1444 -1936 -580 ) (1444 -1936 -480 ) (1444 -1888 -480 ) (1444 -1888 -580 ) 
4 168 170 (1444 -1936 -480 ) (1444 -1936 -580 ) (1460 -1936 -580 ) (1460 -1936 -480 ) 
4 170 221 (1460 -2048 -580 ) (1460 -2048 -480 ) (1444 -2048 -480 ) (1444 -2048 -580 ) 
4 170 172 (1444 -2048 -580 ) (1444 -2048 -480 ) (1444 -1936 -480 ) (1444 -1936 -580 ) 
4 171 235 (1460 -2048 -816 ) (1460 -2048 -756 ) (1444 -2048 -756 ) (1444 -2048 -816 ) 
4 171 234 (1460 -2048 -756 ) (1460 -2048 -740 ) (1444 -2048 -740 ) (1444 -2048 -756 ) 
4 171 172 (1444 -1824 -740 ) (1444 -1824 -816 ) (1444 -2048 -816 ) (1444 -2048 -740 ) 
4 172 235 (1444 -2048 -816 ) (1444 -2048 -756 ) (1248 -2048 -756 ) (1248 -2048 -816 ) 
4 172 234 (1444 -2048 -756 ) (1444 -2048 -740 ) (1248 -2048 -740 ) (1248 -2048 -756 ) 
4 172 229 (1444 -2048 -740 ) (1444 -2048 -480 ) (1248 -2048 -480 ) (1248 -2048 -740 ) 
4 174 178 (272 -1152 0 ) (384 -1152 0 ) (384 -1152 128 ) (272 -1152 128 ) 
4 175 190 (256 -1152 0 ) (128 -1152 0 ) (128 -1024 0 ) (256 -1024 0 ) 
4 175 178 (128 -1152 0 ) (256 -1152 0 ) (256 -1152 128 ) (128 -1152 127.997986 ) 
5 175 176 (128 -1024 0 ) (128 -1152 0 ) (128 -1152 127.997971 ) (128 -1151.995972 128 ) (128 -1024 128 ) 
4 176 341 (0 -1024 128 ) (0 -1024 0 ) (0 -1152 0 ) (0 -1152 128 ) 
4 176 190 (128 -1152 0 ) (0 -1152 0 ) (0 -1024 0 ) (128 -1024 0 ) 
4 176 179 (0 -1152 0 ) (128 -1152 0 ) (128 -1152 128 ) (0 -1152 128 ) 
4 177 344 (0 -1416 256 ) (0 -1416 128 ) (0 -1672 128 ) (0 -1672 256 ) 
4 177 182 (128 -1672 128 ) (0 -1672 128 ) (0 -1664 128 ) (128 -1664 128 ) 
4 177 181 (0 -1664 128 ) (0 -1416 128 ) (128 -1416 128 ) (128 -1664 128 ) 
4 177 180 (256 -1672 128 ) (128 -1672 128 ) (128 -1416 128 ) (256 -1416 128 ) 
4 178 190 (128 -1408 0 ) (128 -1152 0 ) (256 -1152 0 ) (256 -1408 0 ) 
4 178 188 (328 -1248 0 ) (264 -1248 0 ) (264 -1184 0 ) (328 -1184 0 ) 
4 178 179 (128 -1408 128 ) (128 -1152 128 ) (128 -1152 0 ) (128 -1408 0 ) 
4 179 345 (0 -1152 128 ) (0 -1152 0 ) (0 -1416 0 ) (0 -1416 128 ) 
4 179 190 (0 -1408 0 ) (0 -1152 0 ) (128 -1152 0 ) (128 -1408 0 ) 
4 179 181 (0 -1416 0 ) (128 -1416 0 ) (128 -1416 128 ) (0 -1416 128 ) 
4 180 182 (128 -1672 40 ) (128 -1672 128 ) (128 -1664 128 ) (128 -1664 40 ) 
4 180 183 (128 -1664 0 ) (128 -1672 0 ) (128 -1672 32 ) (128 -1664 32 ) 
4 180 181 (128 -1416 128 ) (128 -1416 0 ) (128 -1664 0 ) (128 -1664 128 ) 
4 181 347 (0 -1416 0 ) (0 -1664 0 ) (0 -1664 128 ) (0 -1416 128 ) 
4 181 182 (128 -1664 40 ) (128 -1664 128 ) (0 -1664 128 ) (0 -1664 40 ) 
4 181 183 (0 -1664 0 ) (128 -1664 0 ) (128 -1664 32 ) (0 -1664 32 ) 
4 182 348 (0 -1672 40 ) (0 -1672 128 ) (0 -1664 128 ) (0 -1664 40 ) 
4 182 186 (0 -1672 128 ) (0 -1672 40 ) (60 -1672 40 ) (60 -1672 128 ) 
4 182 184 (64 -1672 40 ) (128 -1672 40 ) (128 -1672 128 ) (64 -1672 128 ) 
4 183 349 (0 -1664 0 ) (0 -1672 0 ) (0 -1672 32 ) (0 -1664 32 ) 
4 183 186 (0 -1672 32 ) (0 -1672 0 ) (60 -1672 0 ) (60 -1672 32 ) 
4 183 184 (64 -1672 0 ) (128 -1672 0 ) (128 -1672 32 ) (64 -1672 32 ) 
4 184 187 (64 -1680 0 ) (128 -1680 0 ) (128 -1680 128 ) (64 -1680 128 ) 
4 184 185 (64 -1680 0 ) (64 -1680 128 ) (64 -1676 128 ) (64 -1676 0 ) 
4 185 187 (60 -1680 0 ) (64 -1680 0 ) (64 -1680 128 ) (60 -1680 128 ) 
4 185 186 (60 -1680 0 ) (60 -1680 128 ) (60 -1676 128 ) (60 -1676 0 ) 
4 186 353 (0 -1676 0 ) (0 -1680 0 ) (0 -1680 128 ) (0 -1676 128 ) 
4 186 187 (0 -1680 0 ) (60 -1680 0 ) (60 -1680 128 ) (0 -1680 128 ) 
4 187 354 (0 -2048 0 ) (0 -2048 992 ) (0 -1680 992 ) (0 -1680 0 ) 
4 187 236 (0 -2048 992 ) (0 -2048 0 ) (448 -2048 0 ) (448 -2048 992 ) 
4 187 192 (256 -2048 0 ) (0 -2048 0 ) (0 -1680 0 ) (256 -1680 0 ) 
4 187 189 (448 -2048 0 ) (256 -2048 0 ) (256 -1680 0 ) (448 -1680 0 ) 
4 188 195 (268 -1224 -16 ) (268 -1188 -16 ) (324 -1188 -16 ) (324 -1224 -16 ) 
4 188 194 (268 -1188 -16 ) (268 -1184 -16 ) (324 -1184 -16 ) (324 -1188 -16 ) 
4 188 197 (324 -1248 -16 ) (268 -1248 -16 ) (268 -1224 -16 ) (324 -1224 -16 ) 
4 188 193 (328 -1248 -16 ) (324 -1248 -16 ) (324 -1184 -16 ) (328 -1184 -16 ) 
4 188 198 (268 -1248 -16 ) (264 -1248 -16 ) (264 -1184 -16 ) (268 -1184 -16 ) 
4 189 236 (256 -2048 -16 ) (448 -2048 -16 ) (448 -2048 0 ) (256 -2048 0 ) 
4 189 192 (256 -1680 -16 ) (256 -2048 -16 ) (256 -2048 0 ) (256 -1680 0 ) 
4 190 355 (0 -1408 0 ) (0 -1024 0 ) (0 -1024 -1 ) (0 -1408 -1 ) 
4 190 191 (256 -1408 -1 ) (0 -1408 -1 ) (0 -1024 -1 ) (256 -1024 -1 ) 
4 191 356 (0 -1024 -1 ) (0 -1024 -6 ) (0 -1408 -6 ) (0 -1408 -1 ) 
4 192 357 (0 -2048 -16 ) (0 -2048 0 ) (0 -1680 0 ) (0 -1680 -16 ) 
4 192 236 (0 -2048 0 ) (0 -2048 -16 ) (256 -2048 -16 ) (256 -2048 0 ) 
4 193 195 (324 -1224 -18 ) (324 -1224 -16 ) (324 -1188 -16 ) (324 -1188 -18 ) 
4 193 196 (324 -1188 -128 ) (324 -1224 -128 ) (324 -1224 -22 ) (324 -1188 -22 ) 
4 193 194 (324 -1184 -16 ) (324 -1184 -128 ) (324 -1188 -128 ) (324 -1188 -16 ) 
4 193 197 (324 -1224 -128 ) (324 -1248 -128 ) (324 -1248 -16 ) (324 -1224 -16 ) 
4 194 195 (268 -1188 -16 ) (268 -1188 -18 ) (324 -1188 -18 ) (324 -1188 -16 ) 
4 194 196 (268 -1188 -22 ) (268 -1188 -128 ) (324 -1188 -128 ) (324 -1188 -22 ) 
4 194 198 (268 -1184 -16 ) (268 -1184 -128 ) (268 -1188 -128 ) (268 -1188 -16 ) 
4 195 197 (268 -1224 -16 ) (268 -1224 -18 ) (324 -1224 -18 ) (324 -1224 -16 ) 
4 195 198 (268 -1224 -18 ) (268 -1224 -16 ) (268 -1188 -16 ) (268 -1188 -18 ) 
4 196 198 (268 -1188 -128 ) (268 -1224 -128 ) (268 -1224 -22 ) (268 -1188 -22 ) 
4 196 197 (268 -1224 -22 ) (268 -1224 -128 ) (324 -1224 -128 ) (324 -1224 -22 ) 
4 197 198 (268 -1224 -128 ) (268 -1248 -128 ) (268 -1248 -16 ) (268 -1224 -16 ) 
4 199 235 (2048 -2048 -756 ) (2048 -2048 -816 ) (2048 -2544 -816 ) (2048 -2544 -756 ) 
4 199 230 (2048 -2048 -740 ) (2048 -2048 -756 ) (2048 -2544 -756 ) (2048 -2544 -740 ) 
4 199 200 (2048 -2048 -480 ) (2048 -2048 -740 ) (2048 -2544 -740 ) (2048 -2544 -480 ) 
4 200 230 (1924 -2544 -740 ) (1924 -2048 -740 ) (2048 -2048 -740 ) (2048 -2544 -740 ) 
4 200 206 (1924 -2336 -740 ) (1924 -2544 -740 ) (1924 -2544 -580 ) (1924 -2336 -580 ) 
4 200 204 (1924 -2228 -740 ) (1924 -2284 -740 ) (1924 -2284 -628 ) (1924 -2228 -628 ) 
4 200 203 (1924 -2544 -580 ) (1924 -2544 -480 ) (1924 -2304 -480 ) (1924 -2304 -580 ) 
4 200 202 (1924 -2304 -480 ) (1924 -2240 -480 ) (1924 -2240 -513 ) (1924 -2304 -513 ) 
4 200 201 (1924 -2240 -480 ) (1924 -2048 -480 ) (1924 -2048 -580 ) (1924 -2240 -580 ) 
4 201 207 (1908 -2048 -480 ) (1908 -2048 -513 ) (1908 -2240 -513 ) (1908 -2240 -480 ) 
4 201 202 (1924 -2240 -513 ) (1924 -2240 -480 ) (1908 -2240 -480 ) (1908 -2240 -513 ) 
4 202 207 (1908 -2304 -513 ) (1908 -2304 -480 ) (1908 -2240 -480 ) (1908 -2240 -513 ) 
4 202 203 (1924 -2304 -513 ) (1924 -2304 -480 ) (1908 -2304 -480 ) (1908 -2304 -513 ) 
4 203 209 (1908 -2336 -580 ) (1908 -2544 -580 ) (1908 -2544 -513 ) (1908 -2336 -513 ) 
4 203 207 (1908 -2544 -513 ) (1908 -2544 -480 ) (1908 -2304 -480 ) (1908 -2304 -513 ) 
4 203 206 (1908 -2544 -580 ) (1908 -2336 -580 ) (1924 -2336 -580 ) (1924 -2544 -580 ) 
4 205 211 (1908 -2228 -740 ) (1908 -2284 -740 ) (1908 -2284 -628 ) (1908 -2228 -628 ) 
4 206 232 (1908 -2544 -740 ) (1908 -2336 -740 ) (1924 -2336 -740 ) (1924 -2544 -740 ) 
4 206 220 (1908 -2352 -740 ) (1908 -2544 -740 ) (1908 -2544 -580 ) (1908 -2352 -580 ) 
4 207 228 (1460 -2544 -480 ) (1460 -2336 -480 ) (1460 -2336 -513 ) (1460 -2544 -513 ) 
4 207 227 (1460 -2336 -480 ) (1460 -2264 -480 ) (1460 -2264 -513 ) (1460 -2336 -513 ) 
4 207 225 (1460 -2264 -480 ) (1460 -2216 -480 ) (1460 -2216 -513 ) (1460 -2264 -513 ) 
4 207 224 (1460 -2216 -480 ) (1460 -2104 -480 ) (1460 -2104 -513 ) (1460 -2216 -513 ) 
4 207 222 (1460 -2104 -480 ) (1460 -2056 -480 ) (1460 -2056 -513 ) (1460 -2104 -513 ) 
4 207 221 (1460 -2056 -480 ) (1460 -2048 -480 ) (1460 -2048 -513 ) (1460 -2056 -513 ) 
4 207 210 (1460 -2544 -513 ) (1460 -2336 -513 ) (1844 -2336 -513 ) (1844 -2544 -513 ) 
4 207 209 (1908 -2336 -513 ) (1908 -2544 -513 ) (1844 -2544 -513 ) (1844 -2336 -513 ) 
4 208 211 (1908 -2240 -580 ) (1908 -2304 -580 ) (1844 -2304 -580 ) (1844 -2240 -580 ) 
4 209 220 (1908 -2352 -580 ) (1908 -2544 -580 ) (1844 -2544 -580 ) (1844 -2352 -580 ) 
4 209 210 (1844 -2336 -580 ) (1844 -2544 -580 ) (1844 -2544 -513 ) (1844 -2336 -513 ) 
4 210 228 (1460 -2544 -513 ) (1460 -2336 -513 ) (1460 -2336 -580 ) (1460 -2544 -580 ) 
4 210 220 (1460 -2544 -580 ) (1460 -2352 -580 ) (1844 -2352 -580 ) (1844 -2544 -580 ) 
4 211 219 (1812 -2176 -740 ) (1812 -2224.990234 -740 ) (1812 -2224.990234 -738 ) (1812 -2176 -738 ) 
4 211 217 (1812 -2224.990234 -740 ) (1812 -2336 -740 ) (1812 -2336 -738 ) (1812 -2224.990234 -738 ) 
4 211 212 (1812 -2336 -738 ) (1812 -2336 -580 ) (1812 -2176 -580 ) (1812 -2176 -738 ) 
4 212 226 (1460 -2216 -620 ) (1460 -2216 -716 ) (1460 -2264 -716 ) (1460 -2264 -620 ) 
4 212 223 (1460 -2056 -620 ) (1460 -2056 -716 ) (1460 -2104 -716 ) (1460 -2104 -620 ) 
4 212 219 (1812 -2139.536865 -738 ) (1812 -2224.990234 -738 ) (1777.342651 -2244.998535 -738 ) (1740.339966 -2180.903809 -738 ) 
4 212 218 (1689 -2296 -738 ) (1619.713745 -2336 -738 ) (1471.666870 -2336 -738 ) (1651.995605 -2231.902100 -738 ) 
3 212 217 (1812 -2224.990234 -738 ) (1812 -2336 -738 ) (1619.713745 -2336 -738 ) 
6 212 216 (1564.464478 -2282.430908 -738 ) (1471.666870 -2336 -738 ) (1460 -2336 -738 ) (1460 -2236.770264 -738 ) (1494.810059 -2154.729980 -738 ) (1599.750122 -2199.270020 -738 ) 
4 212 215 (1501.060059 -2140 -738 ) (1540.096069 -2048 -738 ) (1663.934692 -2048 -738 ) (1606 -2184.540039 -738 ) 
4 212 214 (1812 -2048 -738 ) (1812 -2139.536865 -738 ) (1564.464478 -2282.430908 -738 ) (1663.934692 -2048 -738 ) 
3 212 213 (1460 -2236.770264 -738 ) (1460 -2048 -738 ) (1540.096069 -2048 -738 ) 
4 213 216 (1494.810059 -2154.729980 -738 ) (1460 -2236.770508 -738 ) (1460 -2236.770508 -740 ) (1494.810059 -2154.729980 -740 ) 
4 213 215 (1540.095947 -2048 -738 ) (1501.060059 -2140 -738 ) (1501.060059 -2140 -740 ) (1540.095947 -2048 -740 ) 
4 214 219 (1812 -2139.549072 -740 ) (1812 -2139.539063 -738 ) (1740.340942 -2180.905518 -738 ) (1740.337769 -2180.917236 -740 ) 
4 214 218 (1651.996582 -2231.903809 -738 ) (1564.463135 -2282.434082 -738 ) (1564.457520 -2282.447266 -740 ) (1652 -2231.911377 -740 ) 
4 214 216 (1564.459839 -2282.444092 -740 ) (1564.465454 -2282.430908 -738 ) (1599.750977 -2199.270264 -738 ) (1599.750977 -2199.270264 -740 ) 
4 214 215 (1606 -2184.540527 -738 ) (1663.935547 -2048 -738 ) (1663.935547 -2048 -740 ) (1606 -2184.540527 -740 ) 
4 216 218 (1564.463135 -2282.434082 -738 ) (1471.670654 -2336 -738 ) (1471.687988 -2336 -740 ) (1564.457520 -2282.447266 -740 ) 
4 217 219 (1777.341797 -2244.997070 -738 ) (1812 -2224.988281 -738 ) (1812 -2224.988281 -740 ) (1777.334351 -2245.001465 -740 ) 
4 217 218 (1619.710938 -2336 -740 ) (1619.710938 -2336 -738 ) (1689 -2295.998779 -738 ) (1689 -2295.998779 -740 ) 
4 220 233 (1460 -2544 -740 ) (1460 -2352 -740 ) (1908 -2352 -740 ) (1908 -2544 -740 ) 
4 220 228 (1460 -2352 -740 ) (1460 -2544 -740 ) (1460 -2544 -580 ) (1460 -2352 -580 ) 
4 221 229 (1444 -2048 -480 ) (1444 -2048 -580 ) (1444 -2056 -580 ) (1444 -2056 -480 ) 
4 221 222 (1444 -2056 -480 ) (1444 -2056 -580 ) (1460 -2056 -580 ) (1460 -2056 -480 ) 
4 222 229 (1444 -2104 -580 ) (1444 -2104 -480 ) (1444 -2056 -480 ) (1444 -2056 -580 ) 
4 222 224 (1444 -2104 -480 ) (1444 -2104 -580 ) (1460 -2104 -580 ) (1460 -2104 -480 ) 
4 224 229 (1444 -2216 -580 ) (1444 -2216 -480 ) (1444 -2104 -480 ) (1444 -2104 -580 ) 
4 224 225 (1444 -2216 -480 ) (1444 -2216 -580 ) (1460 -2216 -580 ) (1460 -2216 -480 ) 
4 225 229 (1444 -2264 -580 ) (1444 -2264 -480 ) (1444 -2216 -480 ) (1444 -2216 -580 ) 
4 225 227 (1444 -2264 -480 ) (1444 -2264 -580 ) (1460 -2264 -580 ) (1460 -2264 -480 ) 
4 227 229 (1444 -2336 -580 ) (1444 -2336 -480 ) (1444 -2264 -480 ) (1444 -2264 -580 ) 
4 227 228 (1460 -2336 -580 ) (1460 -2336 -480 ) (1444 -2336 -480 ) (1444 -2336 -580 ) 
4 228 234 (1444 -2544 -740 ) (1444 -2336 -740 ) (1460 -2336 -740 ) (1460 -2544 -740 ) 
4 228 229 (1444 -2336 -740 ) (1444 -2544 -740 ) (1444 -2544 -480 ) (1444 -2336 -480 ) 
4 229 234 (1248 -2544 -740 ) (1248 -2048 -740 ) (1444 -2048 -740 ) (1444 -2544 -740 ) 
4 230 235 (1924 -2048 -756 ) (2048 -2048 -756 ) (2048 -2544 -756 ) (1924 -2544 -756 ) 
4 230 231 (1924 -2048 -756 ) (1924 -2228 -756 ) (1924 -2228 -740 ) (1924 -2048 -740 ) 
4 230 232 (1924 -2284 -756 ) (1924 -2544 -756 ) (1924 -2544 -740 ) (1924 -2284 -740 ) 
4 231 235 (1908 -2048 -756 ) (1924 -2048 -756 ) (1924 -2228 -756 ) (1908 -2228 -756 ) 
4 232 235 (1924 -2284 -756 ) (1924 -2544 -756 ) (1908 -2544 -756 ) (1908 -2284 -756 ) 
4 232 233 (1908 -2336 -756 ) (1908 -2544 -756 ) (1908 -2544 -740 ) (1908 -2336 -740 ) 
4 233 235 (1908 -2336 -756 ) (1908 -2544 -756 ) (1460 -2544 -756 ) (1460 -2336 -756 ) 
4 233 234 (1460 -2336 -756 ) (1460 -2544 -756 ) (1460 -2544 -740 ) (1460 -2336 -740 ) 
4 234 235 (1248 -2048 -756 ) (1460 -2048 -756 ) (1460 -2544 -756 ) (1248 -2544 -756 ) 
4 236 387 (0 -2112 -16 ) (0 -2112 992 ) (0 -2048 992 ) (0 -2048 -16 ) 
4 237 239 (-1024 1024 48 ) (-1024 1024 560 ) (-1024 1920 560 ) (-1024 1920 48 ) 
4 237 238 (-1024 1024 48 ) (-1024 1904 48 ) (-896 1904 48 ) (-896 1024 48 ) 
4 238 246 (-1024 1024 0 ) (-1024 1024 -80 ) (-968 1024 -80 ) (-968 1024 0 ) 
4 238 242 (-968 1024 48 ) (-1024 1024 48 ) (-1024 1024 0 ) (-968 1024 0 ) 
4 238 240 (-1024 1024 -80 ) (-1024 1024 48 ) (-1024 1904 48 ) (-1024 1904 -80 ) 
4 239 247 (-1400 1024 384 ) (-1400 1024 352 ) (-1336 1024 352 ) (-1336 1024 384 ) 
4 239 240 (-1024 1024 48 ) (-1824 1024 48 ) (-1824 1904 48 ) (-1024 1904 48 ) 
4 240 249 (-1624 1024 48 ) (-1752 1024 48 ) (-1752 1024 -80 ) (-1624 1024 -80 ) 
4 240 248 (-1024 1024 -80 ) (-1024 1024 48 ) (-1096 1024 48 ) (-1096 1024 -80 ) 
4 241 263 (-272 0 128 ) (-384 0 128 ) (-384 0 0 ) (-272 0 0 ) 
4 241 262 (-256 0 128 ) (-272 0 128 ) (-272 0 0 ) (-256 0 0 ) 
4 241 261 (0 0 0 ) (0 0 128 ) (-256 0 128 ) (-256 0 0 ) 
4 242 250 (-1024 1016 0 ) (-1024 768 0 ) (-1024 768 48 ) (-1024 1016 48 ) 
4 242 248 (-1024 1024 48 ) (-1024 1024 0 ) (-1024 1016 0 ) (-1024 1016 48 ) 
4 242 246 (-1024 768 0 ) (-1024 1024 0 ) (-968 1024 0 ) (-968 768 0 ) 
4 243 244 (-736 128 32 ) (-736 128 0 ) (-736 0 0 ) (-736 0 32 ) 
4 244 245 (-738 128 32 ) (-738 128 0 ) (-738 0 0 ) (-738 0 32 ) 
4 245 301 (-960 0 128 ) (-1024 0 128 ) (-1024 0 0 ) (-960 0 0 ) 
4 245 252 (-1024 128 0 ) (-1024 0 0 ) (-1024 0 128 ) (-1024 128 128 ) 
4 246 250 (-1024 1016 -80 ) (-1024 768 -80 ) (-1024 768 0 ) (-1024 1016 0 ) 
4 246 248 (-1024 1024 0 ) (-1024 1024 -80 ) (-1024 1016 -80 ) (-1024 1016 0 ) 
4 248 250 (-1096 1016 -80 ) (-1024 1016 -80 ) (-1024 1016 48 ) (-1096 1016 48 ) 
4 249 251 (-1752 1016 -80 ) (-1624 1016 -80 ) (-1624 1016 48 ) (-1752 1016 48 ) 
4 252 311 (-1024 0 0 ) (-1024 0 128 ) (-1088 0 128 ) (-1088 0 0 ) 
4 252 253 (-1310 128 0 ) (-1310 0 0 ) (-1310 0 32 ) (-1310 128 32 ) 
4 253 254 (-1312 128 0 ) (-1312 0 0 ) (-1312 0 32 ) (-1312 128 32 ) 
4 255 261 (-128 -768 128 ) (-128 0 128 ) (0 0 128 ) (0 -768 128 ) 
3 255 257 (-128 -768 319.993927 ) (-128 -768 384 ) (-128 -639.987854 384 ) 
5 255 256 (-128 0 128 ) (-128 -768 128 ) (-128 -768 319.993927 ) (-128 -639.987854 384 ) (-128 0 384 ) 
4 256 342 (-256 -1024 191.991959 ) (-256 -1024 128 ) (-128 -1024 128 ) (-128 -1024 191.993942 ) 
4 256 261 (-128 -1024 128 ) (-256 -1024 128 ) (-256 0 128 ) (-128 0 128 ) 
5 256 258 (-256 0 384 ) (-256 0 128 ) (-256 -768 128 ) (-256 -768 319.991974 ) (-256 -639.983948 384 ) 
4 256 257 (-128 -639.988220 384 ) (-256 -639.984192 384 ) (-256 -768 319.992096 ) (-128 -768 319.994141 ) 
3 257 258 (-256 -768 384 ) (-256 -639.983948 384 ) (-256 -768 319.991974 ) 
4 258 266 (-512 0 128 ) (-480 0 128 ) (-480 -768 128 ) (-512 -768 128 ) 
4 258 264 (-480 0 128 ) (-384 0 128 ) (-384 -768 128 ) (-480 -768 128 ) 
4 258 263 (-384 0 128 ) (-272 0 128 ) (-272 -768 128 ) (-384 -768 128 ) 
4 258 262 (-272 0 128 ) (-256 0 128 ) (-256 -768 128 ) (-272 -768 128 ) 
4 259 293 (-760 -256 128 ) (-760 -64 128 ) (-632 -64 128 ) (-632 -256 128 ) 
4 260 306 (-1024 -256 176 ) (-1024 -64 176 ) (-1024 -64 128 ) (-1024 -256 128 ) 
4 260 301 (-1024 -256 128 ) (-1024 -64 128 ) (-960 -64 128 ) (-960 -256 128 ) 
4 261 342 (-128 -1024 128 ) (-256 -1024 128 ) (-256 -1024 0 ) (-128 -1024 0 ) 
4 261 341 (0 -1024 0 ) (0 -1024 128 ) (-128 -1024 128 ) (-128 -1024 0 ) 
4 261 291 (0 -1024 0 ) (-256 -1024 0 ) (-256 -768 0 ) (0 -768 0 ) 
4 261 288 (-256 -768 0 ) (-256 -672 0 ) (-128 -672 0 ) (-128 -768 0 ) 
4 261 287 (-256 -672 0 ) (-256 -640 0 ) (-128 -640 0 ) (-128 -672 0 ) 
4 261 286 (-256 -640 0 ) (-256 -544 0 ) (-128 -544 0 ) (-128 -640 0 ) 
4 261 285 (-256 -544 0 ) (-256 -512 0 ) (-128 -512 0 ) (-128 -544 0 ) 
4 261 284 (-256 -512 0 ) (-256 -416 0 ) (-128 -416 0 ) (-128 -512 0 ) 
4 261 283 (-256 -416 0 ) (-256 -384 0 ) (-128 -384 0 ) (-128 -416 0 ) 
4 261 282 (-256 -384 0 ) (-256 -288 0 ) (-128 -288 0 ) (-128 -384 0 ) 
4 261 281 (-256 -288 0 ) (-256 -256 0 ) (-128 -256 0 ) (-128 -288 0 ) 
4 261 280 (-256 -256 0 ) (-256 -160 0 ) (-128 -160 0 ) (-128 -256 0 ) 
4 261 279 (-256 -160 0 ) (-256 -128 0 ) (-128 -128 0 ) (-128 -160 0 ) 
4 261 278 (-256 -128 0 ) (-256 -32 0 ) (-128 -32 0 ) (-128 -128 0 ) 
4 261 277 (-256 -32 0 ) (-256 0 0 ) (-128 0 0 ) (-128 -32 0 ) 
4 261 276 (0 -416 0 ) (0 -512 0 ) (-128 -512 0 ) (-128 -416 0 ) 
4 261 275 (0 -384 0 ) (0 -416 0 ) (-128 -416 0 ) (-128 -384 0 ) 
4 261 274 (0 -288 0 ) (0 -384 0 ) (-128 -384 0 ) (-128 -288 0 ) 
4 261 273 (0 -256 0 ) (0 -288 0 ) (-128 -288 0 ) (-128 -256 0 ) 
4 261 272 (0 -160 0 ) (0 -256 0 ) (-128 -256 0 ) (-128 -160 0 ) 
4 261 271 (0 -128 0 ) (0 -160 0 ) (-128 -160 0 ) (-128 -128 0 ) 
4 261 270 (0 -32 0 ) (0 -128 0 ) (-128 -128 0 ) (-128 -32 0 ) 
4 261 269 (-128 0 0 ) (0 0 0 ) (0 -32 0 ) (-128 -32 0 ) 
4 261 262 (-256 0 0 ) (-256 -768 0 ) (-256 -768 128 ) (-256 0 128 ) 
4 262 288 (-272 -768 0 ) (-272 -672 0 ) (-256 -672 0 ) (-256 -768 0 ) 
4 262 287 (-272 -672 0 ) (-272 -640 0 ) (-256 -640 0 ) (-256 -672 0 ) 
4 262 286 (-272 -640 0 ) (-272 -544 0 ) (-256 -544 0 ) (-256 -640 0 ) 
4 262 285 (-272 -544 0 ) (-272 -512 0 ) (-256 -512 0 ) (-256 -544 0 ) 
4 262 284 (-272 -512 0 ) (-272 -416 0 ) (-256 -416 0 ) (-256 -512 0 ) 
4 262 283 (-272 -416 0 ) (-272 -384 0 ) (-256 -384 0 ) (-256 -416 0 ) 
4 262 282 (-272 -384 0 ) (-272 -288 0 ) (-256 -288 0 ) (-256 -384 0 ) 
4 262 281 (-272 -288 0 ) (-272 -256 0 ) (-256 -256 0 ) (-256 -288 0 ) 
4 262 280 (-272 -256 0 ) (-272 -160 0 ) (-256 -160 0 ) (-256 -256 0 ) 
4 262 279 (-272 -160 0 ) (-272 -128 0 ) (-256 -128 0 ) (-256 -160 0 ) 
4 262 278 (-272 -128 0 ) (-272 -32 0 ) (-256 -32 0 ) (-256 -128 0 ) 
4 262 277 (-272 -32 0 ) (-272 0 0 ) (-256 0 0 ) (-256 -32 0 ) 
4 262 263 (-272 0 0 ) (-272 -768 0 ) (-272 -768 128 ) (-272 0 128 ) 
4 263 288 (-384 -768 0 ) (-384 -672 0 ) (-272 -672 0 ) (-272 -768 0 ) 
4 263 287 (-384 -672 0 ) (-384 -640 0 ) (-272 -640 0 ) (-272 -672 0 ) 
4 263 286 (-384 -640 0 ) (-384 -544 0 ) (-272 -544 0 ) (-272 -640 0 ) 
4 263 285 (-384 -544 0 ) (-384 -512 0 ) (-272 -512 0 ) (-272 -544 0 ) 
4 263 284 (-384 -512 0 ) (-384 -416 0 ) (-272 -416 0 ) (-272 -512 0 ) 
4 263 283 (-384 -416 0 ) (-384 -384 0 ) (-272 -384 0 ) (-272 -416 0 ) 
4 263 282 (-384 -384 0 ) (-384 -288 0 ) (-272 -288 0 ) (-272 -384 0 ) 
4 263 281 (-384 -288 0 ) (-384 -256 0 ) (-272 -256 0 ) (-272 -288 0 ) 
4 263 280 (-384 -256 0 ) (-384 -160 0 ) (-272 -160 0 ) (-272 -256 0 ) 
4 263 279 (-384 -160 0 ) (-384 -128 0 ) (-272 -128 0 ) (-272 -160 0 ) 
4 263 278 (-384 -128 0 ) (-384 -32 0 ) (-272 -32 0 ) (-272 -128 0 ) 
4 263 277 (-384 -32 0 ) (-384 0 0 ) (-272 0 0 ) (-272 -32 0 ) 
4 263 264 (-384 0 0 ) (-384 -768 0 ) (-384 -768 128 ) (-384 0 128 ) 
4 264 288 (-384 -672 0 ) (-384 -768 0 ) (-480 -768 0 ) (-480 -672 0 ) 
4 264 287 (-384 -640 0 ) (-384 -672 0 ) (-480 -672 0 ) (-480 -640 0 ) 
4 264 286 (-384 -544 0 ) (-384 -640 0 ) (-480 -640 0 ) (-480 -544 0 ) 
4 264 285 (-384 -512 0 ) (-384 -544 0 ) (-480 -544 0 ) (-480 -512 0 ) 
4 264 284 (-384 -416 0 ) (-384 -512 0 ) (-480 -512 0 ) (-480 -416 0 ) 
4 264 283 (-384 -384 0 ) (-384 -416 0 ) (-480 -416 0 ) (-480 -384 0 ) 
4 264 282 (-384 -288 0 ) (-384 -384 0 ) (-480 -384 0 ) (-480 -288 0 ) 
4 264 281 (-384 -256 0 ) (-384 -288 0 ) (-480 -288 0 ) (-480 -256 0 ) 
4 264 280 (-384 -160 0 ) (-384 -256 0 ) (-480 -256 0 ) (-480 -160 0 ) 
4 264 279 (-384 -128 0 ) (-384 -160 0 ) (-480 -160 0 ) (-480 -128 0 ) 
4 264 278 (-384 -32 0 ) (-384 -128 0 ) (-480 -128 0 ) (-480 -32 0 ) 
4 264 277 (-480 0 0 ) (-384 0 0 ) (-384 -32 0 ) (-480 -32 0 ) 
4 264 266 (-480 0 0 ) (-480 -768 0 ) (-480 -768 128 ) (-480 0 128 ) 
4 264 265 (-480 -896 128 ) (-480 -896 0 ) (-384 -800 0 ) (-384 -800 128 ) 
4 265 268 (-480 -896 0 ) (-480 -992 0 ) (-480 -992 128 ) (-480 -896 128 ) 
4 266 293 (-512 -288 128 ) (-512 -32 128 ) (-512 -32 0 ) (-512 -288 0 ) 
4 266 288 (-512 -768 0 ) (-512 -672 0 ) (-480 -672 0 ) (-480 -768 0 ) 
4 266 287 (-512 -672 0 ) (-512 -640 0 ) (-480 -640 0 ) (-480 -672 0 ) 
4 266 286 (-512 -640 0 ) (-512 -544 0 ) (-480 -544 0 ) (-480 -640 0 ) 
4 266 285 (-512 -544 0 ) (-512 -512 0 ) (-480 -512 0 ) (-480 -544 0 ) 
4 266 284 (-512 -512 0 ) (-512 -416 0 ) (-480 -416 0 ) (-480 -512 0 ) 
4 266 283 (-512 -416 0 ) (-512 -384 0 ) (-480 -384 0 ) (-480 -416 0 ) 
4 266 282 (-512 -384 0 ) (-512 -288 0 ) (-480 -288 0 ) (-480 -384 0 ) 
4 266 281 (-512 -288 0 ) (-512 -256 0 ) (-480 -256 0 ) (-480 -288 0 ) 
4 266 280 (-512 -256 0 ) (-512 -160 0 ) (-480 -160 0 ) (-480 -256 0 ) 
4 266 279 (-512 -160 0 ) (-512 -128 0 ) (-480 -128 0 ) (-480 -160 0 ) 
4 266 278 (-512 -128 0 ) (-512 -32 0 ) (-480 -32 0 ) (-480 -128 0 ) 
4 266 277 (-512 -32 0 ) (-512 0 0 ) (-480 0 0 ) (-480 -32 0 ) 
4 267 297 (-512 -928 128 ) (-512 -896 128 ) (-512 -896 0 ) (-512 -928 0 ) 
4 267 268 (-512 -928 128 ) (-512 -928 0 ) (-480 -896 0 ) (-480 -896 128 ) 
4 268 298 (-512 -992 128 ) (-512 -928 128 ) (-512 -928 0 ) (-512 -992 0 ) 
4 269 289 (-128 -32 -1 ) (-128 0 -1 ) (0 0 -1 ) (0 -32 -1 ) 
4 269 277 (-128 0 -1 ) (-128 -32 -1 ) (-128 -32 0 ) (-128 0 0 ) 
4 269 270 (-128 -32 0 ) (-128 -32 -1 ) (0 -32 -1 ) (0 -32 0 ) 
4 270 289 (-128 -128 -1 ) (-128 -32 -1 ) (0 -32 -1 ) (0 -128 -1 ) 
4 270 278 (-128 -32 -1 ) (-128 -128 -1 ) (-128 -128 0 ) (-128 -32 0 ) 
4 270 271 (-128 -128 0 ) (-128 -128 -1 ) (0 -128 -1 ) (0 -128 0 ) 
4 271 289 (-128 -160 -1 ) (-128 -128 -1 ) (0 -128 -1 ) (0 -160 -1 ) 
4 271 279 (-128 -128 -1 ) (-128 -160 -1 ) (-128 -160 0 ) (-128 -128 0 ) 
4 271 272 (-128 -160 0 ) (-128 -160 -1 ) (0 -160 -1 ) (0 -160 0 ) 
4 272 289 (-128 -256 -1 ) (-128 -160 -1 ) (0 -160 -1 ) (0 -256 -1 ) 
4 272 280 (-128 -160 -1 ) (-128 -256 -1 ) (-128 -256 0 ) (-128 -160 0 ) 
4 272 273 (-128 -256 0 ) (-128 -256 -1 ) (0 -256 -1 ) (0 -256 0 ) 
4 273 289 (-128 -288 -1 ) (-128 -256 -1 ) (0 -256 -1 ) (0 -288 -1 ) 
4 273 281 (-128 -256 -1 ) (-128 -288 -1 ) (-128 -288 0 ) (-128 -256 0 ) 
4 273 274 (-128 -288 0 ) (-128 -288 -1 ) (0 -288 -1 ) (0 -288 0 ) 
4 274 289 (-128 -384 -1 ) (-128 -288 -1 ) (0 -288 -1 ) (0 -384 -1 ) 
4 274 282 (-128 -288 -1 ) (-128 -384 -1 ) (-128 -384 0 ) (-128 -288 0 ) 
4 274 275 (-128 -384 0 ) (-128 -384 -1 ) (0 -384 -1 ) (0 -384 0 ) 
4 275 289 (-128 -416 -1 ) (-128 -384 -1 ) (0 -384 -1 ) (0 -416 -1 ) 
4 275 283 (-128 -384 -1 ) (-128 -416 -1 ) (-128 -416 0 ) (-128 -384 0 ) 
4 275 276 (-128 -416 0 ) (-128 -416 -1 ) (0 -416 -1 ) (0 -416 0 ) 
4 276 289 (-128 -512 -1 ) (-128 -416 -1 ) (0 -416 -1 ) (0 -512 -1 ) 
4 276 284 (-128 -416 -1 ) (-128 -512 -1 ) (-128 -512 0 ) (-128 -416 0 ) 
4 277 290 (-512 -32 -1 ) (-512 0 -1 ) (-128 0 -1 ) (-128 -32 -1 ) 
4 277 278 (-512 -32 -1 ) (-128 -32 -1 ) (-128 -32 0 ) (-512 -32 0 ) 
4 278 290 (-512 -128 -1 ) (-512 -32 -1 ) (-128 -32 -1 ) (-128 -128 -1 ) 
4 278 279 (-512 -128 -1 ) (-128 -128 -1 ) (-128 -128 0 ) (-512 -128 0 ) 
4 279 290 (-512 -160 -1 ) (-512 -128 -1 ) (-128 -128 -1 ) (-128 -160 -1 ) 
4 279 280 (-512 -160 -1 ) (-128 -160 -1 ) (-128 -160 0 ) (-512 -160 0 ) 
4 280 290 (-512 -256 -1 ) (-512 -160 -1 ) (-128 -160 -1 ) (-128 -256 -1 ) 
4 280 281 (-512 -256 -1 ) (-128 -256 -1 ) (-128 -256 0 ) (-512 -256 0 ) 
4 281 290 (-512 -288 -1 ) (-512 -256 -1 ) (-128 -256 -1 ) (-128 -288 -1 ) 
4 281 282 (-512 -288 -1 ) (-128 -288 -1 ) (-128 -288 0 ) (-512 -288 0 ) 
4 282 290 (-512 -384 -1 ) (-512 -288 -1 ) (-128 -288 -1 ) (-128 -384 -1 ) 
4 282 283 (-512 -384 -1 ) (-128 -384 -1 ) (-128 -384 0 ) (-512 -384 0 ) 
4 283 290 (-512 -416 -1 ) (-512 -384 -1 ) (-128 -384 -1 ) (-128 -416 -1 ) 
4 283 284 (-512 -416 -1 ) (-128 -416 -1 ) (-128 -416 0 ) (-512 -416 0 ) 
4 284 290 (-512 -512 -1 ) (-512 -416 -1 ) (-128 -416 -1 ) (-128 -512 -1 ) 
4 284 285 (-512 -512 -1 ) (-128 -512 -1 ) (-128 -512 0 ) (-512 -512 0 ) 
4 285 290 (-512 -544 -1 ) (-512 -512 -1 ) (-128 -512 -1 ) (-128 -544 -1 ) 
4 285 286 (-512 -544 -1 ) (-128 -544 -1 ) (-128 -544 0 ) (-512 -544 0 ) 
4 286 290 (-512 -640 -1 ) (-512 -544 -1 ) (-128 -544 -1 ) (-128 -640 -1 ) 
4 286 287 (-512 -640 -1 ) (-128 -640 -1 ) (-128 -640 0 ) (-512 -640 0 ) 
4 287 290 (-512 -672 -1 ) (-512 -640 -1 ) (-128 -640 -1 ) (-128 -672 -1 ) 
4 287 288 (-512 -672 -1 ) (-128 -672 -1 ) (-128 -672 0 ) (-512 -672 0 ) 
4 288 291 (-128 -768 0 ) (-256 -768 0 ) (-256 -768 -1 ) (-128 -768 -1 ) 
4 288 290 (-128 -768 -1 ) (-512 -768 -1 ) (-512 -672 -1 ) (-128 -672 -1 ) 
4 289 290 (-128 -512 -6 ) (-128 -512 -1 ) (-128 0 -1 ) (-128 0 -6 ) 
4 290 292 (-128 -768 -1 ) (-256 -768 -1 ) (-256 -768 -6 ) (-128 -768 -6 ) 
4 291 355 (0 -1024 -1 ) (0 -1024 0 ) (-256 -1024 0 ) (-256 -1024 -1 ) 
4 291 292 (-256 -1024 -1 ) (-256 -768 -1 ) (0 -768 -1 ) (0 -1024 -1 ) 
4 292 356 (0 -1024 -6 ) (0 -1024 -1 ) (-256 -1024 -1 ) (-256 -1024 -6 ) 
4 293 300 (-896 -32 0 ) (-896 -288 0 ) (-896 -288 128 ) (-896 -32 128 ) 
4 293 294 (-896 -288 128 ) (-896 -288 0 ) (-832 -288 0 ) (-832 -288 128 ) 
4 294 295 (-896 -416 16 ) (-896 -416 0 ) (-832 -416 0 ) (-832 -416 16 ) 
4 295 296 (-896 -420 16 ) (-896 -420 0 ) (-832 -420 0 ) (-832 -420 16 ) 
4 297 299 (-640 -896 0 ) (-640 -992 0 ) (-640 -992 128 ) (-640 -896 128 ) 
4 297 298 (-576 -992 128 ) (-576 -992 0 ) (-512 -928 0 ) (-512 -928 128 ) 
4 300 301 (-960 -32 0 ) (-960 -288 0 ) (-960 -288 128 ) (-960 -32 128 ) 
4 301 311 (-1024 -288 128 ) (-1024 0 128 ) (-1024 0 0 ) (-1024 -288 0 ) 
4 302 303 (-1004 -744 16 ) (-1004 -744 0 ) (-1004 -808 0 ) (-1004 -808 16 ) 
4 303 304 (-1008 -744 16 ) (-1008 -744 0 ) (-1008 -808 0 ) (-1008 -808 16 ) 
4 304 305 (-1020 -748 0 ) (-1020 -804 0 ) (-1020 -804 112 ) (-1020 -748 112 ) 
4 305 316 (-1024 -748 112 ) (-1024 -748 0 ) (-1024 -804 0 ) (-1024 -804 112 ) 
4 306 311 (-1024 -64 128 ) (-1024 -256 128 ) (-1088 -256 128 ) (-1088 -64 128 ) 
4 307 312 (-1280 -64 128 ) (-1280 -256 128 ) (-1408 -256 128 ) (-1408 -64 128 ) 
4 308 359 (-1400 -1024 256 ) (-1400 -1024 128 ) (-1080 -1024 128 ) (-1080 -1024 256 ) 
4 308 335 (-1400 -996 128 ) (-1400 -940 128 ) (-1080 -940 128 ) (-1080 -996 128 ) 
4 308 334 (-1400 -940 128 ) (-1400 -936 128 ) (-1080 -936 128 ) (-1080 -940 128 ) 
4 308 338 (-1080 -1024 128 ) (-1400 -1024 128 ) (-1400 -996 128 ) (-1080 -996 128 ) 
4 308 331 (-1400 -936 128 ) (-1400 -880 128 ) (-1080 -880 128 ) (-1080 -936 128 ) 
4 308 330 (-1400 -880 128 ) (-1400 -808 128 ) (-1080 -808 128 ) (-1080 -880 128 ) 
4 308 319 (-1400 -792 128 ) (-1400 -736 128 ) (-1080 -736 128 ) (-1080 -792 128 ) 
4 308 318 (-1400 -736 128 ) (-1400 -664 128 ) (-1080 -664 128 ) (-1080 -736 128 ) 
4 308 324 (-1400 -808 128 ) (-1400 -792 128 ) (-1080 -792 128 ) (-1080 -808 128 ) 
4 309 360 (-1408 -1024 256 ) (-1400 -1024 256 ) (-1400 -1024 952 ) (-1408 -1024 952 ) 
4 309 361 (-1728 -1024 952 ) (-1728 -1024 256 ) (-1408 -1024 256 ) (-1408 -1024 952 ) 
4 309 310 (-1728 -1024 256 ) (-1728 -664 256 ) (-1408 -664 256 ) (-1408 -1024 256 ) 
4 310 361 (-1728 -1024 256 ) (-1728 -1024 128 ) (-1408 -1024 128 ) (-1408 -1024 256 ) 
4 310 339 (-1412 -1024 128 ) (-1728 -1024 128 ) (-1728 -808 128 ) (-1412 -808 128 ) 
4 310 337 (-1412 -996 128 ) (-1412 -940 128 ) (-1408 -940 128 ) (-1408 -996 128 ) 
4 310 334 (-1412 -940 128 ) (-1412 -936 128 ) (-1408 -936 128 ) (-1408 -940 128 ) 
4 310 338 (-1408 -1024 128 ) (-1412 -1024 128 ) (-1412 -996 128 ) (-1408 -996 128 ) 
4 310 333 (-1412 -936 128 ) (-1412 -880 128 ) (-1408 -880 128 ) (-1408 -936 128 ) 
4 310 330 (-1412 -880 128 ) (-1412 -808 128 ) (-1408 -808 128 ) (-1408 -880 128 ) 
4 310 321 (-1412 -736 128 ) (-1408 -736 128 ) (-1408 -792 128 ) (-1412 -792 128 ) 
4 310 322 (-1728 -792 128 ) (-1728 -736 128 ) (-1412 -736 128 ) (-1412 -792 128 ) 
4 310 318 (-1728 -736 128 ) (-1728 -664 128 ) (-1408 -664 128 ) (-1408 -736 128 ) 
4 310 324 (-1728 -808 128 ) (-1728 -792 128 ) (-1408 -792 128 ) (-1408 -808 128 ) 
4 311 312 (-1088 -32 0 ) (-1088 -288 0 ) (-1088 -288 128 ) (-1088 -32 128 ) 
4 312 313 (-1216 -288 0 ) (-1152 -288 0 ) (-1152 -288 128 ) (-1216 -288 128 ) 
4 313 314 (-1216 -416 16 ) (-1216 -416 0 ) (-1152 -416 0 ) (-1152 -416 16 ) 
4 314 315 (-1216 -420 16 ) (-1216 -420 0 ) (-1152 -420 0 ) (-1152 -420 16 ) 
4 316 317 (-1036 -748 0 ) (-1036 -804 0 ) (-1036 -804 112 ) (-1036 -748 112 ) 
4 317 319 (-1080 -792 8 ) (-1080 -792 128 ) (-1080 -744 128 ) (-1080 -744 8 ) 
4 317 323 (-1080 -744 0 ) (-1080 -792 0 ) (-1080 -792 8 ) (-1080 -744 8 ) 
4 317 324 (-1080 -792 0 ) (-1080 -808 0 ) (-1080 -808 128 ) (-1080 -792 128 ) 
4 318 321 (-1412 -736 8 ) (-1408 -736 8 ) (-1408 -736 128 ) (-1412 -736 128 ) 
4 318 320 (-1408 -736 8 ) (-1404 -736 8 ) (-1404 -736 128 ) (-1408 -736 128 ) 
4 318 319 (-1404 -736 8 ) (-1080 -736 8 ) (-1080 -736 128 ) (-1404 -736 128 ) 
4 318 322 (-1728 -736 128 ) (-1728 -736 8 ) (-1412 -736 8 ) (-1412 -736 128 ) 
4 318 323 (-1728 -736 8 ) (-1728 -736 0 ) (-1080 -736 0 ) (-1080 -736 8 ) 
4 319 320 (-1404 -736 128 ) (-1404 -736 8 ) (-1404 -792 8 ) (-1404 -792 128 ) 
4 319 324 (-1404 -792 8 ) (-1080 -792 8 ) (-1080 -792 128 ) (-1404 -792 128 ) 
4 319 323 (-1080 -792 8 ) (-1404 -792 8 ) (-1404 -736 8 ) (-1080 -736 8 ) 
4 320 323 (-1404 -792 8 ) (-1408 -792 8 ) (-1408 -736 8 ) (-1404 -736 8 ) 
4 320 324 (-1408 -792 8 ) (-1404 -792 8 ) (-1404 -792 128 ) (-1408 -792 128 ) 
4 320 321 (-1408 -736 128 ) (-1408 -736 8 ) (-1408 -792 8 ) (-1408 -792 128 ) 
4 321 323 (-1408 -792 8 ) (-1412 -792 8 ) (-1412 -736 8 ) (-1408 -736 8 ) 
4 321 324 (-1412 -792 8 ) (-1408 -792 8 ) (-1408 -792 128 ) (-1412 -792 128 ) 
4 321 322 (-1412 -736 128 ) (-1412 -736 8 ) (-1412 -792 8 ) (-1412 -792 128 ) 
4 322 323 (-1412 -792 8 ) (-1728 -792 8 ) (-1728 -736 8 ) (-1412 -736 8 ) 
4 322 324 (-1728 -792 128 ) (-1728 -792 8 ) (-1412 -792 8 ) (-1412 -792 128 ) 
4 323 324 (-1728 -792 8 ) (-1728 -792 0 ) (-1080 -792 0 ) (-1080 -792 8 ) 
4 324 340 (-1728 -808 0 ) (-1080 -808 0 ) (-1080 -808 20 ) (-1728 -808 20 ) 
4 324 339 (-1412 -808 128 ) (-1728 -808 128 ) (-1728 -808 20 ) (-1412 -808 20 ) 
4 324 330 (-1080 -808 20 ) (-1080 -808 128 ) (-1412 -808 128 ) (-1412 -808 20 ) 
4 325 326 (-2000 -744 16 ) (-2000 -744 0 ) (-2000 -808 0 ) (-2000 -808 16 ) 
4 326 327 (-2004 -744 16 ) (-2004 -744 0 ) (-2004 -808 0 ) (-2004 -808 16 ) 
4 327 328 (-2016 -748 0 ) (-2016 -804 0 ) (-2016 -804 112 ) (-2016 -748 112 ) 
4 328 329 (-2032 -748 0 ) (-2032 -804 0 ) (-2032 -804 112 ) (-2032 -748 112 ) 
4 329 366 (-2048 -808 128 ) (-2048 -744 128 ) (-2048 -744 0 ) (-2048 -808 0 ) 
4 330 340 (-1412 -880 20 ) (-1412 -808 20 ) (-1080 -808 20 ) (-1080 -880 20 ) 
4 330 339 (-1412 -808 128 ) (-1412 -808 20 ) (-1412 -880 20 ) (-1412 -880 128 ) 
4 330 333 (-1412 -880 128 ) (-1412 -880 20 ) (-1408 -880 20 ) (-1408 -880 128 ) 
4 330 332 (-1408 -880 20 ) (-1404 -880 20 ) (-1404 -880 128 ) (-1408 -880 128 ) 
4 330 331 (-1404 -880 20 ) (-1080 -880 20 ) (-1080 -880 128 ) (-1404 -880 128 ) 
4 331 340 (-1404 -880 20 ) (-1080 -880 20 ) (-1080 -936 20 ) (-1404 -936 20 ) 
4 331 334 (-1404 -936 20 ) (-1080 -936 20 ) (-1080 -936 128 ) (-1404 -936 128 ) 
4 331 332 (-1404 -880 128 ) (-1404 -880 20 ) (-1404 -936 20 ) (-1404 -936 128 ) 
4 332 340 (-1408 -880 20 ) (-1404 -880 20 ) (-1404 -936 20 ) (-1408 -936 20 ) 
4 332 334 (-1408 -936 20 ) (-1404 -936 20 ) (-1404 -936 128 ) (-1408 -936 128 ) 
4 332 333 (-1408 -880 128 ) (-1408 -880 20 ) (-1408 -936 20 ) (-1408 -936 128 ) 
4 333 340 (-1412 -936 20 ) (-1412 -880 20 ) (-1408 -880 20 ) (-1408 -936 20 ) 
4 333 339 (-1412 -880 20 ) (-1412 -936 20 ) (-1412 -936 128 ) (-1412 -880 128 ) 
4 333 334 (-1412 -936 128 ) (-1412 -936 20 ) (-1408 -936 20 ) (-1408 -936 128 ) 
4 334 340 (-1412 -940 20 ) (-1412 -936 20 ) (-1080 -936 20 ) (-1080 -940 20 ) 
4 334 339 (-1412 -936 20 ) (-1412 -940 20 ) (-1412 -940 128 ) (-1412 -936 128 ) 
4 334 337 (-1412 -940 128 ) (-1412 -940 20 ) (-1408 -940 20 ) (-1408 -940 128 ) 
4 334 336 (-1408 -940 20 ) (-1404 -940 20 ) (-1404 -940 128 ) (-1408 -940 128 ) 
4 334 335 (-1404 -940 20 ) (-1080 -940 20 ) (-1080 -940 128 ) (-1404 -940 128 ) 
4 335 340 (-1404 -940 20 ) (-1080 -940 20 ) (-1080 -996 20 ) (-1404 -996 20 ) 
4 335 336 (-1404 -940 128 ) (-1404 -940 20 ) (-1404 -996 20 ) (-1404 -996 128 ) 
4 335 338 (-1404 -996 20 ) (-1080 -996 20 ) (-1080 -996 128 ) (-1404 -996 128 ) 
4 336 340 (-1408 -940 20 ) (-1404 -940 20 ) (-1404 -996 20 ) (-1408 -996 20 ) 
4 336 338 (-1408 -996 20 ) (-1404 -996 20 ) (-1404 -996 128 ) (-1408 -996 128 ) 
4 336 337 (-1408 -940 128 ) (-1408 -940 20 ) (-1408 -996 20 ) (-1408 -996 128 ) 
4 337 340 (-1412 -996 20 ) (-1412 -940 20 ) (-1408 -940 20 ) (-1408 -996 20 ) 
4 337 339 (-1412 -940 20 ) (-1412 -996 20 ) (-1412 -996 128 ) (-1412 -940 128 ) 
4 337 338 (-1412 -996 128 ) (-1412 -996 20 ) (-1408 -996 20 ) (-1408 -996 128 ) 
4 338 362 (-1400 -1024 128 ) (-1412 -1024 128 ) (-1412 -1024 20 ) (-1400 -1024 20 ) 
4 338 359 (-1080 -1024 128 ) (-1400 -1024 128 ) (-1400 -1024 20 ) (-1080 -1024 20 ) 
4 338 340 (-1080 -1024 20 ) (-1412 -1024 20 ) (-1412 -996 20 ) (-1080 -996 20 ) 
4 338 339 (-1412 -996 20 ) (-1412 -1024 20 ) (-1412 -1024 128 ) (-1412 -996 128 ) 
4 339 362 (-1412 -1024 128 ) (-1728 -1024 128 ) (-1728 -1024 20 ) (-1412 -1024 20 ) 
4 339 340 (-1412 -1024 20 ) (-1728 -1024 20 ) (-1728 -808 20 ) (-1412 -808 20 ) 
4 340 362 (-1400 -1024 20 ) (-1728 -1024 20 ) (-1728 -1024 0 ) (-1400 -1024 0 ) 
4 340 359 (-1080 -1024 20 ) (-1400 -1024 20 ) (-1400 -1024 0 ) (-1080 -1024 0 ) 
4 341 355 (-128 -1024 0 ) (0 -1024 0 ) (0 -1152 0 ) (-128 -1152 0 ) 
4 341 345 (-128 -1152 0 ) (0 -1152 0 ) (0 -1152 128 ) (-128 -1152 128 ) 
4 341 342 (-128 -1024 0 ) (-128 -1152 0 ) (-128 -1152 128 ) (-128 -1024 128 ) 
4 342 355 (-256 -1024 0 ) (-128 -1024 0 ) (-128 -1152 0 ) (-256 -1152 0 ) 
4 342 346 (-256 -1152 0 ) (-128 -1152 0 ) (-128 -1152 127.994011 ) (-256 -1152 127.991943 ) 
4 343 346 (-384 -1152 0 ) (-272 -1152 0 ) (-272 -1152 128 ) (-384 -1152 128 ) 
4 344 350 (-128 -1672 128 ) (-256 -1672 128 ) (-256 -1416 128 ) (-128 -1416 128 ) 
4 344 348 (0 -1672 128 ) (-128 -1672 128 ) (-128 -1664 128 ) (0 -1664 128 ) 
4 344 347 (-128 -1664 128 ) (-128 -1416 128 ) (0 -1416 128 ) (0 -1664 128 ) 
4 345 355 (-128 -1152 0 ) (0 -1152 0 ) (0 -1408 0 ) (-128 -1408 0 ) 
4 345 347 (-128 -1416 0 ) (0 -1416 0 ) (0 -1416 128 ) (-128 -1416 128 ) 
4 345 346 (-128 -1408 128 ) (-128 -1152 128 ) (-128 -1152 0 ) (-128 -1408 0 ) 
4 346 355 (-256 -1152 0 ) (-128 -1152 0 ) (-128 -1408 0 ) (-256 -1408 0 ) 
4 347 350 (-128 -1416 128 ) (-128 -1416 0 ) (-128 -1664 0 ) (-128 -1664 128 ) 
4 347 348 (-128 -1664 128 ) (-128 -1664 40 ) (0 -1664 40 ) (0 -1664 128 ) 
4 347 349 (-128 -1664 32 ) (-128 -1664 0 ) (0 -1664 0 ) (0 -1664 32 ) 
4 348 352 (-60 -1672 128 ) (-128 -1672 128 ) (-128 -1672 40 ) (-60 -1672 40 ) 
4 348 351 (-4 -1672 128 ) (-56 -1672 128 ) (-56 -1672 40 ) (-4 -1672 40 ) 
4 348 350 (-128 -1672 40 ) (-128 -1672 128 ) (-128 -1664 128 ) (-128 -1664 40 ) 
4 349 352 (-128 -1672 0 ) (-60 -1672 0 ) (-60 -1672 32 ) (-128 -1672 32 ) 
4 349 351 (-56 -1672 0 ) (-4 -1672 0 ) (-4 -1672 32 ) (-56 -1672 32 ) 
4 349 350 (-128 -1664 0 ) (-128 -1672 0 ) (-128 -1672 32 ) (-128 -1664 32 ) 
4 351 353 (-56 -1676 0 ) (-4 -1676 0 ) (-4 -1676 128 ) (-56 -1676 128 ) 
4 352 353 (-128 -1676 128 ) (-128 -1676 0 ) (-60 -1676 0 ) (-60 -1676 128 ) 
4 353 354 (-128 -1680 0 ) (0 -1680 0 ) (0 -1680 128 ) (-128 -1680 128 ) 
4 354 387 (0 -2048 0 ) (0 -2048 992 ) (-448 -2048 992 ) (-448 -2048 0 ) 
4 354 358 (-256 -2048 0 ) (-448 -2048 0 ) (-448 -1680 0 ) (-256 -1680 0 ) 
4 354 357 (0 -2048 0 ) (-256 -2048 0 ) (-256 -1680 0 ) (0 -1680 0 ) 
4 355 356 (0 -1408 -1 ) (-256 -1408 -1 ) (-256 -1024 -1 ) (0 -1024 -1 ) 
4 357 387 (0 -2048 -16 ) (0 -2048 0 ) (-256 -2048 0 ) (-256 -2048 -16 ) 
4 357 358 (-256 -1680 -16 ) (-256 -2048 -16 ) (-256 -2048 0 ) (-256 -1680 0 ) 
4 358 387 (-256 -2048 0 ) (-448 -2048 0 ) (-448 -2048 -16 ) (-256 -2048 -16 ) 
4 359 362 (-1400 -1024 128 ) (-1400 -1024 0 ) (-1400 -1128 0 ) (-1400 -1128 128 ) 
4 360 361 (-1408 -1128 256 ) (-1408 -1128 952 ) (-1408 -1024 952 ) (-1408 -1024 256 ) 
4 361 362 (-1728 -1128 128 ) (-1728 -1024 128 ) (-1408 -1024 128 ) (-1408 -1128 128 ) 
4 363 383 (-2396 -1024 256 ) (-2396 -1024 128 ) (-2076 -1024 128 ) (-2076 -1024 256 ) 
4 363 377 (-2396 -996 128 ) (-2396 -940 128 ) (-2076 -940 128 ) (-2076 -996 128 ) 
4 363 376 (-2396 -940 128 ) (-2396 -936 128 ) (-2076 -936 128 ) (-2076 -940 128 ) 
4 363 380 (-2076 -1024 128 ) (-2396 -1024 128 ) (-2396 -996 128 ) (-2076 -996 128 ) 
4 363 373 (-2396 -936 128 ) (-2396 -880 128 ) (-2076 -880 128 ) (-2076 -936 128 ) 
4 363 372 (-2396 -880 128 ) (-2396 -792 128 ) (-2076 -792 128 ) (-2076 -880 128 ) 
4 363 368 (-2396 -792 128 ) (-2396 -736 128 ) (-2076 -736 128 ) (-2076 -792 128 ) 
4 363 367 (-2396 -736 128 ) (-2396 -664 128 ) (-2076 -664 128 ) (-2076 -736 128 ) 
4 364 384 (-2396 -1024 256 ) (-2396 -1024 952 ) (-2404 -1024 952 ) (-2404 -1024 256 ) 
4 364 365 (-2404 -1024 952 ) (-2404 -664 952 ) (-2404 -664 256 ) (-2404 -1024 256 ) 
4 365 385 (-2724 -1024 128 ) (-2404 -1024 128 ) (-2404 -1024 952 ) (-2724 -1024 952 ) 
4 365 382 (-2408 -1024 128 ) (-2724 -1024 128 ) (-2724 -664 128 ) (-2408 -664 128 ) 
4 365 379 (-2408 -996 128 ) (-2408 -940 128 ) (-2404 -940 128 ) (-2404 -996 128 ) 
4 365 376 (-2408 -940 128 ) (-2408 -936 128 ) (-2404 -936 128 ) (-2404 -940 128 ) 
4 365 380 (-2404 -1024 128 ) (-2408 -1024 128 ) (-2408 -996 128 ) (-2404 -996 128 ) 
4 365 375 (-2408 -936 128 ) (-2408 -880 128 ) (-2404 -880 128 ) (-2404 -936 128 ) 
4 365 372 (-2408 -880 128 ) (-2408 -792 128 ) (-2404 -792 128 ) (-2404 -880 128 ) 
4 365 370 (-2408 -792 128 ) (-2408 -736 128 ) (-2404 -736 128 ) (-2404 -792 128 ) 
4 365 367 (-2408 -736 128 ) (-2408 -664 128 ) (-2404 -664 128 ) (-2404 -736 128 ) 
4 366 372 (-2076 -808 20 ) (-2076 -808 128 ) (-2076 -792 128 ) (-2076 -792 20 ) 
4 366 381 (-2076 -792 0 ) (-2076 -808 0 ) (-2076 -808 20 ) (-2076 -792 20 ) 
4 366 368 (-2076 -792 8 ) (-2076 -792 128 ) (-2076 -744 128 ) (-2076 -744 8 ) 
4 366 371 (-2076 -744 0 ) (-2076 -792 0 ) (-2076 -792 8 ) (-2076 -744 8 ) 
4 367 382 (-2408 -664 128 ) (-2408 -664 0 ) (-2408 -736 0 ) (-2408 -736 128 ) 
4 367 370 (-2408 -736 128 ) (-2408 -736 8 ) (-2404 -736 8 ) (-2404 -736 128 ) 
4 367 369 (-2404 -736 8 ) (-2400 -736 8 ) (-2400 -736 128 ) (-2404 -736 128 ) 
4 367 368 (-2400 -736 8 ) (-2076 -736 8 ) (-2076 -736 128 ) (-2400 -736 128 ) 
4 367 371 (-2408 -736 8 ) (-2408 -736 0 ) (-2076 -736 0 ) (-2076 -736 8 ) 
4 368 372 (-2076 -792 20 ) (-2076 -792 128 ) (-2400 -792 128 ) (-2400 -792 20 ) 
4 368 381 (-2400 -792 8 ) (-2076 -792 8 ) (-2076 -792 20 ) (-2400 -792 20 ) 
4 368 369 (-2400 -736 128 ) (-2400 -736 8 ) (-2400 -792 8 ) (-2400 -792 128 ) 
4 368 371 (-2076 -792 8 ) (-2400 -792 8 ) (-2400 -736 8 ) (-2076 -736 8 ) 
4 369 372 (-2400 -792 20 ) (-2400 -792 128 ) (-2404 -792 128 ) (-2404 -792 20 ) 
4 369 381 (-2404 -792 8 ) (-2400 -792 8 ) (-2400 -792 20 ) (-2404 -792 20 ) 
4 369 371 (-2400 -792 8 ) (-2404 -792 8 ) (-2404 -736 8 ) (-2400 -736 8 ) 
4 369 370 (-2404 -736 128 ) (-2404 -736 8 ) (-2404 -792 8 ) (-2404 -792 128 ) 
4 370 382 (-2408 -792 8 ) (-2408 -792 128 ) (-2408 -736 128 ) (-2408 -736 8 ) 
4 370 372 (-2408 -792 128 ) (-2408 -792 20 ) (-2404 -792 20 ) (-2404 -792 128 ) 
4 370 381 (-2408 -792 20 ) (-2408 -792 8 ) (-2404 -792 8 ) (-2404 -792 20 ) 
4 370 371 (-2404 -792 8 ) (-2408 -792 8 ) (-2408 -736 8 ) (-2404 -736 8 ) 
4 371 382 (-2408 -736 0 ) (-2408 -792 0 ) (-2408 -792 8 ) (-2408 -736 8 ) 
4 371 381 (-2408 -792 8 ) (-2408 -792 0 ) (-2076 -792 0 ) (-2076 -792 8 ) 
4 372 382 (-2408 -880 128 ) (-2408 -792 128 ) (-2408 -792 20 ) (-2408 -880 20 ) 
4 372 375 (-2408 -880 128 ) (-2408 -880 20 ) (-2404 -880 20 ) (-2404 -880 128 ) 
4 372 374 (-2404 -880 20 ) (-2400 -880 20 ) (-2400 -880 128 ) (-2404 -880 128 ) 
4 372 373 (-2400 -880 20 ) (-2076 -880 20 ) (-2076 -880 128 ) (-2400 -880 128 ) 
4 372 381 (-2408 -880 20 ) (-2408 -792 20 ) (-2076 -792 20 ) (-2076 -880 20 ) 
4 373 376 (-2400 -936 20 ) (-2076 -936 20 ) (-2076 -936 128 ) (-2400 -936 128 ) 
4 373 374 (-2400 -880 128 ) (-2400 -880 20 ) (-2400 -936 20 ) (-2400 -936 128 ) 
4 373 381 (-2400 -880 20 ) (-2076 -880 20 ) (-2076 -936 20 ) (-2400 -936 20 ) 
4 374 376 (-2404 -936 20 ) (-2400 -936 20 ) (-2400 -936 128 ) (-2404 -936 128 ) 
4 374 381 (-2404 -880 20 ) (-2400 -880 20 ) (-2400 -936 20 ) (-2404 -936 20 ) 
4 374 375 (-2404 -880 128 ) (-2404 -880 20 ) (-2404 -936 20 ) (-2404 -936 128 ) 
4 375 382 (-2408 -936 128 ) (-2408 -880 128 ) (-2408 -880 20 ) (-2408 -936 20 ) 
4 375 376 (-2408 -936 128 ) (-2408 -936 20 ) (-2404 -936 20 ) (-2404 -936 128 ) 
4 375 381 (-2408 -936 20 ) (-2408 -880 20 ) (-2404 -880 20 ) (-2404 -936 20 ) 
4 376 382 (-2408 -940 128 ) (-2408 -936 128 ) (-2408 -936 20 ) (-2408 -940 20 ) 
4 376 379 (-2408 -940 128 ) (-2408 -940 20 ) (-2404 -940 20 ) (-2404 -940 128 ) 
4 376 378 (-2404 -940 20 ) (-2400 -940 20 ) (-2400 -940 128 ) (-2404 -940 128 ) 
4 376 377 (-2400 -940 20 ) (-2076 -940 20 ) (-2076 -940 128 ) (-2400 -940 128 ) 
4 376 381 (-2408 -940 20 ) (-2408 -936 20 ) (-2076 -936 20 ) (-2076 -940 20 ) 
4 377 378 (-2400 -940 128 ) (-2400 -940 20 ) (-2400 -996 20 ) (-2400 -996 128 ) 
4 377 381 (-2400 -940 20 ) (-2076 -940 20 ) (-2076 -996 20 ) (-2400 -996 20 ) 
4 377 380 (-2400 -996 20 ) (-2076 -996 20 ) (-2076 -996 128 ) (-2400 -996 128 ) 
4 378 380 (-2404 -996 20 ) (-2400 -996 20 ) (-2400 -996 128 ) (-2404 -996 128 ) 
4 378 381 (-2404 -940 20 ) (-2400 -940 20 ) (-2400 -996 20 ) (-2404 -996 20 ) 
4 378 379 (-2404 -940 128 ) (-2404 -940 20 ) (-2404 -996 20 ) (-2404 -996 128 ) 
4 379 382 (-2408 -996 128 ) (-2408 -940 128 ) (-2408 -940 20 ) (-2408 -996 20 ) 
4 379 380 (-2408 -996 128 ) (-2408 -996 20 ) (-2404 -996 20 ) (-2404 -996 128 ) 
4 379 381 (-2408 -996 20 ) (-2408 -940 20 ) (-2404 -940 20 ) (-2404 -996 20 ) 
4 380 386 (-2396 -1024 128 ) (-2408 -1024 128 ) (-2408 -1024 20 ) (-2396 -1024 20 ) 
4 380 383 (-2076 -1024 128 ) (-2396 -1024 128 ) (-2396 -1024 20 ) (-2076 -1024 20 ) 
4 380 382 (-2408 -1024 20 ) (-2408 -1024 128 ) (-2408 -996 128 ) (-2408 -996 20 ) 
4 380 381 (-2408 -1024 20 ) (-2408 -996 20 ) (-2076 -996 20 ) (-2076 -1024 20 ) 
4 381 386 (-2408 -1024 20 ) (-2408 -1024 0 ) (-2396 -1024 0 ) (-2396 -1024 20 ) 
4 381 383 (-2396 -1024 0 ) (-2076 -1024 0 ) (-2076 -1024 20 ) (-2396 -1024 20 ) 
4 381 382 (-2408 -792 0 ) (-2408 -1024 0 ) (-2408 -1024 20 ) (-2408 -792 20 ) 
4 382 386 (-2408 -1024 128 ) (-2724 -1024 128 ) (-2724 -1024 0 ) (-2408 -1024 0 ) 
4 383 386 (-2396 -1024 128 ) (-2396 -1024 0 ) (-2396 -1128 0 ) (-2396 -1128 128 ) 
4 384 385 (-2404 -1128 256 ) (-2404 -1128 952 ) (-2404 -1024 952 ) (-2404 -1024 256 ) 
4 385 386 (-2724 -1128 128 ) (-2724 -1024 128 ) (-2404 -1024 128 ) (-2404 -1128 128 ) 
