


materialPath: D:\Games\Steam\steamapps\common\team fortress 2\tf\materials
Loading D:\Work\map\cinema_theatron_119060917\maps\cinema_theatron_d_d.vmf
material "sunabouzu/th_wall02" not found.
Material not found!: SUNABOUZU/TH_WALL02
ConVarRef mat_reduceparticles doesn't point to an existing ConVar
material "sunabouzu/plastic_ceiling" not found.
Material not found!: SUNABOUZU/PLASTIC_CEILING
material "sunabouzu/theater_ceiling02" not found.
Material not found!: SUNABOUZU/THEATER_CEILING02
material "sunabouzu/th_wall01a" not found.
Material not found!: SUNABOUZU/TH_WALL01A
material "sunabouzu/theater_ceiling01" not found.
Material not found!: SUNABOUZU/THEATER_CEILING01
material "sunabouzu/theater_tile02" not found.
Material not found!: SUNABOUZU/THEATER_TILE02
material "sunabouzu/theater_tile03" not found.
Material not found!: SUNABOUZU/THEATER_TILE03
material "sunabouzu/suna_plast02" not found.
Material not found!: SUNABOUZU/SUNA_PLAST02
material "sunabouzu/theater_carpet02" not found.
Material not found!: SUNABOUZU/THEATER_CARPET02
material "sunabouzu/suna_plast05" not found.
Material not found!: SUNABOUZU/SUNA_PLAST05
material "sunabouzu/suna_plast01b" not found.
Material not found!: SUNABOUZU/SUNA_PLAST01B
material "sunabouzu/suna_plast01" not found.
Material not found!: SUNABOUZU/SUNA_PLAST01
material "sunabouzu/elevator_floor02" not found.
Material not found!: SUNABOUZU/ELEVATOR_FLOOR02
material "sunabouzu/elevator_floor01" not found.
Material not found!: SUNABOUZU/ELEVATOR_FLOOR01
material "sunabouzu/theater_carpet01" not found.
Material not found!: SUNABOUZU/THEATER_CARPET01
material "sunabouzu/woodfloor" not found.
Material not found!: SUNABOUZU/WOODFLOOR
material "sunabouzu/theater_tile01" not found.
Material not found!: SUNABOUZU/THEATER_TILE01
material "sunabouzu/rain_window" not found.
Material not found!: SUNABOUZU/RAIN_WINDOW
material "sunabouzu/bathroom_floor" not found.
Material not found!: SUNABOUZU/BATHROOM_FLOOR
material "sunabouzu/bathroom_wall" not found.
Material not found!: SUNABOUZU/BATHROOM_WALL
material "wood/woodwall035a" not found.
Material not found!: WOOD/WOODWALL035A
material "sunabouzu/ruined_carpet5" not found.
Material not found!: SUNABOUZU/RUINED_CARPET5
material "wood/ep2_woodfloor02" not found.
Material not found!: WOOD/EP2_WOODFLOOR02
material "wood/ep2_woodwall01" not found.
Material not found!: WOOD/EP2_WOODWALL01
material "wood/ep2_woodfloor01" not found.
Material not found!: WOOD/EP2_WOODFLOOR01
material "tools/toolswhite" not found.
Material not found!: TOOLS/TOOLSWHITE
material "sunabouzu/ceiling_tiles_dirty" not found.
Material not found!: SUNABOUZU/CEILING_TILES_DIRTY
material "sunabouzu/theater_glass" not found.
Material not found!: SUNABOUZU/THEATER_GLASS
material "sunabouzu/theater_tile02_experimental" not found.
Material not found!: SUNABOUZU/THEATER_TILE02_EXPERIMENTAL
material "sunabouzu/theater_tile01_experimental" not found.
Material not found!: SUNABOUZU/THEATER_TILE01_EXPERIMENTAL
material "sunabouzu/suna_carpet02" not found.
Material not found!: SUNABOUZU/SUNA_CARPET02
material "sunabouzu/cabinets_dark2" not found.
Material not found!: SUNABOUZU/CABINETS_DARK2
material "sunabouzu/sound_dampen" not found.
Material not found!: SUNABOUZU/SOUND_DAMPEN
material "sunabouzu/cabinets_dark3" not found.
Material not found!: SUNABOUZU/CABINETS_DARK3
material "sunabouzu/counter" not found.
Material not found!: SUNABOUZU/COUNTER
material "sunabouzu/counter2" not found.
Material not found!: SUNABOUZU/COUNTER2
material "sunabouzu/poster04" not found.
Material not found!: SUNABOUZU/POSTER04
material "wood/ep2_woodsign01" not found.
Material not found!: WOOD/EP2_WOODSIGN01
material "sunabouzu/poster02" not found.
Material not found!: SUNABOUZU/POSTER02
material "sunabouzu/bathroom_sign02" not found.
Material not found!: SUNABOUZU/BATHROOM_SIGN02
material "sunabouzu/bathroom_sign01" not found.
Material not found!: SUNABOUZU/BATHROOM_SIGN01
material "sunabouzu/suna_plast03" not found.
Material not found!: SUNABOUZU/SUNA_PLAST03
material "sunabouzu/suna_plast03b" not found.
Material not found!: SUNABOUZU/SUNA_PLAST03B
material "sunabouzu/poster05" not found.
Material not found!: SUNABOUZU/POSTER05
material "sunabouzu/poster01" not found.
Material not found!: SUNABOUZU/POSTER01
material "sunabouzu/bathroom_divider" not found.
Material not found!: SUNABOUZU/BATHROOM_DIVIDER
material "sunabouzu/poster03" not found.
Material not found!: SUNABOUZU/POSTER03
fixing up env_cubemap materials on brush sides...
0...1...2...3...4...5...6...7...8...9...100...1...2...3...4...5...6...7...8...9...10Processing areas...done (0)
Building Faces...done (0)
Chop Details...done (0)
Find Visible Detail Sides...
Merged 384 detail faces...done (0)
Merging details...done (0)
FixTjuncs...
PruneNodes...
WriteBSP...
done (0)
writing D:\Work\map\cinema_theatron_119060917\maps\cinema_theatron_d_d.prt...Building visibility clusters...
done (0)
Creating default LDR cubemaps for env_cubemap using skybox materials:
   skybox/sky_day01_01*.vmt
 ! Run buildcubemaps in the engine to get the correct cube maps.
Creating default HDR cubemaps for env_cubemap using skybox materials:
   skybox/sky_day01_01*.vmt
 ! Run buildcubemaps in the engine to get the correct cube maps.
Finding displacement neighbors...
Finding lightmap sample positions...
Displacement Alpha : 0...1...2...3...4...5...6...7...8...9...10
material "decals/overlay_light_gradient" not found.
material "decals/overlay_light_guide" not found.
material "decals/bunker_decal08" not found.
material "overlays/bootprint_01" not found.
material "overlays/bootprint_02" not found.
material "overlays/ep2_graffiti03" not found.
material "overlays/paintswatch02a" not found.
material "decals/bunker_decal02" not found.
Building Physics collision data...
done (0) (395846 bytes)
Error loading studio model "models/sunabouzu/th_pillar.mdl"!
Error loading studio model "models/sunabouzu/sign_large.mdl"!
Error loading studio model "models/sunabouzu/display_case02.mdl"!
Error loading studio model "models/sunabouzu/display_case01.mdl"!
Error loading studio model "models/sunabouzu/theater_ceiling.mdl"!
Error loading studio model "models/sunabouzu/theater_front.mdl"!
Error loading studio model "models/sunabouzu/ceiling_lamp.mdl"!
Error loading studio model "models/sunabouzu/lobby_chair.mdl"!
Error loading studio model "models/sunabouzu/lobby_poster.mdl"!
Error loading studio model "models/sunabouzu/theater_table.mdl"!
Error loading studio model "models/sunabouzu/book_single1.mdl"!
Error loading studio model "models/sunabouzu/speaker.mdl"!
Error loading studio model "models/sunabouzu/soda_fountain.mdl"!
Error loading studio model "models/sunabouzu/popcorn_machine.mdl"!
Error loading studio model "models/sunabouzu/bathroom_stall.mdl"!
Error loading studio model "models/sunabouzu/oleg_is_cool.mdl"!
Error loading studio model "models/sunabouzu/old_bedframe.mdl"!
Error loading studio model "models/sunabouzu/mansion_pillar.mdl"!
Error loading studio model "models/sunabouzu/paper_stack.mdl"!
Error loading studio model "models/sunabouzu/shot_glass.mdl"!
Error loading studio model "models/sunabouzu/metal_shelf.mdl"!
Error loading studio model "models/sunabouzu/noir_bottle.mdl"!
Placing detail props : 0...1...2...3...4...5...6...7...8...9...10
Compacting texture/material tables...
Reduced 1157 texinfos to 981
Reduced 130 texdatas to 123 (3525 bytes to 3283)
Writing D:\Work\map\cinema_theatron_119060917\maps\cinema_theatron_d_d.bsp
Wrote ZIP buffer, estimated size 2548318, actual size 2540332
3 seconds elapsed
CMaterialDict::Shutdown m_MissingList count: 55



4 threads
reading d:\work\map\cinema_theatron_119060917\maps\cinema_theatron_d_d.bsp
reading d:\work\map\cinema_theatron_119060917\maps\cinema_theatron_d_d.prt
 306 portalclusters
 645 numportals
0...1...2...3...4...5...6...7...8...9...100...1...2...3...4...5...6...7...8...9...10Optimized: 21 visible clusters (0.22%)
Total clusters visible: 9739
Average clusters visible: 31
Building PAS...
Average clusters audible: 58
visdatasize:14613  compressed from 24480
writing d:\work\map\cinema_theatron_119060917\maps\cinema_theatron_d_d.bsp
0 seconds elapsed



[Reading texlights from 'lights.rad']
[56 texlights parsed from 'lights.rad']

Loading d:\work\map\cinema_theatron_119060917\maps\cinema_theatron_d_d.bsp
2445 faces
282122 square feet [40625672.00 square inches]
0 Displacements
0 Square Feet [0.00 Square Inches]
2445 patches before subdivision
23217 patches after subdivision
32 direct lights
0...1...2...3...4...5...6...7...8...9...100...1...2...3...4...5...6...7...8...9...10transfers 1215218, max 290
transfer lists:   9.3 megs
0...1...2...3...4...5...6...7...8...9...10	Bounce #1 added RGB(0, 0, 0)
Build Patch/Sample Hash Table(s).....Done<0.0052 sec>
0...1...2...3...4...5...6...7...8...9...10FinalLightFace Done
0 of 32 (0% of) surface lights went in leaf ambient cubes.
0...1...2...3...4...5...6...7...8...9...10Writing leaf ambient...done
Ready to Finish

Object names       Objects/Maxobjs  Memory / Maxmem  Fullness 
------------       ---------------  ---------------  -------- 
models                  20/1024          960/49152    ( 2.0%) 
brushes               1151/8192        13812/98304    (14.1%) 
brushsides            8125/65536       65000/524288   (12.4%) 
planes                4134/65536       82680/1310720  ( 6.3%) 
vertexes              4849/65536       58188/786432   ( 7.4%) 
nodes                  871/65536       27872/2097152  ( 1.3%) 
texinfos               981/12288       70632/884736   ( 8.0%) 
texdata                123/2048         3936/65536    ( 6.0%) 
dispinfos                0/0               0/0        ( 0.0%) 
disp_verts               0/0               0/0        ( 0.0%) 
disp_tris                0/0               0/0        ( 0.0%) 
disp_lmsamples           0/0               0/0        ( 0.0%) 
faces                 2445/65536      136920/3670016  ( 3.7%) 
hdr faces                0/65536           0/3670016  ( 0.0%) 
origfaces             1941/65536      108696/3670016  ( 3.0%) 
leaves                 892/65536       28544/2097152  ( 1.4%) 
leaffaces             3124/65536        6248/131072   ( 4.8%) 
leafbrushes           1761/65536        3522/131072   ( 2.7%) 
areas                    9/256            72/2048     ( 3.5%) 
surfedges            19459/512000      77836/2048000  ( 3.8%) 
edges                12548/256000      50192/1024000  ( 4.9%) 
LDR worldlights         32/8192         2816/720896   ( 0.4%) 
HDR worldlights          0/8192            0/720896   ( 0.0%) 
leafwaterdata            0/32768           0/393216   ( 0.0%) 
waterstrips            362/32768        3620/327680   ( 1.1%) 
waterverts               0/65536           0/786432   ( 0.0%) 
waterindices          6696/65536       13392/131072   (10.2%) 
cubemapsamples          23/1024          368/16384    ( 2.2%) 
overlays                91/512         32032/180224   (17.8%) 
LDR lightdata         [variable]      654720/0        ( 0.0%) 
HDR lightdata         [variable]           0/0        ( 0.0%) 
visdata               [variable]       14613/16777216 ( 0.1%) 
entdata               [variable]      164140/393216   (41.7%) 
LDR ambient table      892/65536        3568/262144   ( 1.4%) 
HDR ambient table      892/65536        3568/262144   ( 1.4%) 
LDR leaf ambient       424/65536       11872/1835008  ( 0.6%) 
HDR leaf ambient       892/65536       24976/1835008  ( 1.4%) 
occluders                0/0               0/0        ( 0.0%) 
occluder polygons        0/0               0/0        ( 0.0%) 
occluder vert ind        0/0               0/0        ( 0.0%) 
detail props          [variable]           1/12       ( 8.3%) 
static props          [variable]           1/16578    ( 0.0%) 
pakfile               [variable]     2540332/0        ( 0.0%) 
physics               [variable]      395846/4194304  ( 9.4%) 
physics terrain       [variable]           2/1048576  ( 0.0%) 

Level flags = 0

Total triangle count: 6897
Writing d:\work\map\cinema_theatron_119060917\maps\cinema_theatron_d_d.bsp
3 seconds elapsed



[Reading texlights from 'lights.rad']
[56 texlights parsed from 'lights.rad']

Loading d:\work\map\cinema_theatron_119060917\maps\cinema_theatron_d_d.bsp
2445 faces
282122 square feet [40625672.00 square inches]
0 Displacements
0 Square Feet [0.00 Square Inches]
2445 patches before subdivision
23217 patches after subdivision
32 direct lights
0...1...2...3...4...5...6...7...8...9...100...1...2...3...4...5...6...7...8...9...10transfers 1215218, max 290
transfer lists:   9.3 megs
0...1...2...3...4...5...6...7...8...9...10	Bounce #1 added RGB(0, 0, 0)
Build Patch/Sample Hash Table(s).....Done<0.0052 sec>
0...1...2...3...4...5...6...7...8...9...10FinalLightFace Done
0 of 32 (0% of) surface lights went in leaf ambient cubes.
0...1...2...3...4...5...6...7...8...9...10Writing leaf ambient...done
Ready to Finish

Object names       Objects/Maxobjs  Memory / Maxmem  Fullness 
------------       ---------------  ---------------  -------- 
models                  20/1024          960/49152    ( 2.0%) 
brushes               1151/8192        13812/98304    (14.1%) 
brushsides            8125/65536       65000/524288   (12.4%) 
planes                4134/65536       82680/1310720  ( 6.3%) 
vertexes              4849/65536       58188/786432   ( 7.4%) 
nodes                  871/65536       27872/2097152  ( 1.3%) 
texinfos               981/12288       70632/884736   ( 8.0%) 
texdata                123/2048         3936/65536    ( 6.0%) 
dispinfos                0/0               0/0        ( 0.0%) 
disp_verts               0/0               0/0        ( 0.0%) 
disp_tris                0/0               0/0        ( 0.0%) 
disp_lmsamples           0/0               0/0        ( 0.0%) 
faces                 2445/65536      136920/3670016  ( 3.7%) 
hdr faces             2445/65536      136920/3670016  ( 3.7%) 
origfaces             1941/65536      108696/3670016  ( 3.0%) 
leaves                 892/65536       28544/2097152  ( 1.4%) 
leaffaces             3124/65536        6248/131072   ( 4.8%) 
leafbrushes           1761/65536        3522/131072   ( 2.7%) 
areas                    9/256            72/2048     ( 3.5%) 
surfedges            19459/512000      77836/2048000  ( 3.8%) 
edges                12548/256000      50192/1024000  ( 4.9%) 
LDR worldlights         32/8192         2816/720896   ( 0.4%) 
HDR worldlights         32/8192         2816/720896   ( 0.4%) 
leafwaterdata            0/32768           0/393216   ( 0.0%) 
waterstrips            362/32768        3620/327680   ( 1.1%) 
waterverts               0/65536           0/786432   ( 0.0%) 
waterindices          6696/65536       13392/131072   (10.2%) 
cubemapsamples          23/1024          368/16384    ( 2.2%) 
overlays                91/512         32032/180224   (17.8%) 
LDR lightdata         [variable]      654720/0        ( 0.0%) 
HDR lightdata         [variable]      654720/0        ( 0.0%) 
visdata               [variable]       14613/16777216 ( 0.1%) 
entdata               [variable]      164140/393216   (41.7%) 
LDR ambient table      892/65536        3568/262144   ( 1.4%) 
HDR ambient table      892/65536        3568/262144   ( 1.4%) 
LDR leaf ambient       424/65536       11872/1835008  ( 0.6%) 
HDR leaf ambient       424/65536       11872/1835008  ( 0.6%) 
occluders                0/0               0/0        ( 0.0%) 
occluder polygons        0/0               0/0        ( 0.0%) 
occluder vert ind        0/0               0/0        ( 0.0%) 
detail props          [variable]           1/12       ( 8.3%) 
static props          [variable]           1/16578    ( 0.0%) 
pakfile               [variable]     2540332/0        ( 0.0%) 
physics               [variable]      395846/4194304  ( 9.4%) 
physics terrain       [variable]           2/1048576  ( 0.0%) 

Level flags = 0

Total triangle count: 6897
Writing d:\work\map\cinema_theatron_119060917\maps\cinema_theatron_d_d.bsp
3 seconds elapsed



materialPath: D:\Games\Steam\steamapps\common\team fortress 2\tf\materials
Loading D:\Work\map\cinema_theatron_119060917\maps\cinema_theatron_d_d.vmf
material "wood/woodwall035a" not found.
Material not found!: WOOD/WOODWALL035A
ConVarRef mat_reduceparticles doesn't point to an existing ConVar
material "wood/ep2_woodfloor02" not found.
Material not found!: WOOD/EP2_WOODFLOOR02
material "wood/ep2_woodwall01" not found.
Material not found!: WOOD/EP2_WOODWALL01
material "wood/ep2_woodfloor01" not found.
Material not found!: WOOD/EP2_WOODFLOOR01
material "wood/ep2_woodsign01" not found.
Material not found!: WOOD/EP2_WOODSIGN01
fixing up env_cubemap materials on brush sides...
0...1...2...3...4...5...6...7...8...9...100...1...2...3...4...5...6...7...8...9...10Processing areas...done (0)
Building Faces...done (0)
Chop Details...done (0)
Find Visible Detail Sides...
Merged 384 detail faces...done (0)
Merging details...done (0)
FixTjuncs...
PruneNodes...
WriteBSP...
done (0)
writing D:\Work\map\cinema_theatron_119060917\maps\cinema_theatron_d_d.prt...Building visibility clusters...
done (0)
Creating default LDR cubemaps for env_cubemap using skybox materials:
   skybox/sky_day01_01*.vmt
 ! Run buildcubemaps in the engine to get the correct cube maps.
Creating default HDR cubemaps for env_cubemap using skybox materials:
   skybox/sky_day01_01*.vmt
 ! Run buildcubemaps in the engine to get the correct cube maps.
Finding displacement neighbors...
Finding lightmap sample positions...
Displacement Alpha : 0...1...2...3...4...5...6...7...8...9...10
material "decals/bunker_decal08" not found.
material "overlays/bootprint_01" not found.
material "overlays/bootprint_02" not found.
material "overlays/ep2_graffiti03" not found.
material "overlays/paintswatch02a" not found.
material "decals/bunker_decal02" not found.
Building Physics collision data...
done (1) (395922 bytes)
Placing detail props : 0...1...2...3...4...5...6...7...8...9...10
Compacting texture/material tables...
Reduced 1870 texinfos to 1141
Reduced 277 texdatas to 238 (12567 bytes to 11213)
Writing D:\Work\map\cinema_theatron_119060917\maps\cinema_theatron_d_d.bsp
Wrote ZIP buffer, estimated size 2622043, actual size 2594359
3 seconds elapsed
CMaterialDict::Shutdown m_MissingList count: 11



4 threads
reading d:\work\map\cinema_theatron_119060917\maps\cinema_theatron_d_d.bsp
reading d:\work\map\cinema_theatron_119060917\maps\cinema_theatron_d_d.prt
 384 portalclusters
1046 numportals
0...1...2...3...4...5...6...7...8...9...100...1...2...3...4...5...6...7...8...9...10Optimized: 83 visible clusters (0.40%)
Total clusters visible: 20897
Average clusters visible: 54
Building PAS...
Average clusters audible: 86
visdatasize:21497  compressed from 36864
writing d:\work\map\cinema_theatron_119060917\maps\cinema_theatron_d_d.bsp
0 seconds elapsed



[Reading texlights from 'lights.rad']
[56 texlights parsed from 'lights.rad']

Loading d:\work\map\cinema_theatron_119060917\maps\cinema_theatron_d_d.bsp
2798 faces
289668 square feet [41712260.00 square inches]
0 Displacements
0 Square Feet [0.00 Square Inches]
2798 patches before subdivision
89578 patches after subdivision
34 direct lights
0...1...2...3...4...5...6...7...8...9...100...1...2...3...4...5...6...7...8...9...10transfers 7422228, max 432
transfer lists:  56.6 megs
0...1...2...3...4...5...6...7...8...9...10	Bounce #1 added RGB(10926, 17154, 17386)
0...1...2...3...4...5...6...7...8...9...10	Bounce #2 added RGB(3949, 6199, 6232)
0...1...2...3...4...5...6...7...8...9...10	Bounce #3 added RGB(1165, 1830, 1841)
0...1...2...3...4...5...6...7...8...9...10	Bounce #4 added RGB(410, 642, 644)
0...1...2...3...4...5...6...7...8...9...10	Bounce #5 added RGB(137, 215, 216)
0...1...2...3...4...5...6...7...8...9...10	Bounce #6 added RGB(49, 76, 76)
0...1...2...3...4...5...6...7...8...9...10	Bounce #7 added RGB(17, 27, 27)
0...1...2...3...4...5...6...7...8...9...10	Bounce #8 added RGB(6, 10, 10)
0...1...2...3...4...5...6...7...8...9...10	Bounce #9 added RGB(2, 3, 3)
0...1...2...3...4...5...6...7...8...9...10	Bounce #10 added RGB(1, 1, 1)
0...1...2...3...4...5...6...7...8...9...10	Bounce #11 added RGB(0, 0, 0)
Build Patch/Sample Hash Table(s).....Done<0.0200 sec>
0...1...2...3...4...5...6...7...8...9...10FinalLightFace Done
0 of 32 (0% of) surface lights went in leaf ambient cubes.
0...1...2...3...4...5...6...7...8...9...10Writing leaf ambient...done
Ready to Finish

Object names       Objects/Maxobjs  Memory / Maxmem  Fullness 
------------       ---------------  ---------------  -------- 
models                  20/1024          960/49152    ( 2.0%) 
brushes               1151/8192        13812/98304    (14.1%) 
brushsides            8125/65536       65000/524288   (12.4%) 
planes                4134/65536       82680/1310720  ( 6.3%) 
vertexes              5381/65536       64572/786432   ( 8.2%) 
nodes                  956/65536       30592/2097152  ( 1.5%) 
texinfos              1141/12288       82152/884736   ( 9.3%) 
texdata                238/2048         7616/65536    (11.6%) 
dispinfos                0/0               0/0        ( 0.0%) 
disp_verts               0/0               0/0        ( 0.0%) 
disp_tris                0/0               0/0        ( 0.0%) 
disp_lmsamples           0/0               0/0        ( 0.0%) 
faces                 2798/65536      156688/3670016  ( 4.3%) 
hdr faces                0/65536           0/3670016  ( 0.0%) 
origfaces             1963/65536      109928/3670016  ( 3.0%) 
leaves                 977/65536       31264/2097152  ( 1.5%) 
leaffaces             3653/65536        7306/131072   ( 5.6%) 
leafbrushes           1828/65536        3656/131072   ( 2.8%) 
areas                    9/256            72/2048     ( 3.5%) 
surfedges            21341/512000      85364/2048000  ( 4.2%) 
edges                13613/256000      54452/1024000  ( 5.3%) 
LDR worldlights         34/8192         2992/720896   ( 0.4%) 
HDR worldlights          0/8192            0/720896   ( 0.0%) 
leafwaterdata            0/32768           0/393216   ( 0.0%) 
waterstrips            428/32768        4280/327680   ( 1.3%) 
waterverts               0/65536           0/786432   ( 0.0%) 
waterindices          7701/65536       15402/131072   (11.8%) 
cubemapsamples          23/1024          368/16384    ( 2.2%) 
overlays                91/512         32032/180224   (17.8%) 
LDR lightdata         [variable]     4242396/0        ( 0.0%) 
HDR lightdata         [variable]           0/0        ( 0.0%) 
visdata               [variable]       21497/16777216 ( 0.1%) 
entdata               [variable]      163965/393216   (41.7%) 
LDR ambient table      977/65536        3908/262144   ( 1.5%) 
HDR ambient table      977/65536        3908/262144   ( 1.5%) 
LDR leaf ambient       817/65536       22876/1835008  ( 1.2%) 
HDR leaf ambient       977/65536       27356/1835008  ( 1.5%) 
occluders                0/0               0/0        ( 0.0%) 
occluder polygons        0/0               0/0        ( 0.0%) 
occluder vert ind        0/0               0/0        ( 0.0%) 
detail props          [variable]           1/12       ( 8.3%) 
static props          [variable]           1/26982    ( 0.0%) 
pakfile               [variable]     2594359/0        ( 0.0%) 
physics               [variable]      395922/4194304  ( 9.4%) 
physics terrain       [variable]           2/1048576  ( 0.0%) 

Level flags = 0

Total triangle count: 7985
Writing d:\work\map\cinema_theatron_119060917\maps\cinema_theatron_d_d.bsp
10 seconds elapsed



[Reading texlights from 'lights.rad']
[56 texlights parsed from 'lights.rad']

Loading d:\work\map\cinema_theatron_119060917\maps\cinema_theatron_d_d.bsp
2798 faces
289668 square feet [41712260.00 square inches]
0 Displacements
0 Square Feet [0.00 Square Inches]
2798 patches before subdivision
89578 patches after subdivision
34 direct lights
0...1...2...3...4...5...6...7...8...9...100...1...2...3...4...5...6...7...8...9...10transfers 7422228, max 432
transfer lists:  56.6 megs
0...1...2...3...4...5...6...7...8...9...10	Bounce #1 added RGB(10926, 17154, 17386)
0...1...2...3...4...5...6...7...8...9...10	Bounce #2 added RGB(3949, 6199, 6232)
0...1...2...3...4...5...6...7...8...9...10	Bounce #3 added RGB(1165, 1830, 1841)
0...1...2...3...4...5...6...7...8...9...10	Bounce #4 added RGB(410, 642, 644)
0...1...2...3...4...5...6...7...8...9...10	Bounce #5 added RGB(137, 215, 216)
0...1...2...3...4...5...6...7...8...9...10	Bounce #6 added RGB(49, 76, 76)
0...1...2...3...4...5...6...7...8...9...10	Bounce #7 added RGB(17, 27, 27)
0...1...2...3...4...5...6...7...8...9...10	Bounce #8 added RGB(6, 10, 10)
0...1...2...3...4...5...6...7...8...9...10	Bounce #9 added RGB(2, 3, 3)
0...1...2...3...4...5...6...7...8...9...10	Bounce #10 added RGB(1, 1, 1)
0...1...2...3...4...5...6...7...8...9...10	Bounce #11 added RGB(0, 0, 0)
Build Patch/Sample Hash Table(s).....Done<0.0200 sec>
0...1...2...3...4...5...6...7...8...9...10FinalLightFace Done
0 of 32 (0% of) surface lights went in leaf ambient cubes.
0...1...2...3...4...5...6...7...8...9...10Writing leaf ambient...done
Ready to Finish

Object names       Objects/Maxobjs  Memory / Maxmem  Fullness 
------------       ---------------  ---------------  -------- 
models                  20/1024          960/49152    ( 2.0%) 
brushes               1151/8192        13812/98304    (14.1%) 
brushsides            8125/65536       65000/524288   (12.4%) 
planes                4134/65536       82680/1310720  ( 6.3%) 
vertexes              5381/65536       64572/786432   ( 8.2%) 
nodes                  956/65536       30592/2097152  ( 1.5%) 
texinfos              1141/12288       82152/884736   ( 9.3%) 
texdata                238/2048         7616/65536    (11.6%) 
dispinfos                0/0               0/0        ( 0.0%) 
disp_verts               0/0               0/0        ( 0.0%) 
disp_tris                0/0               0/0        ( 0.0%) 
disp_lmsamples           0/0               0/0        ( 0.0%) 
faces                 2798/65536      156688/3670016  ( 4.3%) 
hdr faces             2798/65536      156688/3670016  ( 4.3%) 
origfaces             1963/65536      109928/3670016  ( 3.0%) 
leaves                 977/65536       31264/2097152  ( 1.5%) 
leaffaces             3653/65536        7306/131072   ( 5.6%) 
leafbrushes           1828/65536        3656/131072   ( 2.8%) 
areas                    9/256            72/2048     ( 3.5%) 
surfedges            21341/512000      85364/2048000  ( 4.2%) 
edges                13613/256000      54452/1024000  ( 5.3%) 
LDR worldlights         34/8192         2992/720896   ( 0.4%) 
HDR worldlights         34/8192         2992/720896   ( 0.4%) 
leafwaterdata            0/32768           0/393216   ( 0.0%) 
waterstrips            428/32768        4280/327680   ( 1.3%) 
waterverts               0/65536           0/786432   ( 0.0%) 
waterindices          7701/65536       15402/131072   (11.8%) 
cubemapsamples          23/1024          368/16384    ( 2.2%) 
overlays                91/512         32032/180224   (17.8%) 
LDR lightdata         [variable]     4242396/0        ( 0.0%) 
HDR lightdata         [variable]     4242396/0        ( 0.0%) 
visdata               [variable]       21497/16777216 ( 0.1%) 
entdata               [variable]      163965/393216   (41.7%) 
LDR ambient table      977/65536        3908/262144   ( 1.5%) 
HDR ambient table      977/65536        3908/262144   ( 1.5%) 
LDR leaf ambient       817/65536       22876/1835008  ( 1.2%) 
HDR leaf ambient       817/65536       22876/1835008  ( 1.2%) 
occluders                0/0               0/0        ( 0.0%) 
occluder polygons        0/0               0/0        ( 0.0%) 
occluder vert ind        0/0               0/0        ( 0.0%) 
detail props          [variable]           1/12       ( 8.3%) 
static props          [variable]           1/26982    ( 0.0%) 
pakfile               [variable]     2594359/0        ( 0.0%) 
physics               [variable]      395922/4194304  ( 9.4%) 
physics terrain       [variable]           2/1048576  ( 0.0%) 

Level flags = 0

Total triangle count: 7985
Writing d:\work\map\cinema_theatron_119060917\maps\cinema_theatron_d_d.bsp
9 seconds elapsed



materialPath: D:\Games\Steam\steamapps\common\team fortress 2\tf\materials
Loading D:\Work\map\cinema_theatron_119060917\maps\cinema_theatron_d_d.vmf
material "wood/woodwall035a" not found.
Material not found!: WOOD/WOODWALL035A
ConVarRef mat_reduceparticles doesn't point to an existing ConVar
material "wood/ep2_woodfloor02" not found.
Material not found!: WOOD/EP2_WOODFLOOR02
material "wood/ep2_woodwall01" not found.
Material not found!: WOOD/EP2_WOODWALL01
material "wood/ep2_woodfloor01" not found.
Material not found!: WOOD/EP2_WOODFLOOR01
material "wood/ep2_woodsign01" not found.
Material not found!: WOOD/EP2_WOODSIGN01
fixing up env_cubemap materials on brush sides...
0...1...2...3...4...5...6...7...8...9...100...1...2...3...4...5...6...7...8...9...10Processing areas...done (0)
Building Faces...done (0)
Chop Details...done (0)
Find Visible Detail Sides...
Merged 384 detail faces...done (0)
Merging details...done (0)
FixTjuncs...
PruneNodes...
WriteBSP...
done (0)
writing D:\Work\map\cinema_theatron_119060917\maps\cinema_theatron_d_d.prt...Building visibility clusters...
done (0)
Creating default LDR cubemaps for env_cubemap using skybox materials:
   skybox/sky_day01_01*.vmt
 ! Run buildcubemaps in the engine to get the correct cube maps.
Creating default HDR cubemaps for env_cubemap using skybox materials:
   skybox/sky_day01_01*.vmt
 ! Run buildcubemaps in the engine to get the correct cube maps.
Finding displacement neighbors...
Finding lightmap sample positions...
Displacement Alpha : 0...1...2...3...4...5...6...7...8...9...10
material "decals/bunker_decal08" not found.
material "overlays/bootprint_01" not found.
material "overlays/bootprint_02" not found.
material "overlays/ep2_graffiti03" not found.
material "overlays/paintswatch02a" not found.
material "decals/bunker_decal02" not found.
Building Physics collision data...
done (1) (395394 bytes)
Placing detail props : 0...1...2...3...4...5...6...7...8...9...10
Compacting texture/material tables...
Reduced 1869 texinfos to 1142
Reduced 277 texdatas to 238 (12567 bytes to 11213)
Writing D:\Work\map\cinema_theatron_119060917\maps\cinema_theatron_d_d.bsp
Wrote ZIP buffer, estimated size 2622043, actual size 2594359
4 seconds elapsed
CMaterialDict::Shutdown m_MissingList count: 11



4 threads
reading d:\work\map\cinema_theatron_119060917\maps\cinema_theatron_d_d.bsp
reading d:\work\map\cinema_theatron_119060917\maps\cinema_theatron_d_d.prt
 384 portalclusters
1046 numportals
0...1...2...3...4...5...6...7...8...9...100...1...2...3...4...5...6...7...8...9...10Optimized: 66 visible clusters (0.32%)
Total clusters visible: 20880
Average clusters visible: 54
Building PAS...
Average clusters audible: 86
visdatasize:21497  compressed from 36864
writing d:\work\map\cinema_theatron_119060917\maps\cinema_theatron_d_d.bsp
0 seconds elapsed



[Reading texlights from 'lights.rad']
[56 texlights parsed from 'lights.rad']

Loading d:\work\map\cinema_theatron_119060917\maps\cinema_theatron_d_d.bsp
2802 faces
289668 square feet [41712260.00 square inches]
0 Displacements
0 Square Feet [0.00 Square Inches]
2802 patches before subdivision
89578 patches after subdivision
34 direct lights
0...1...2...3...4...5...6...7...8...9...100...1...2...3...4...5...6...7...8...9...10transfers 7433969, max 435
transfer lists:  56.7 megs
0...1...2...3...4...5...6...7...8...9...10	Bounce #1 added RGB(10924, 17150, 17383)
0...1...2...3...4...5...6...7...8...9...10	Bounce #2 added RGB(3948, 6197, 6230)
0...1...2...3...4...5...6...7...8...9...10	Bounce #3 added RGB(1165, 1829, 1840)
0...1...2...3...4...5...6...7...8...9...10	Bounce #4 added RGB(409, 642, 643)
0...1...2...3...4...5...6...7...8...9...10	Bounce #5 added RGB(137, 215, 215)
0...1...2...3...4...5...6...7...8...9...10	Bounce #6 added RGB(49, 76, 76)
0...1...2...3...4...5...6...7...8...9...10	Bounce #7 added RGB(17, 27, 27)
0...1...2...3...4...5...6...7...8...9...10	Bounce #8 added RGB(6, 10, 10)
0...1...2...3...4...5...6...7...8...9...10	Bounce #9 added RGB(2, 3, 3)
0...1...2...3...4...5...6...7...8...9...10	Bounce #10 added RGB(1, 1, 1)
0...1...2...3...4...5...6...7...8...9...10	Bounce #11 added RGB(0, 0, 0)
Build Patch/Sample Hash Table(s).....Done<0.0202 sec>
0...1...2...3...4...5...6...7...8...9...10FinalLightFace Done
0 of 32 (0% of) surface lights went in leaf ambient cubes.
0...1...2...3...4...5...6...7...8...9...10Writing leaf ambient...done
Ready to Finish

Object names       Objects/Maxobjs  Memory / Maxmem  Fullness 
------------       ---------------  ---------------  -------- 
models                  20/1024          960/49152    ( 2.0%) 
brushes               1149/8192        13788/98304    (14.0%) 
brushsides            8113/65536       64904/524288   (12.4%) 
planes                4134/65536       82680/1310720  ( 6.3%) 
vertexes              5387/65536       64644/786432   ( 8.2%) 
nodes                  956/65536       30592/2097152  ( 1.5%) 
texinfos              1142/12288       82224/884736   ( 9.3%) 
texdata                238/2048         7616/65536    (11.6%) 
dispinfos                0/0               0/0        ( 0.0%) 
disp_verts               0/0               0/0        ( 0.0%) 
disp_tris                0/0               0/0        ( 0.0%) 
disp_lmsamples           0/0               0/0        ( 0.0%) 
faces                 2802/65536      156912/3670016  ( 4.3%) 
hdr faces                0/65536           0/3670016  ( 0.0%) 
origfaces             1962/65536      109872/3670016  ( 3.0%) 
leaves                 977/65536       31264/2097152  ( 1.5%) 
leaffaces             3650/65536        7300/131072   ( 5.6%) 
leafbrushes           1826/65536        3652/131072   ( 2.8%) 
areas                    9/256            72/2048     ( 3.5%) 
surfedges            21359/512000      85436/2048000  ( 4.2%) 
edges                13631/256000      54524/1024000  ( 5.3%) 
LDR worldlights         34/8192         2992/720896   ( 0.4%) 
HDR worldlights          0/8192            0/720896   ( 0.0%) 
leafwaterdata            0/32768           0/393216   ( 0.0%) 
waterstrips            426/32768        4260/327680   ( 1.3%) 
waterverts               0/65536           0/786432   ( 0.0%) 
waterindices          7671/65536       15342/131072   (11.7%) 
cubemapsamples          23/1024          368/16384    ( 2.2%) 
overlays                91/512         32032/180224   (17.8%) 
LDR lightdata         [variable]     4243436/0        ( 0.0%) 
HDR lightdata         [variable]           0/0        ( 0.0%) 
visdata               [variable]       21497/16777216 ( 0.1%) 
entdata               [variable]      163965/393216   (41.7%) 
LDR ambient table      977/65536        3908/262144   ( 1.5%) 
HDR ambient table      977/65536        3908/262144   ( 1.5%) 
LDR leaf ambient       817/65536       22876/1835008  ( 1.2%) 
HDR leaf ambient       977/65536       27356/1835008  ( 1.5%) 
occluders                0/0               0/0        ( 0.0%) 
occluder polygons        0/0               0/0        ( 0.0%) 
occluder vert ind        0/0               0/0        ( 0.0%) 
detail props          [variable]           1/12       ( 8.3%) 
static props          [variable]           1/26982    ( 0.0%) 
pakfile               [variable]     2594359/0        ( 0.0%) 
physics               [variable]      395394/4194304  ( 9.4%) 
physics terrain       [variable]           2/1048576  ( 0.0%) 

Level flags = 0

Total triangle count: 7999
Writing d:\work\map\cinema_theatron_119060917\maps\cinema_theatron_d_d.bsp
10 seconds elapsed



[Reading texlights from 'lights.rad']
[56 texlights parsed from 'lights.rad']

Loading d:\work\map\cinema_theatron_119060917\maps\cinema_theatron_d_d.bsp
2802 faces
289668 square feet [41712260.00 square inches]
0 Displacements
0 Square Feet [0.00 Square Inches]
2802 patches before subdivision
89578 patches after subdivision
34 direct lights
0...1...2...3...4...5...6...7...8...9...100...1...2...3...4...5...6...7...8...9...10transfers 7433969, max 435
transfer lists:  56.7 megs
0...1...2...3...4...5...6...7...8...9...10	Bounce #1 added RGB(10924, 17150, 17383)
0...1...2...3...4...5...6...7...8...9...10	Bounce #2 added RGB(3948, 6197, 6230)
0...1...2...3...4...5...6...7...8...9...10	Bounce #3 added RGB(1165, 1829, 1840)
0...1...2...3...4...5...6...7...8...9...10	Bounce #4 added RGB(409, 642, 643)
0...1...2...3...4...5...6...7...8...9...10	Bounce #5 added RGB(137, 215, 215)
0...1...2...3...4...5...6...7...8...9...10	Bounce #6 added RGB(49, 76, 76)
0...1...2...3...4...5...6...7...8...9...10	Bounce #7 added RGB(17, 27, 27)
0...1...2...3...4...5...6...7...8...9...10	Bounce #8 added RGB(6, 10, 10)
0...1...2...3...4...5...6...7...8...9...10	Bounce #9 added RGB(2, 3, 3)
0...1...2...3...4...5...6...7...8...9...10	Bounce #10 added RGB(1, 1, 1)
0...1...2...3...4...5...6...7...8...9...10	Bounce #11 added RGB(0, 0, 0)
Build Patch/Sample Hash Table(s).....Done<0.0209 sec>
0...1...2...3...4...5...6...7...8...9...10FinalLightFace Done
0 of 32 (0% of) surface lights went in leaf ambient cubes.
0...1...2...3...4...5...6...7...8...9...10Writing leaf ambient...done
Ready to Finish

Object names       Objects/Maxobjs  Memory / Maxmem  Fullness 
------------       ---------------  ---------------  -------- 
models                  20/1024          960/49152    ( 2.0%) 
brushes               1149/8192        13788/98304    (14.0%) 
brushsides            8113/65536       64904/524288   (12.4%) 
planes                4134/65536       82680/1310720  ( 6.3%) 
vertexes              5387/65536       64644/786432   ( 8.2%) 
nodes                  956/65536       30592/2097152  ( 1.5%) 
texinfos              1142/12288       82224/884736   ( 9.3%) 
texdata                238/2048         7616/65536    (11.6%) 
dispinfos                0/0               0/0        ( 0.0%) 
disp_verts               0/0               0/0        ( 0.0%) 
disp_tris                0/0               0/0        ( 0.0%) 
disp_lmsamples           0/0               0/0        ( 0.0%) 
faces                 2802/65536      156912/3670016  ( 4.3%) 
hdr faces             2802/65536      156912/3670016  ( 4.3%) 
origfaces             1962/65536      109872/3670016  ( 3.0%) 
leaves                 977/65536       31264/2097152  ( 1.5%) 
leaffaces             3650/65536        7300/131072   ( 5.6%) 
leafbrushes           1826/65536        3652/131072   ( 2.8%) 
areas                    9/256            72/2048     ( 3.5%) 
surfedges            21359/512000      85436/2048000  ( 4.2%) 
edges                13631/256000      54524/1024000  ( 5.3%) 
LDR worldlights         34/8192         2992/720896   ( 0.4%) 
HDR worldlights         34/8192         2992/720896   ( 0.4%) 
leafwaterdata            0/32768           0/393216   ( 0.0%) 
waterstrips            426/32768        4260/327680   ( 1.3%) 
waterverts               0/65536           0/786432   ( 0.0%) 
waterindices          7671/65536       15342/131072   (11.7%) 
cubemapsamples          23/1024          368/16384    ( 2.2%) 
overlays                91/512         32032/180224   (17.8%) 
LDR lightdata         [variable]     4243436/0        ( 0.0%) 
HDR lightdata         [variable]     4243436/0        ( 0.0%) 
visdata               [variable]       21497/16777216 ( 0.1%) 
entdata               [variable]      163965/393216   (41.7%) 
LDR ambient table      977/65536        3908/262144   ( 1.5%) 
HDR ambient table      977/65536        3908/262144   ( 1.5%) 
LDR leaf ambient       817/65536       22876/1835008  ( 1.2%) 
HDR leaf ambient       817/65536       22876/1835008  ( 1.2%) 
occluders                0/0               0/0        ( 0.0%) 
occluder polygons        0/0               0/0        ( 0.0%) 
occluder vert ind        0/0               0/0        ( 0.0%) 
detail props          [variable]           1/12       ( 8.3%) 
static props          [variable]           1/26982    ( 0.0%) 
pakfile               [variable]     2594359/0        ( 0.0%) 
physics               [variable]      395394/4194304  ( 9.4%) 
physics terrain       [variable]           2/1048576  ( 0.0%) 

Level flags = 0

Total triangle count: 7999
Writing d:\work\map\cinema_theatron_119060917\maps\cinema_theatron_d_d.bsp
9 seconds elapsed



materialPath: D:\Games\Steam\steamapps\common\team fortress 2\tf\materials
Loading D:\Work\map\cinema_theatron_119060917\maps\cinema_theatron_d_d.vmf
material "wood/woodwall035a" not found.
Material not found!: WOOD/WOODWALL035A
ConVarRef mat_reduceparticles doesn't point to an existing ConVar
material "wood/ep2_woodfloor02" not found.
Material not found!: WOOD/EP2_WOODFLOOR02
material "wood/ep2_woodwall01" not found.
Material not found!: WOOD/EP2_WOODWALL01
material "wood/ep2_woodfloor01" not found.
Material not found!: WOOD/EP2_WOODFLOOR01
material "wood/ep2_woodsign01" not found.
Material not found!: WOOD/EP2_WOODSIGN01
fixing up env_cubemap materials on brush sides...
0...1...2...3...4...5...6...7...8...9...100...1...2...3...4...5...6...7...8...9...10Processing areas...done (0)
Building Faces...done (0)
Chop Details...done (0)
Find Visible Detail Sides...
Merged 384 detail faces...done (0)
Merging details...done (0)
FixTjuncs...
PruneNodes...
WriteBSP...
done (0)
writing D:\Work\map\cinema_theatron_119060917\maps\cinema_theatron_d_d.prt...Building visibility clusters...
done (0)
Creating default LDR cubemaps for env_cubemap using skybox materials:
   skybox/sky_day01_01*.vmt
 ! Run buildcubemaps in the engine to get the correct cube maps.
Creating default HDR cubemaps for env_cubemap using skybox materials:
   skybox/sky_day01_01*.vmt
 ! Run buildcubemaps in the engine to get the correct cube maps.
Finding displacement neighbors...
Finding lightmap sample positions...
Displacement Alpha : 0...1...2...3...4...5...6...7...8...9...10
material "decals/bunker_decal08" not found.
material "overlays/bootprint_01" not found.
material "overlays/bootprint_02" not found.
material "overlays/ep2_graffiti03" not found.
material "overlays/paintswatch02a" not found.
material "decals/bunker_decal02" not found.
Building Physics collision data...
done (0) (384898 bytes)
Placing detail props : 0...1...2...3...4...5...6...7...8...9...10
Compacting texture/material tables...
Reduced 1861 texinfos to 1134
Reduced 274 texdatas to 235 (12409 bytes to 11055)
Writing D:\Work\map\cinema_theatron_119060917\maps\cinema_theatron_d_d.bsp
Wrote ZIP buffer, estimated size 2621016, actual size 2593600
3 seconds elapsed
CMaterialDict::Shutdown m_MissingList count: 11



4 threads
reading d:\work\map\cinema_theatron_119060917\maps\cinema_theatron_d_d.bsp
reading d:\work\map\cinema_theatron_119060917\maps\cinema_theatron_d_d.prt
 388 portalclusters
1053 numportals
0...1...2...3...4...5...6...7...8...9...100...1...2...3...4...5...6...7...8...9...10Optimized: 73 visible clusters (0.34%)
Total clusters visible: 21559
Average clusters visible: 55
Building PAS...
Average clusters audible: 87
visdatasize:22097  compressed from 43456
writing d:\work\map\cinema_theatron_119060917\maps\cinema_theatron_d_d.bsp
0 seconds elapsed



[Reading texlights from 'lights.rad']
[56 texlights parsed from 'lights.rad']

Loading d:\work\map\cinema_theatron_119060917\maps\cinema_theatron_d_d.bsp
2770 faces
289668 square feet [41712260.00 square inches]
0 Displacements
0 Square Feet [0.00 Square Inches]
2770 patches before subdivision
89644 patches after subdivision
2 direct lights
0...1...2...3...4...5...6...7...8...9...100...1...2...3...4...5...6...7...8...9...10transfers 7447224, max 435
transfer lists:  56.8 megs
0...1...2...3...4...5...6...7...8...9...10	Bounce #1 added RGB(0, 0, 0)
Build Patch/Sample Hash Table(s).....Done<0.0210 sec>
0...1...2...3...4...5...6...7...8...9...10FinalLightFace Done
0 of 0 (0% of) surface lights went in leaf ambient cubes.
0...1...2...3...4...5...6...7...8...9...10Writing leaf ambient...done
Ready to Finish

Object names       Objects/Maxobjs  Memory / Maxmem  Fullness 
------------       ---------------  ---------------  -------- 
models                  20/1024          960/49152    ( 2.0%) 
brushes               1117/8192        13404/98304    (13.6%) 
brushsides            7921/65536       63368/524288   (12.1%) 
planes                4130/65536       82600/1310720  ( 6.3%) 
vertexes              5323/65536       63876/786432   ( 8.1%) 
nodes                  959/65536       30688/2097152  ( 1.5%) 
texinfos              1134/12288       81648/884736   ( 9.2%) 
texdata                235/2048         7520/65536    (11.5%) 
dispinfos                0/0               0/0        ( 0.0%) 
disp_verts               0/0               0/0        ( 0.0%) 
disp_tris                0/0               0/0        ( 0.0%) 
disp_lmsamples           0/0               0/0        ( 0.0%) 
faces                 2770/65536      155120/3670016  ( 4.2%) 
hdr faces                0/65536           0/3670016  ( 0.0%) 
origfaces             1933/65536      108248/3670016  ( 2.9%) 
leaves                 980/65536       31360/2097152  ( 1.5%) 
leaffaces             3645/65536        7290/131072   ( 5.6%) 
leafbrushes           1792/65536        3584/131072   ( 2.7%) 
areas                    9/256            72/2048     ( 3.5%) 
surfedges            21055/512000      84220/2048000  ( 4.1%) 
edges                13435/256000      53740/1024000  ( 5.2%) 
LDR worldlights          2/8192          176/720896   ( 0.0%) 
HDR worldlights          0/8192            0/720896   ( 0.0%) 
leafwaterdata            0/32768           0/393216   ( 0.0%) 
waterstrips            421/32768        4210/327680   ( 1.3%) 
waterverts               0/65536           0/786432   ( 0.0%) 
waterindices          7440/65536       14880/131072   (11.4%) 
cubemapsamples          23/1024          368/16384    ( 2.2%) 
overlays                91/512         32032/180224   (17.8%) 
LDR lightdata         [variable]     4243592/0        ( 0.0%) 
HDR lightdata         [variable]           0/0        ( 0.0%) 
visdata               [variable]       22097/16777216 ( 0.1%) 
entdata               [variable]      163965/393216   (41.7%) 
LDR ambient table      980/65536        3920/262144   ( 1.5%) 
HDR ambient table      980/65536        3920/262144   ( 1.5%) 
LDR leaf ambient       507/65536       14196/1835008  ( 0.8%) 
HDR leaf ambient       980/65536       27440/1835008  ( 1.5%) 
occluders                0/0               0/0        ( 0.0%) 
occluder polygons        0/0               0/0        ( 0.0%) 
occluder vert ind        0/0               0/0        ( 0.0%) 
detail props          [variable]           1/12       ( 8.3%) 
static props          [variable]           1/26988    ( 0.0%) 
pakfile               [variable]     2593600/0        ( 0.0%) 
physics               [variable]      384898/4194304  ( 9.2%) 
physics terrain       [variable]           2/1048576  ( 0.0%) 

Level flags = 0

Total triangle count: 7875
Writing d:\work\map\cinema_theatron_119060917\maps\cinema_theatron_d_d.bsp
9 seconds elapsed



[Reading texlights from 'lights.rad']
[56 texlights parsed from 'lights.rad']

Loading d:\work\map\cinema_theatron_119060917\maps\cinema_theatron_d_d.bsp
2770 faces
289668 square feet [41712260.00 square inches]
0 Displacements
0 Square Feet [0.00 Square Inches]
2770 patches before subdivision
89644 patches after subdivision
2 direct lights
0...1...2...3...4...5...6...7...8...9...100...1...2...3...4...5...6...7...8...9...10transfers 7447224, max 435
transfer lists:  56.8 megs
0...1...2...3...4...5...6...7...8...9...10	Bounce #1 added RGB(0, 0, 0)
Build Patch/Sample Hash Table(s).....Done<0.0217 sec>
0...1...2...3...4...5...6...7...8...9...10FinalLightFace Done
0 of 0 (0% of) surface lights went in leaf ambient cubes.
0...1...2...3...4...5...6...7...8...9...10Writing leaf ambient...done
Ready to Finish

Object names       Objects/Maxobjs  Memory / Maxmem  Fullness 
------------       ---------------  ---------------  -------- 
models                  20/1024          960/49152    ( 2.0%) 
brushes               1117/8192        13404/98304    (13.6%) 
brushsides            7921/65536       63368/524288   (12.1%) 
planes                4130/65536       82600/1310720  ( 6.3%) 
vertexes              5323/65536       63876/786432   ( 8.1%) 
nodes                  959/65536       30688/2097152  ( 1.5%) 
texinfos              1134/12288       81648/884736   ( 9.2%) 
texdata                235/2048         7520/65536    (11.5%) 
dispinfos                0/0               0/0        ( 0.0%) 
disp_verts               0/0               0/0        ( 0.0%) 
disp_tris                0/0               0/0        ( 0.0%) 
disp_lmsamples           0/0               0/0        ( 0.0%) 
faces                 2770/65536      155120/3670016  ( 4.2%) 
hdr faces             2770/65536      155120/3670016  ( 4.2%) 
origfaces             1933/65536      108248/3670016  ( 2.9%) 
leaves                 980/65536       31360/2097152  ( 1.5%) 
leaffaces             3645/65536        7290/131072   ( 5.6%) 
leafbrushes           1792/65536        3584/131072   ( 2.7%) 
areas                    9/256            72/2048     ( 3.5%) 
surfedges            21055/512000      84220/2048000  ( 4.1%) 
edges                13435/256000      53740/1024000  ( 5.2%) 
LDR worldlights          2/8192          176/720896   ( 0.0%) 
HDR worldlights          2/8192          176/720896   ( 0.0%) 
leafwaterdata            0/32768           0/393216   ( 0.0%) 
waterstrips            421/32768        4210/327680   ( 1.3%) 
waterverts               0/65536           0/786432   ( 0.0%) 
waterindices          7440/65536       14880/131072   (11.4%) 
cubemapsamples          23/1024          368/16384    ( 2.2%) 
overlays                91/512         32032/180224   (17.8%) 
LDR lightdata         [variable]     4243592/0        ( 0.0%) 
HDR lightdata         [variable]     4243592/0        ( 0.0%) 
visdata               [variable]       22097/16777216 ( 0.1%) 
entdata               [variable]      163965/393216   (41.7%) 
LDR ambient table      980/65536        3920/262144   ( 1.5%) 
HDR ambient table      980/65536        3920/262144   ( 1.5%) 
LDR leaf ambient       507/65536       14196/1835008  ( 0.8%) 
HDR leaf ambient       507/65536       14196/1835008  ( 0.8%) 
occluders                0/0               0/0        ( 0.0%) 
occluder polygons        0/0               0/0        ( 0.0%) 
occluder vert ind        0/0               0/0        ( 0.0%) 
detail props          [variable]           1/12       ( 8.3%) 
static props          [variable]           1/26988    ( 0.0%) 
pakfile               [variable]     2593600/0        ( 0.0%) 
physics               [variable]      384898/4194304  ( 9.2%) 
physics terrain       [variable]           2/1048576  ( 0.0%) 

Level flags = 0

Total triangle count: 7875
Writing d:\work\map\cinema_theatron_119060917\maps\cinema_theatron_d_d.bsp
9 seconds elapsed



materialPath: D:\Games\Steam\steamapps\common\team fortress 2\tf\materials
Loading D:\Work\map\cinema_theatron_119060917\maps\cinema_theatron_d_d.vmf
material "wood/woodwall035a" not found.
Material not found!: WOOD/WOODWALL035A
ConVarRef mat_reduceparticles doesn't point to an existing ConVar
material "wood/ep2_woodfloor02" not found.
Material not found!: WOOD/EP2_WOODFLOOR02
material "wood/ep2_woodwall01" not found.
Material not found!: WOOD/EP2_WOODWALL01
material "wood/ep2_woodfloor01" not found.
Material not found!: WOOD/EP2_WOODFLOOR01
material "wood/ep2_woodsign01" not found.
Material not found!: WOOD/EP2_WOODSIGN01
fixing up env_cubemap materials on brush sides...
0...1...2...3...4...5...6...7...8...9...100...1...2...3...4...5...6...7...8...9...10Processing areas...done (0)
Building Faces...done (0)
Chop Details...done (0)
Find Visible Detail Sides...
Merged 384 detail faces...done (0)
Merging details...done (0)
FixTjuncs...
PruneNodes...
WriteBSP...
done (0)
writing D:\Work\map\cinema_theatron_119060917\maps\cinema_theatron_d_d.prt...Building visibility clusters...
done (0)
Creating default LDR cubemaps for env_cubemap using skybox materials:
   skybox/sky_day01_01*.vmt
 ! Run buildcubemaps in the engine to get the correct cube maps.
Creating default HDR cubemaps for env_cubemap using skybox materials:
   skybox/sky_day01_01*.vmt
 ! Run buildcubemaps in the engine to get the correct cube maps.
Finding displacement neighbors...
Finding lightmap sample positions...
Displacement Alpha : 0...1...2...3...4...5...6...7...8...9...10
material "decals/bunker_decal08" not found.
material "overlays/bootprint_01" not found.
material "overlays/bootprint_02" not found.
material "overlays/ep2_graffiti03" not found.
material "overlays/paintswatch02a" not found.
material "decals/bunker_decal02" not found.
Building Physics collision data...
done (1) (384898 bytes)
Placing detail props : 0...1...2...3...4...5...6...7...8...9...10
Compacting texture/material tables...
Reduced 1861 texinfos to 1134
Reduced 274 texdatas to 235 (12409 bytes to 11055)
Writing D:\Work\map\cinema_theatron_119060917\maps\cinema_theatron_d_d.bsp
Wrote ZIP buffer, estimated size 2621016, actual size 2593600
1 second elapsed
CMaterialDict::Shutdown m_MissingList count: 11



4 threads
reading d:\work\map\cinema_theatron_119060917\maps\cinema_theatron_d_d.bsp
reading d:\work\map\cinema_theatron_119060917\maps\cinema_theatron_d_d.prt
 388 portalclusters
1053 numportals
0...1...2...3...4...5...6...7...8...9...100...1...2...3...4...5...6...7...8...9...10Optimized: 73 visible clusters (0.34%)
Total clusters visible: 21559
Average clusters visible: 55
Building PAS...
Average clusters audible: 87
visdatasize:22097  compressed from 43456
writing d:\work\map\cinema_theatron_119060917\maps\cinema_theatron_d_d.bsp
0 seconds elapsed



[Reading texlights from 'lights.rad']
[56 texlights parsed from 'lights.rad']

Loading d:\work\map\cinema_theatron_119060917\maps\cinema_theatron_d_d.bsp
2770 faces
289668 square feet [41712260.00 square inches]
0 Displacements
0 Square Feet [0.00 Square Inches]
2770 patches before subdivision
89644 patches after subdivision
2 direct lights
0...1...2...3...4...5...6...7...8...9...100...1...2...3...4...5...6...7...8...9...10transfers 7447224, max 435
transfer lists:  56.8 megs
0...1...2...3...4...5...6...7...8...9...10	Bounce #1 added RGB(0, 0, 0)
Build Patch/Sample Hash Table(s).....Done<0.0208 sec>
0...1...2...3...4...5...6...7...8...9...10FinalLightFace Done
0 of 0 (0% of) surface lights went in leaf ambient cubes.
0...1...2...3...4...5...6...7...8...9...10Writing leaf ambient...done
Ready to Finish

Object names       Objects/Maxobjs  Memory / Maxmem  Fullness 
------------       ---------------  ---------------  -------- 
models                  20/1024          960/49152    ( 2.0%) 
brushes               1117/8192        13404/98304    (13.6%) 
brushsides            7921/65536       63368/524288   (12.1%) 
planes                4130/65536       82600/1310720  ( 6.3%) 
vertexes              5323/65536       63876/786432   ( 8.1%) 
nodes                  959/65536       30688/2097152  ( 1.5%) 
texinfos              1134/12288       81648/884736   ( 9.2%) 
texdata                235/2048         7520/65536    (11.5%) 
dispinfos                0/0               0/0        ( 0.0%) 
disp_verts               0/0               0/0        ( 0.0%) 
disp_tris                0/0               0/0        ( 0.0%) 
disp_lmsamples           0/0               0/0        ( 0.0%) 
faces                 2770/65536      155120/3670016  ( 4.2%) 
hdr faces                0/65536           0/3670016  ( 0.0%) 
origfaces             1933/65536      108248/3670016  ( 2.9%) 
leaves                 980/65536       31360/2097152  ( 1.5%) 
leaffaces             3645/65536        7290/131072   ( 5.6%) 
leafbrushes           1792/65536        3584/131072   ( 2.7%) 
areas                    9/256            72/2048     ( 3.5%) 
surfedges            21055/512000      84220/2048000  ( 4.1%) 
edges                13435/256000      53740/1024000  ( 5.2%) 
LDR worldlights          2/8192          176/720896   ( 0.0%) 
HDR worldlights          0/8192            0/720896   ( 0.0%) 
leafwaterdata            0/32768           0/393216   ( 0.0%) 
waterstrips            421/32768        4210/327680   ( 1.3%) 
waterverts               0/65536           0/786432   ( 0.0%) 
waterindices          7440/65536       14880/131072   (11.4%) 
cubemapsamples          23/1024          368/16384    ( 2.2%) 
overlays                91/512         32032/180224   (17.8%) 
LDR lightdata         [variable]     4243592/0        ( 0.0%) 
HDR lightdata         [variable]           0/0        ( 0.0%) 
visdata               [variable]       22097/16777216 ( 0.1%) 
entdata               [variable]      163965/393216   (41.7%) 
LDR ambient table      980/65536        3920/262144   ( 1.5%) 
HDR ambient table      980/65536        3920/262144   ( 1.5%) 
LDR leaf ambient       507/65536       14196/1835008  ( 0.8%) 
HDR leaf ambient       980/65536       27440/1835008  ( 1.5%) 
occluders                0/0               0/0        ( 0.0%) 
occluder polygons        0/0               0/0        ( 0.0%) 
occluder vert ind        0/0               0/0        ( 0.0%) 
detail props          [variable]           1/12       ( 8.3%) 
static props          [variable]           1/26988    ( 0.0%) 
pakfile               [variable]     2593600/0        ( 0.0%) 
physics               [variable]      384898/4194304  ( 9.2%) 
physics terrain       [variable]           2/1048576  ( 0.0%) 

Level flags = 0

Total triangle count: 7875
Writing d:\work\map\cinema_theatron_119060917\maps\cinema_theatron_d_d.bsp
8 seconds elapsed



[Reading texlights from 'lights.rad']
[56 texlights parsed from 'lights.rad']

Loading d:\work\map\cinema_theatron_119060917\maps\cinema_theatron_d_d.bsp
2770 faces
289668 square feet [41712260.00 square inches]
0 Displacements
0 Square Feet [0.00 Square Inches]
2770 patches before subdivision
89644 patches after subdivision
2 direct lights
0...1...2...3...4...5...6...7...8...9...100...1...2...3...4...5...6...7...8...9...10transfers 7447224, max 435
transfer lists:  56.8 megs
0...1...2...3...4...5...6...7...8...9...10	Bounce #1 added RGB(0, 0, 0)
Build Patch/Sample Hash Table(s).....Done<0.0218 sec>
0...1...2...3...4...5...6...7...8...9...10FinalLightFace Done
0 of 0 (0% of) surface lights went in leaf ambient cubes.
0...1...2...3...4...5...6...7...8...9...10Writing leaf ambient...done
Ready to Finish

Object names       Objects/Maxobjs  Memory / Maxmem  Fullness 
------------       ---------------  ---------------  -------- 
models                  20/1024          960/49152    ( 2.0%) 
brushes               1117/8192        13404/98304    (13.6%) 
brushsides            7921/65536       63368/524288   (12.1%) 
planes                4130/65536       82600/1310720  ( 6.3%) 
vertexes              5323/65536       63876/786432   ( 8.1%) 
nodes                  959/65536       30688/2097152  ( 1.5%) 
texinfos              1134/12288       81648/884736   ( 9.2%) 
texdata                235/2048         7520/65536    (11.5%) 
dispinfos                0/0               0/0        ( 0.0%) 
disp_verts               0/0               0/0        ( 0.0%) 
disp_tris                0/0               0/0        ( 0.0%) 
disp_lmsamples           0/0               0/0        ( 0.0%) 
faces                 2770/65536      155120/3670016  ( 4.2%) 
hdr faces             2770/65536      155120/3670016  ( 4.2%) 
origfaces             1933/65536      108248/3670016  ( 2.9%) 
leaves                 980/65536       31360/2097152  ( 1.5%) 
leaffaces             3645/65536        7290/131072   ( 5.6%) 
leafbrushes           1792/65536        3584/131072   ( 2.7%) 
areas                    9/256            72/2048     ( 3.5%) 
surfedges            21055/512000      84220/2048000  ( 4.1%) 
edges                13435/256000      53740/1024000  ( 5.2%) 
LDR worldlights          2/8192          176/720896   ( 0.0%) 
HDR worldlights          2/8192          176/720896   ( 0.0%) 
leafwaterdata            0/32768           0/393216   ( 0.0%) 
waterstrips            421/32768        4210/327680   ( 1.3%) 
waterverts               0/65536           0/786432   ( 0.0%) 
waterindices          7440/65536       14880/131072   (11.4%) 
cubemapsamples          23/1024          368/16384    ( 2.2%) 
overlays                91/512         32032/180224   (17.8%) 
LDR lightdata         [variable]     4243592/0        ( 0.0%) 
HDR lightdata         [variable]     4243592/0        ( 0.0%) 
visdata               [variable]       22097/16777216 ( 0.1%) 
entdata               [variable]      163965/393216   (41.7%) 
LDR ambient table      980/65536        3920/262144   ( 1.5%) 
HDR ambient table      980/65536        3920/262144   ( 1.5%) 
LDR leaf ambient       507/65536       14196/1835008  ( 0.8%) 
HDR leaf ambient       507/65536       14196/1835008  ( 0.8%) 
occluders                0/0               0/0        ( 0.0%) 
occluder polygons        0/0               0/0        ( 0.0%) 
occluder vert ind        0/0               0/0        ( 0.0%) 
detail props          [variable]           1/12       ( 8.3%) 
static props          [variable]           1/26988    ( 0.0%) 
pakfile               [variable]     2593600/0        ( 0.0%) 
physics               [variable]      384898/4194304  ( 9.2%) 
physics terrain       [variable]           2/1048576  ( 0.0%) 

Level flags = 0

Total triangle count: 7875
Writing d:\work\map\cinema_theatron_119060917\maps\cinema_theatron_d_d.bsp
9 seconds elapsed
