PRT1
19
39
4 0 1 (0 606 0 ) (0 606 528 ) (0 862 528 ) (0 862 0 ) 
4 1 2 (-256 606 0 ) (0 606 0 ) (0 606 528 ) (-256 606 528 ) 
4 2 6 (-136.002014 606 0 ) (-120 606 0 ) (-120 246 0 ) (-136.002670 246 0 ) 
4 2 5 (-248 246 0 ) (0 246 0 ) (0 246 416 ) (-248 246 416 ) 
3 2 4 (-229.334656 246 416 ) (-216.989410 246 416 ) (-239.303818 246 430.953217 ) 
5 2 3 (0 246 416 ) (0 246 528 ) (-256 246 528 ) (-256 246 442.141571 ) (-216.989410 246 416 ) 
4 3 8 (0 0 416 ) (0 0 528 ) (-384.125031 0 528 ) (-216.989380 0 416 ) 
4 3 5 (0 0 416 ) (-216.989410 0 416 ) (-216.989380 246 416 ) (0 246 416 ) 
4 3 4 (-239.307770 246 430.959137 ) (-216.984375 246 416 ) (-216.984375 0 416 ) (-239.308960 0 430.959930 ) 
3 4 9 (-229.335327 0 416 ) (-216.989380 0 416 ) (-239.305038 0 430.954041 ) 
4 4 5 (-216.989410 0 416 ) (-229.335327 0 416 ) (-229.334656 246 416 ) (-216.989380 246 416 ) 
4 5 10 (0 0 0 ) (0 0 416 ) (-248 0 416 ) (-248 0 0 ) 
4 5 6 (-120 0 0 ) (-136.003143 0 0 ) (-136.002686 246 0 ) (-120 246 0 ) 
4 6 16 (-120 0 0 ) (-136.003128 0 0 ) (-133.003174 0 -3 ) (-123 0 -3 ) 
4 6 7 (-123 0 -3 ) (-133.003113 0 -3 ) (-133.002014 606 -3 ) (-123 606 -3 ) 
4 7 18 (-123 0 -3 ) (-133.003113 0 -3 ) (-132.003113 0 -4 ) (-124 0 -4 ) 
4 8 12 (-184 -256 416 ) (-72 -256 416 ) (-72 -256 528 ) (-184 -256 528 ) 
4 8 11 (-72 -256 416 ) (0 -256 416 ) (0 -256 528 ) (-72 -256 528 ) 
5 8 15 (-216.989380 -256 416 ) (-184 -256 416 ) (-184 -256 528 ) (-256 -256 528 ) (-256 -256 442.141571 ) 
4 8 10 (0 -256 416 ) (-216.989410 -256 416 ) (-216.989380 0 416 ) (0 0 416 ) 
4 8 9 (-239.309036 0 430.960022 ) (-216.984375 0 416 ) (-216.984375 -256 416 ) (-239.310257 -256 430.960846 ) 
3 9 15 (-229.335999 -256 416 ) (-216.989380 -256 416 ) (-239.306274 -256 430.954865 ) 
4 9 10 (-216.989410 -256 416 ) (-229.335999 -256 416 ) (-229.335327 0 416 ) (-216.989380 0 416 ) 
4 10 16 (-136.003143 0 0 ) (-120 0 0 ) (-120 -256 0 ) (-136.003616 -256 0 ) 
4 10 12 (-184 -256 0 ) (-72 -256 0 ) (-72 -256 416 ) (-184 -256 416 ) 
4 10 11 (-72 -256 0 ) (0 -256 0 ) (0 -256 416 ) (-72 -256 416 ) 
4 10 15 (-248 -256 0 ) (-184 -256 0 ) (-184 -256 416 ) (-248 -256 416 ) 
3 11 13 (-72 -370 0 ) (-72 -418 0 ) (-72 -418 48 ) 
5 11 12 (-72 -418 528 ) (-72 -256 528 ) (-72 -256 0 ) (-72 -370 0 ) (-72 -418 48 ) 
4 11 14 (-72 -474 528 ) (-72 -418 528 ) (-72 -418 0 ) (-72 -474 0 ) 
4 12 16 (-136.003601 -256 0 ) (-120 -256 0 ) (-120 -352 0 ) (-136.003784 -352 0 ) 
4 12 14 (-184 -418 528 ) (-184 -418 48 ) (-72 -418 48 ) (-72 -418 528 ) 
5 12 15 (-184 -418 528 ) (-184 -256 528 ) (-184 -256 0 ) (-184 -370 0 ) (-184 -418 48 ) 
4 12 13 (-72 -369.998627 0 ) (-72 -418 48.001949 ) (-184 -418 48.001945 ) (-184 -369.998047 0 ) 
4 13 14 (-184 -418 48 ) (-184 -418 0 ) (-72 -418 0 ) (-72 -418 48 ) 
3 13 15 (-184 -370 0 ) (-184 -418 0 ) (-184 -418 48 ) 
4 14 17 (-100 -474 160 ) (-156 -474 160 ) (-156 -474 48 ) (-100 -474 48 ) 
4 14 15 (-184 -474 528 ) (-184 -418 528 ) (-184 -418 0 ) (-184 -474 0 ) 
4 16 18 (-133.003174 0 -3 ) (-123 0 -3 ) (-123 -352 -3 ) (-133.003769 -352 -3 ) 
